<?xml version="1.0" encoding="UTF-8"?>
<coverage generated="1759787215335" clover="3.2.0">
  <project timestamp="1759787215335" name="All files">
    <metrics statements="109" coveredstatements="92" conditionals="82" coveredconditionals="62" methods="35" coveredmethods="32" elements="226" coveredelements="186" complexity="0" loc="109" ncloc="109" packages="1" files="2" classes="2"/>
    <file name="App.tsx" path="/Users/zhuzhu/eclipse-workspace/CS5500Exercise/source/lessons/lesson-05/wordle-testing-app/src/App.tsx">
      <metrics statements="103" coveredstatements="86" conditionals="82" coveredconditionals="62" methods="33" coveredmethods="30"/>
      <line num="1" count="1" type="stmt"/>
      <line num="2" count="1" type="stmt"/>
      <line num="21" count="1" type="stmt"/>
      <line num="40" count="1" type="stmt"/>
      <line num="43" count="56" type="stmt"/>
      <line num="52" count="55" type="stmt"/>
      <line num="53" count="55" type="stmt"/>
      <line num="56" count="55" type="stmt"/>
      <line num="57" count="15" type="stmt"/>
      <line num="58" count="15" type="stmt"/>
      <line num="59" count="450" type="stmt"/>
      <line num="62" count="15" type="stmt"/>
      <line num="70" count="15" type="stmt"/>
      <line num="74" count="55" type="stmt"/>
      <line num="75" count="14" type="stmt"/>
      <line num="79" count="55" type="stmt"/>
      <line num="80" count="37" type="stmt"/>
      <line num="81" count="37" type="stmt"/>
      <line num="82" count="37" type="stmt"/>
      <line num="87" count="55" type="stmt"/>
      <line num="88" count="0" type="stmt"/>
      <line num="89" count="0" type="stmt"/>
      <line num="93" count="55" type="stmt"/>
      <line num="94" count="0" type="cond" truecount="0" falsecount="1"/>
      <line num="96" count="0" type="stmt"/>
      <line num="98" count="0" type="cond" truecount="0" falsecount="2"/>
      <line num="99" count="0" type="stmt"/>
      <line num="100" count="0" type="cond" truecount="0" falsecount="2"/>
      <line num="101" count="0" type="stmt"/>
      <line num="102" count="0" type="cond" truecount="0" falsecount="1"/>
      <line num="103" count="0" type="stmt"/>
      <line num="108" count="55" type="stmt"/>
      <line num="109" count="20" type="cond" truecount="0" falsecount="1"/>
      <line num="111" count="20" type="stmt"/>
      <line num="112" count="20" type="cond" truecount="1" falsecount="0"/>
      <line num="113" count="20" type="stmt"/>
      <line num="118" count="55" type="stmt"/>
      <line num="119" count="1" type="cond" truecount="0" falsecount="1"/>
      <line num="121" count="1" type="stmt"/>
      <line num="128" count="55" type="stmt"/>
      <line num="129" count="10" type="cond" truecount="1" falsecount="1"/>
      <line num="130" count="0" type="stmt"/>
      <line num="131" count="10" type="cond" truecount="2" falsecount="0"/>
      <line num="132" count="1" type="stmt"/>
      <line num="134" count="9" type="stmt"/>
      <line num="139" count="55" type="stmt"/>
      <line num="140" count="3" type="cond" truecount="0" falsecount="1"/>
      <line num="142" count="3" type="stmt"/>
      <line num="145" count="3" type="cond" truecount="0" falsecount="1"/>
      <line num="146" count="0" type="stmt"/>
      <line num="147" count="0" type="stmt"/>
      <line num="151" count="3" type="cond" truecount="1" falsecount="0"/>
      <line num="152" count="1" type="stmt"/>
      <line num="153" count="1" type="stmt"/>
      <line num="157" count="10" type="stmt"/>
      <line num="163" count="2" type="stmt"/>
      <line num="164" count="2" type="stmt"/>
      <line num="166" count="2" type="stmt"/>
      <line num="167" count="2" type="cond" truecount="1" falsecount="1"/>
      <line num="169" count="2" type="stmt"/>
      <line num="178" count="2" type="cond" truecount="1" falsecount="1"/>
      <line num="179" count="0" type="stmt"/>
      <line num="180" count="2" type="cond" truecount="1" falsecount="1"/>
      <line num="181" count="0" type="stmt"/>
      <line num="183" count="2" type="stmt"/>
      <line num="188" count="55" type="stmt"/>
      <line num="189" count="2676" type="cond" truecount="3" falsecount="1"/>
      <line num="190" count="0" type="stmt"/>
      <line num="191" count="4" type="stmt"/>
      <line num="192" count="30" type="stmt"/>
      <line num="193" count="2642" type="stmt"/>
      <line num="198" count="55" type="stmt"/>
      <line num="199" count="55" type="stmt"/>
      <line num="200" count="55" type="stmt"/>
      <line num="201" count="2" type="stmt"/>
      <line num="202" count="10" type="cond" truecount="5" falsecount="1"/>
      <line num="203" count="8" type="stmt"/>
      <line num="207" count="55" type="stmt"/>
      <line num="210" count="55" type="stmt"/>
      <line num="213" count="55" type="stmt"/>
      <line num="220" count="55" type="stmt"/>
      <line num="221" count="1540" type="cond" truecount="3" falsecount="0"/>
      <line num="222" count="1430" type="cond" truecount="2" falsecount="0"/>
      <line num="225" count="55" type="stmt"/>
      <line num="251" count="1" type="stmt"/>
      <line num="259" count="1" type="stmt"/>
      <line num="282" count="246" type="stmt"/>
      <line num="285" count="1230" type="stmt"/>
      <line num="326" count="275" type="stmt"/>
      <line num="359" count="8" type="stmt"/>
      <line num="388" count="165" type="stmt"/>
      <line num="400" count="1540" type="cond" truecount="2" falsecount="0"/>
      <line num="401" count="1540" type="stmt"/>
      <line num="402" count="1540" type="cond" truecount="3" falsecount="0"/>
      <line num="405" count="1540" type="stmt"/>
      <line num="412" count="24" type="cond" truecount="2" falsecount="0"/>
      <line num="413" count="3" type="stmt"/>
      <line num="414" count="21" type="cond" truecount="2" falsecount="0"/>
      <line num="415" count="1" type="stmt"/>
      <line num="417" count="20" type="stmt"/>
      <line num="458" count="0" type="stmt"/>
      <line num="481" count="1" type="stmt"/>
      <line num="492" count="1" type="stmt"/>
    </file>
    <file name="wordLists.ts" path="/Users/zhuzhu/eclipse-workspace/CS5500Exercise/source/lessons/lesson-05/wordle-testing-app/src/wordLists.ts">
      <metrics statements="6" coveredstatements="6" conditionals="0" coveredconditionals="0" methods="2" coveredmethods="2"/>
      <line num="1" count="1" type="stmt"/>
      <line num="76" count="1" type="stmt"/>
      <line num="77" count="15" type="stmt"/>
      <line num="78" count="15" type="stmt"/>
      <line num="81" count="1" type="stmt"/>
      <line num="82" count="3" type="stmt"/>
    </file>
  </project>
</coverage>
