{"/Users/zhuzhu/eclipse-workspace/CS5500Exercise/source/lessons/lesson-05/wordle-testing-app/src/App.tsx": {"path":"/Users/zhuzhu/eclipse-workspace/CS5500Exercise/source/lessons/lesson-05/wordle-testing-app/src/App.tsx","statementMap":{"0":{"start":{"line":1,"column":0},"end":{"line":1,"column":64}},"1":{"start":{"line":2,"column":0},"end":{"line":2,"column":null}},"2":{"start":{"line":21,"column":0},"end":{"line":21,"column":57}},"3":{"start":{"line":40,"column":20},"end":{"line":40,"column":21}},"4":{"start":{"line":43,"column":36},"end":{"line":50,"column":4}},"5":{"start":{"line":52,"column":50},"end":{"line":52,"column":65}},"6":{"start":{"line":53,"column":32},"end":{"line":53,"column":44}},"7":{"start":{"line":56,"column":25},"end":{"line":71,"column":8}},"8":{"start":{"line":57,"column":23},"end":{"line":57,"column":48}},"9":{"start":{"line":58,"column":25},"end":{"line":59,"column":null}},"10":{"start":{"line":59,"column":6},"end":{"line":59,"column":95}},"11":{"start":{"line":59,"column":46},"end":{"line":59,"column":93}},"12":{"start":{"line":62,"column":4},"end":{"line":69,"column":7}},"13":{"start":{"line":70,"column":4},"end":{"line":70,"column":19}},"14":{"start":{"line":74,"column":2},"end":{"line":76,"column":23}},"15":{"start":{"line":75,"column":4},"end":{"line":75,"column":22}},"16":{"start":{"line":79,"column":2},"end":{"line":84,"column":75}},"17":{"start":{"line":80,"column":4},"end":{"line":80,"column":56}},"18":{"start":{"line":81,"column":4},"end":{"line":83,"column":6}},"19":{"start":{"line":82,"column":6},"end":{"line":82,"column":61}},"20":{"start":{"line":87,"column":33},"end":{"line":90,"column":3}},"21":{"start":{"line":88,"column":22},"end":{"line":88,"column":54}},"22":{"start":{"line":89,"column":4},"end":{"line":89,"column":30}},"23":{"start":{"line":93,"column":24},"end":{"line":105,"column":3}},"24":{"start":{"line":94,"column":4},"end":{"line":94,"column":51}},"25":{"start":{"line":94,"column":44},"end":{"line":94,"column":51}},"26":{"start":{"line":96,"column":16},"end":{"line":96,"column":39}},"27":{"start":{"line":98,"column":4},"end":{"line":104,"column":5}},"28":{"start":{"line":99,"column":6},"end":{"line":99,"column":20}},"29":{"start":{"line":100,"column":11},"end":{"line":104,"column":5}},"30":{"start":{"line":101,"column":6},"end":{"line":101,"column":24}},"31":{"start":{"line":102,"column":11},"end":{"line":104,"column":5}},"32":{"start":{"line":103,"column":6},"end":{"line":103,"column":29}},"33":{"start":{"line":108,"column":28},"end":{"line":115,"column":3}},"34":{"start":{"line":109,"column":4},"end":{"line":109,"column":51}},"35":{"start":{"line":109,"column":44},"end":{"line":109,"column":51}},"36":{"start":{"line":111,"column":21},"end":{"line":111,"column":52}},"37":{"start":{"line":112,"column":4},"end":{"line":114,"column":5}},"38":{"start":{"line":113,"column":6},"end":{"line":113,"column":66}},"39":{"start":{"line":113,"column":28},"end":{"line":113,"column":63}},"40":{"start":{"line":118,"column":26},"end":{"line":125,"column":3}},"41":{"start":{"line":119,"column":4},"end":{"line":119,"column":51}},"42":{"start":{"line":119,"column":44},"end":{"line":119,"column":51}},"43":{"start":{"line":121,"column":4},"end":{"line":124,"column":8}},"44":{"start":{"line":121,"column":26},"end":{"line":124,"column":6}},"45":{"start":{"line":128,"column":28},"end":{"line":136,"column":3}},"46":{"start":{"line":129,"column":4},"end":{"line":135,"column":5}},"47":{"start":{"line":130,"column":6},"end":{"line":130,"column":23}},"48":{"start":{"line":131,"column":11},"end":{"line":135,"column":5}},"49":{"start":{"line":132,"column":6},"end":{"line":132,"column":23}},"50":{"start":{"line":134,"column":6},"end":{"line":134,"column":22}},"51":{"start":{"line":139,"column":22},"end":{"line":185,"column":3}},"52":{"start":{"line":140,"column":4},"end":{"line":140,"column":51}},"53":{"start":{"line":140,"column":44},"end":{"line":140,"column":51}},"54":{"start":{"line":142,"column":18},"end":{"line":142,"column":40}},"55":{"start":{"line":145,"column":4},"end":{"line":148,"column":5}},"56":{"start":{"line":146,"column":6},"end":{"line":146,"column":70}},"57":{"start":{"line":147,"column":6},"end":{"line":147,"column":13}},"58":{"start":{"line":151,"column":4},"end":{"line":154,"column":5}},"59":{"start":{"line":152,"column":6},"end":{"line":152,"column":37}},"60":{"start":{"line":153,"column":6},"end":{"line":153,"column":13}},"61":{"start":{"line":157,"column":40},"end":{"line":160,"column":7}},"62":{"start":{"line":157,"column":80},"end":{"line":160,"column":6}},"63":{"start":{"line":163,"column":23},"end":{"line":163,"column":45}},"64":{"start":{"line":164,"column":4},"end":{"line":164,"column":52}},"65":{"start":{"line":166,"column":18},"end":{"line":166,"column":48}},"66":{"start":{"line":167,"column":19},"end":{"line":167,"column":68}},"67":{"start":{"line":169,"column":4},"end":{"line":175,"column":8}},"68":{"start":{"line":169,"column":26},"end":{"line":175,"column":6}},"69":{"start":{"line":178,"column":4},"end":{"line":184,"column":5}},"70":{"start":{"line":179,"column":6},"end":{"line":179,"column":46}},"71":{"start":{"line":180,"column":11},"end":{"line":184,"column":5}},"72":{"start":{"line":181,"column":6},"end":{"line":181,"column":69}},"73":{"start":{"line":183,"column":6},"end":{"line":183,"column":21}},"74":{"start":{"line":188,"column":25},"end":{"line":195,"column":3}},"75":{"start":{"line":189,"column":4},"end":{"line":194,"column":5}},"76":{"start":{"line":190,"column":22},"end":{"line":190,"column":39}},"77":{"start":{"line":191,"column":22},"end":{"line":191,"column":39}},"78":{"start":{"line":192,"column":21},"end":{"line":192,"column":38}},"79":{"start":{"line":193,"column":20},"end":{"line":193,"column":37}},"80":{"start":{"line":198,"column":25},"end":{"line":208,"column":3}},"81":{"start":{"line":199,"column":50},"end":{"line":199,"column":52}},"82":{"start":{"line":200,"column":4},"end":{"line":206,"column":7}},"83":{"start":{"line":201,"column":6},"end":{"line":205,"column":9}},"84":{"start":{"line":202,"column":8},"end":{"line":204,"column":9}},"85":{"start":{"line":203,"column":10},"end":{"line":203,"column":32}},"86":{"start":{"line":207,"column":4},"end":{"line":207,"column":16}},"87":{"start":{"line":210,"column":22},"end":{"line":210,"column":38}},"88":{"start":{"line":213,"column":23},"end":{"line":217,"column":4}},"89":{"start":{"line":220,"column":23},"end":{"line":223,"column":3}},"90":{"start":{"line":221,"column":4},"end":{"line":221,"column":69}},"91":{"start":{"line":221,"column":54},"end":{"line":221,"column":69}},"92":{"start":{"line":222,"column":4},"end":{"line":222,"column":42}},"93":{"start":{"line":225,"column":2},"end":{"line":489,"column":4}},"94":{"start":{"line":251,"column":29},"end":{"line":251,"column":65}},"95":{"start":{"line":259,"column":29},"end":{"line":259,"column":54}},"96":{"start":{"line":282,"column":14},"end":{"line":282,"column":null}},"97":{"start":{"line":285,"column":20},"end":{"line":286,"column":null}},"98":{"start":{"line":326,"column":16},"end":{"line":327,"column":null}},"99":{"start":{"line":359,"column":14},"end":{"line":360,"column":null}},"100":{"start":{"line":388,"column":12},"end":{"line":389,"column":null}},"101":{"start":{"line":400,"column":37},"end":{"line":400,"column":75}},"102":{"start":{"line":401,"column":34},"end":{"line":401,"column":51}},"103":{"start":{"line":402,"column":35},"end":{"line":403,"column":93}},"104":{"start":{"line":405,"column":16},"end":{"line":448,"column":18}},"105":{"start":{"line":412,"column":22},"end":{"line":418,"column":23}},"106":{"start":{"line":413,"column":24},"end":{"line":413,"column":38}},"107":{"start":{"line":414,"column":29},"end":{"line":418,"column":23}},"108":{"start":{"line":415,"column":24},"end":{"line":415,"column":42}},"109":{"start":{"line":417,"column":24},"end":{"line":417,"column":47}},"110":{"start":{"line":458,"column":23},"end":{"line":458,"column":49}},"111":{"start":{"line":481,"column":27},"end":{"line":481,"column":53}},"112":{"start":{"line":492,"column":0},"end":{"line":492,"column":19}}},"fnMap":{"0":{"name":"App","decl":{"start":{"line":42,"column":9},"end":{"line":42,"column":12}},"loc":{"start":{"line":42,"column":12},"end":{"line":490,"column":1}}},"1":{"name":"(anonymous_1)","decl":{"start":{"line":56,"column":37},"end":{"line":56,"column":38}},"loc":{"start":{"line":56,"column":64},"end":{"line":71,"column":3}}},"2":{"name":"(anonymous_2)","decl":{"start":{"line":58,"column":59},"end":{"line":58,"column":62}},"loc":{"start":{"line":59,"column":6},"end":{"line":59,"column":95}}},"3":{"name":"(anonymous_3)","decl":{"start":{"line":59,"column":39},"end":{"line":59,"column":42}},"loc":{"start":{"line":59,"column":46},"end":{"line":59,"column":93}}},"4":{"name":"(anonymous_4)","decl":{"start":{"line":74,"column":12},"end":{"line":74,"column":15}},"loc":{"start":{"line":74,"column":17},"end":{"line":76,"column":3}}},"5":{"name":"(anonymous_5)","decl":{"start":{"line":79,"column":12},"end":{"line":79,"column":15}},"loc":{"start":{"line":79,"column":17},"end":{"line":84,"column":3}}},"6":{"name":"(anonymous_6)","decl":{"start":{"line":81,"column":11},"end":{"line":81,"column":14}},"loc":{"start":{"line":81,"column":16},"end":{"line":83,"column":5}}},"7":{"name":"(anonymous_7)","decl":{"start":{"line":87,"column":33},"end":{"line":87,"column":34}},"loc":{"start":{"line":87,"column":74},"end":{"line":90,"column":3}}},"8":{"name":"(anonymous_8)","decl":{"start":{"line":93,"column":24},"end":{"line":93,"column":25}},"loc":{"start":{"line":93,"column":49},"end":{"line":105,"column":3}}},"9":{"name":"(anonymous_9)","decl":{"start":{"line":108,"column":28},"end":{"line":108,"column":29}},"loc":{"start":{"line":108,"column":47},"end":{"line":115,"column":3}}},"10":{"name":"(anonymous_10)","decl":{"start":{"line":113,"column":19},"end":{"line":113,"column":23}},"loc":{"start":{"line":113,"column":28},"end":{"line":113,"column":63}}},"11":{"name":"(anonymous_11)","decl":{"start":{"line":118,"column":26},"end":{"line":118,"column":29}},"loc":{"start":{"line":118,"column":31},"end":{"line":125,"column":3}}},"12":{"name":"(anonymous_12)","decl":{"start":{"line":121,"column":17},"end":{"line":121,"column":21}},"loc":{"start":{"line":121,"column":26},"end":{"line":124,"column":6}}},"13":{"name":"(anonymous_13)","decl":{"start":{"line":128,"column":28},"end":{"line":128,"column":29}},"loc":{"start":{"line":128,"column":99},"end":{"line":136,"column":3}}},"14":{"name":"(anonymous_14)","decl":{"start":{"line":139,"column":22},"end":{"line":139,"column":25}},"loc":{"start":{"line":139,"column":27},"end":{"line":185,"column":3}}},"15":{"name":"(anonymous_15)","decl":{"start":{"line":157,"column":60},"end":{"line":157,"column":61}},"loc":{"start":{"line":157,"column":80},"end":{"line":160,"column":6}}},"16":{"name":"(anonymous_16)","decl":{"start":{"line":169,"column":17},"end":{"line":169,"column":21}},"loc":{"start":{"line":169,"column":26},"end":{"line":175,"column":6}}},"17":{"name":"(anonymous_17)","decl":{"start":{"line":188,"column":25},"end":{"line":188,"column":26}},"loc":{"start":{"line":188,"column":50},"end":{"line":195,"column":3}}},"18":{"name":"(anonymous_18)","decl":{"start":{"line":198,"column":25},"end":{"line":198,"column":28}},"loc":{"start":{"line":198,"column":30},"end":{"line":208,"column":3}}},"19":{"name":"(anonymous_19)","decl":{"start":{"line":200,"column":61},"end":{"line":200,"column":66}},"loc":{"start":{"line":200,"column":69},"end":{"line":206,"column":5}}},"20":{"name":"(anonymous_20)","decl":{"start":{"line":201,"column":20},"end":{"line":201,"column":21}},"loc":{"start":{"line":201,"column":43},"end":{"line":205,"column":7}}},"21":{"name":"(anonymous_21)","decl":{"start":{"line":220,"column":23},"end":{"line":220,"column":24}},"loc":{"start":{"line":220,"column":56},"end":{"line":223,"column":3}}},"22":{"name":"(anonymous_22)","decl":{"start":{"line":251,"column":23},"end":{"line":251,"column":26}},"loc":{"start":{"line":251,"column":29},"end":{"line":251,"column":65}}},"23":{"name":"(anonymous_23)","decl":{"start":{"line":259,"column":23},"end":{"line":259,"column":26}},"loc":{"start":{"line":259,"column":29},"end":{"line":259,"column":54}}},"24":{"name":"(anonymous_24)","decl":{"start":{"line":281,"column":35},"end":{"line":281,"column":36}},"loc":{"start":{"line":282,"column":14},"end":{"line":282,"column":null}}},"25":{"name":"(anonymous_25)","decl":{"start":{"line":284,"column":29},"end":{"line":284,"column":30}},"loc":{"start":{"line":285,"column":20},"end":{"line":286,"column":null}}},"26":{"name":"(anonymous_26)","decl":{"start":{"line":325,"column":58},"end":{"line":325,"column":59}},"loc":{"start":{"line":326,"column":16},"end":{"line":327,"column":null}}},"27":{"name":"(anonymous_27)","decl":{"start":{"line":358,"column":45},"end":{"line":358,"column":46}},"loc":{"start":{"line":359,"column":14},"end":{"line":360,"column":null}}},"28":{"name":"(anonymous_28)","decl":{"start":{"line":387,"column":28},"end":{"line":387,"column":29}},"loc":{"start":{"line":388,"column":12},"end":{"line":389,"column":null}}},"29":{"name":"(anonymous_29)","decl":{"start":{"line":399,"column":23},"end":{"line":399,"column":24}},"loc":{"start":{"line":399,"column":31},"end":{"line":449,"column":15}}},"30":{"name":"(anonymous_30)","decl":{"start":{"line":411,"column":29},"end":{"line":411,"column":32}},"loc":{"start":{"line":411,"column":34},"end":{"line":419,"column":21}}},"31":{"name":"(anonymous_31)","decl":{"start":{"line":458,"column":17},"end":{"line":458,"column":20}},"loc":{"start":{"line":458,"column":23},"end":{"line":458,"column":49}}},"32":{"name":"(anonymous_32)","decl":{"start":{"line":481,"column":21},"end":{"line":481,"column":24}},"loc":{"start":{"line":481,"column":27},"end":{"line":481,"column":53}}}},"branchMap":{"0":{"loc":{"start":{"line":94,"column":4},"end":{"line":94,"column":51}},"type":"if","locations":[{"start":{"line":94,"column":4},"end":{"line":94,"column":51}}]},"1":{"loc":{"start":{"line":98,"column":4},"end":{"line":104,"column":5}},"type":"if","locations":[{"start":{"line":98,"column":4},"end":{"line":104,"column":5}},{"start":{"line":100,"column":11},"end":{"line":104,"column":5}}]},"2":{"loc":{"start":{"line":100,"column":11},"end":{"line":104,"column":5}},"type":"if","locations":[{"start":{"line":100,"column":11},"end":{"line":104,"column":5}},{"start":{"line":102,"column":11},"end":{"line":104,"column":5}}]},"3":{"loc":{"start":{"line":102,"column":11},"end":{"line":104,"column":5}},"type":"if","locations":[{"start":{"line":102,"column":11},"end":{"line":104,"column":5}}]},"4":{"loc":{"start":{"line":109,"column":4},"end":{"line":109,"column":51}},"type":"if","locations":[{"start":{"line":109,"column":4},"end":{"line":109,"column":51}}]},"5":{"loc":{"start":{"line":112,"column":4},"end":{"line":114,"column":5}},"type":"if","locations":[{"start":{"line":112,"column":4},"end":{"line":114,"column":5}}]},"6":{"loc":{"start":{"line":119,"column":4},"end":{"line":119,"column":51}},"type":"if","locations":[{"start":{"line":119,"column":4},"end":{"line":119,"column":51}}]},"7":{"loc":{"start":{"line":129,"column":4},"end":{"line":135,"column":5}},"type":"if","locations":[{"start":{"line":129,"column":4},"end":{"line":135,"column":5}},{"start":{"line":131,"column":11},"end":{"line":135,"column":5}}]},"8":{"loc":{"start":{"line":131,"column":11},"end":{"line":135,"column":5}},"type":"if","locations":[{"start":{"line":131,"column":11},"end":{"line":135,"column":5}},{"start":{"line":133,"column":11},"end":{"line":135,"column":5}}]},"9":{"loc":{"start":{"line":140,"column":4},"end":{"line":140,"column":51}},"type":"if","locations":[{"start":{"line":140,"column":4},"end":{"line":140,"column":51}}]},"10":{"loc":{"start":{"line":145,"column":4},"end":{"line":148,"column":5}},"type":"if","locations":[{"start":{"line":145,"column":4},"end":{"line":148,"column":5}}]},"11":{"loc":{"start":{"line":151,"column":4},"end":{"line":154,"column":5}},"type":"if","locations":[{"start":{"line":151,"column":4},"end":{"line":154,"column":5}}]},"12":{"loc":{"start":{"line":167,"column":19},"end":{"line":167,"column":68}},"type":"binary-expr","locations":[{"start":{"line":167,"column":19},"end":{"line":167,"column":58}},{"start":{"line":167,"column":62},"end":{"line":167,"column":68}}]},"13":{"loc":{"start":{"line":174,"column":18},"end":{"line":174,"column":61}},"type":"cond-expr","locations":[{"start":{"line":174,"column":26},"end":{"line":174,"column":31}},{"start":{"line":174,"column":34},"end":{"line":174,"column":61}}]},"14":{"loc":{"start":{"line":174,"column":34},"end":{"line":174,"column":61}},"type":"cond-expr","locations":[{"start":{"line":174,"column":43},"end":{"line":174,"column":49}},{"start":{"line":174,"column":52},"end":{"line":174,"column":61}}]},"15":{"loc":{"start":{"line":178,"column":4},"end":{"line":184,"column":5}},"type":"if","locations":[{"start":{"line":178,"column":4},"end":{"line":184,"column":5}},{"start":{"line":180,"column":11},"end":{"line":184,"column":5}}]},"16":{"loc":{"start":{"line":180,"column":11},"end":{"line":184,"column":5}},"type":"if","locations":[{"start":{"line":180,"column":11},"end":{"line":184,"column":5}},{"start":{"line":182,"column":11},"end":{"line":184,"column":5}}]},"17":{"loc":{"start":{"line":189,"column":4},"end":{"line":194,"column":5}},"type":"switch","locations":[{"start":{"line":190,"column":6},"end":{"line":190,"column":39}},{"start":{"line":191,"column":6},"end":{"line":191,"column":39}},{"start":{"line":192,"column":6},"end":{"line":192,"column":38}},{"start":{"line":193,"column":6},"end":{"line":193,"column":37}}]},"18":{"loc":{"start":{"line":202,"column":8},"end":{"line":204,"column":9}},"type":"if","locations":[{"start":{"line":202,"column":8},"end":{"line":204,"column":9}}]},"19":{"loc":{"start":{"line":202,"column":12},"end":{"line":202,"column":116}},"type":"binary-expr","locations":[{"start":{"line":202,"column":12},"end":{"line":202,"column":18}},{"start":{"line":202,"column":23},"end":{"line":202,"column":36}},{"start":{"line":202,"column":40},"end":{"line":202,"column":60}},{"start":{"line":202,"column":65},"end":{"line":202,"column":85}},{"start":{"line":202,"column":89},"end":{"line":202,"column":114}}]},"20":{"loc":{"start":{"line":221,"column":4},"end":{"line":221,"column":69}},"type":"if","locations":[{"start":{"line":221,"column":4},"end":{"line":221,"column":69}}]},"21":{"loc":{"start":{"line":221,"column":8},"end":{"line":221,"column":52}},"type":"binary-expr","locations":[{"start":{"line":221,"column":8},"end":{"line":221,"column":26}},{"start":{"line":221,"column":30},"end":{"line":221,"column":52}}]},"22":{"loc":{"start":{"line":222,"column":11},"end":{"line":222,"column":41}},"type":"binary-expr","locations":[{"start":{"line":222,"column":11},"end":{"line":222,"column":30}},{"start":{"line":222,"column":34},"end":{"line":222,"column":41}}]},"23":{"loc":{"start":{"line":268,"column":9},"end":{"line":275,"column":null}},"type":"binary-expr","locations":[{"start":{"line":268,"column":9},"end":{"line":268,"column":16}},{"start":{"line":269,"column":10},"end":{"line":274,"column":null}}]},"24":{"loc":{"start":{"line":270,"column":22},"end":{"line":270,"column":120}},"type":"cond-expr","locations":[{"start":{"line":270,"column":55},"end":{"line":270,"column":64}},{"start":{"line":270,"column":67},"end":{"line":270,"column":120}}]},"25":{"loc":{"start":{"line":270,"column":67},"end":{"line":270,"column":120}},"type":"cond-expr","locations":[{"start":{"line":270,"column":101},"end":{"line":270,"column":108}},{"start":{"line":270,"column":111},"end":{"line":270,"column":120}}]},"26":{"loc":{"start":{"line":295,"column":31},"end":{"line":295,"column":78}},"type":"cond-expr","locations":[{"start":{"line":295,"column":63},"end":{"line":295,"column":69}},{"start":{"line":295,"column":72},"end":{"line":295,"column":78}}]},"27":{"loc":{"start":{"line":311,"column":9},"end":{"line":349,"column":null}},"type":"binary-expr","locations":[{"start":{"line":311,"column":9},"end":{"line":311,"column":43}},{"start":{"line":312,"column":10},"end":{"line":348,"column":null}}]},"28":{"loc":{"start":{"line":342,"column":19},"end":{"line":342,"column":54}},"type":"binary-expr","locations":[{"start":{"line":342,"column":19},"end":{"line":342,"column":48}},{"start":{"line":342,"column":52},"end":{"line":342,"column":54}}]},"29":{"loc":{"start":{"line":395,"column":20},"end":{"line":395,"column":42}},"type":"cond-expr","locations":[{"start":{"line":395,"column":37},"end":{"line":395,"column":38}},{"start":{"line":395,"column":41},"end":{"line":395,"column":42}}]},"30":{"loc":{"start":{"line":400,"column":37},"end":{"line":400,"column":75}},"type":"binary-expr","locations":[{"start":{"line":400,"column":37},"end":{"line":400,"column":52}},{"start":{"line":400,"column":56},"end":{"line":400,"column":75}}]},"31":{"loc":{"start":{"line":402,"column":35},"end":{"line":403,"column":93}},"type":"binary-expr","locations":[{"start":{"line":402,"column":35},"end":{"line":402,"column":69}},{"start":{"line":403,"column":19},"end":{"line":403,"column":34}},{"start":{"line":403,"column":38},"end":{"line":403,"column":92}}]},"32":{"loc":{"start":{"line":412,"column":22},"end":{"line":418,"column":23}},"type":"if","locations":[{"start":{"line":412,"column":22},"end":{"line":418,"column":23}},{"start":{"line":414,"column":29},"end":{"line":418,"column":23}}]},"33":{"loc":{"start":{"line":414,"column":29},"end":{"line":418,"column":23}},"type":"if","locations":[{"start":{"line":414,"column":29},"end":{"line":418,"column":23}},{"start":{"line":416,"column":29},"end":{"line":418,"column":23}}]},"34":{"loc":{"start":{"line":422,"column":32},"end":{"line":422,"column":54}},"type":"cond-expr","locations":[{"start":{"line":422,"column":47},"end":{"line":422,"column":49}},{"start":{"line":422,"column":52},"end":{"line":422,"column":54}}]},"35":{"loc":{"start":{"line":424,"column":32},"end":{"line":424,"column":64}},"type":"cond-expr","locations":[{"start":{"line":424,"column":47},"end":{"line":424,"column":55}},{"start":{"line":424,"column":58},"end":{"line":424,"column":64}}]},"36":{"loc":{"start":{"line":426,"column":39},"end":{"line":428,"column":51}},"type":"cond-expr","locations":[{"start":{"line":427,"column":26},"end":{"line":427,"column":35}},{"start":{"line":428,"column":26},"end":{"line":428,"column":51}}]},"37":{"loc":{"start":{"line":429,"column":29},"end":{"line":429,"column":85}},"type":"cond-expr","locations":[{"start":{"line":429,"column":70},"end":{"line":429,"column":76}},{"start":{"line":429,"column":79},"end":{"line":429,"column":85}}]},"38":{"loc":{"start":{"line":429,"column":29},"end":{"line":429,"column":67}},"type":"binary-expr","locations":[{"start":{"line":429,"column":29},"end":{"line":429,"column":50}},{"start":{"line":429,"column":54},"end":{"line":429,"column":67}}]},"39":{"loc":{"start":{"line":430,"column":30},"end":{"line":430,"column":82}},"type":"cond-expr","locations":[{"start":{"line":430,"column":54},"end":{"line":430,"column":73}},{"start":{"line":430,"column":76},"end":{"line":430,"column":82}}]},"40":{"loc":{"start":{"line":432,"column":41},"end":{"line":436,"column":55}},"type":"cond-expr","locations":[{"start":{"line":433,"column":28},"end":{"line":433,"column":37}},{"start":{"line":434,"column":28},"end":{"line":436,"column":55}}]},"41":{"loc":{"start":{"line":434,"column":28},"end":{"line":436,"column":55}},"type":"cond-expr","locations":[{"start":{"line":435,"column":30},"end":{"line":435,"column":39}},{"start":{"line":436,"column":30},"end":{"line":436,"column":55}}]},"42":{"loc":{"start":{"line":446,"column":21},"end":{"line":446,"column":52}},"type":"cond-expr","locations":[{"start":{"line":446,"column":43},"end":{"line":446,"column":46}},{"start":{"line":446,"column":49},"end":{"line":446,"column":52}}]}},"s":{"0":1,"1":1,"2":1,"3":1,"4":56,"5":55,"6":55,"7":55,"8":15,"9":15,"10":90,"11":450,"12":15,"13":15,"14":55,"15":14,"16":55,"17":37,"18":37,"19":37,"20":55,"21":0,"22":0,"23":55,"24":0,"25":0,"26":0,"27":0,"28":0,"29":0,"30":0,"31":0,"32":0,"33":55,"34":20,"35":0,"36":20,"37":20,"38":20,"39":20,"40":55,"41":1,"42":0,"43":1,"44":1,"45":55,"46":10,"47":0,"48":10,"49":1,"50":9,"51":55,"52":3,"53":0,"54":3,"55":3,"56":0,"57":0,"58":3,"59":1,"60":1,"61":2,"62":10,"63":2,"64":2,"65":2,"66":2,"67":2,"68":2,"69":2,"70":0,"71":2,"72":0,"73":2,"74":55,"75":2676,"76":0,"77":4,"78":30,"79":2642,"80":55,"81":55,"82":55,"83":2,"84":10,"85":8,"86":55,"87":55,"88":55,"89":55,"90":1540,"91":110,"92":1430,"93":55,"94":1,"95":1,"96":246,"97":1230,"98":275,"99":8,"100":165,"101":1540,"102":1540,"103":1540,"104":1540,"105":24,"106":3,"107":21,"108":1,"109":20,"110":0,"111":1,"112":1},"f":{"0":56,"1":15,"2":90,"3":450,"4":14,"5":37,"6":37,"7":0,"8":0,"9":20,"10":20,"11":1,"12":1,"13":10,"14":3,"15":10,"16":2,"17":2676,"18":55,"19":2,"20":10,"21":1540,"22":1,"23":1,"24":246,"25":1230,"26":275,"27":8,"28":165,"29":1540,"30":24,"31":0,"32":1},"b":{"0":[0],"1":[0,0],"2":[0,0],"3":[0],"4":[0],"5":[20],"6":[0],"7":[0,10],"8":[1,9],"9":[0],"10":[0],"11":[1],"12":[2,0],"13":[0,2],"14":[0,2],"15":[0,2],"16":[0,2],"17":[0,4,30,2642],"18":[8],"19":[10,10,2,2,0],"20":[110],"21":[1540,1485],"22":[1430,1422],"23":[55,1],"24":[0,1],"25":[0,1],"26":[1220,10],"27":[55,55],"28":[275,215],"29":[55,110],"30":[1540,1485],"31":[1540,1540,55],"32":[3,21],"33":[1,20],"34":[110,1430],"35":[110,1430],"36":[110,1430],"37":[1422,118],"38":[1540,1532],"39":[1532,8],"40":[110,1430],"41":[1422,8],"42":[55,1485]}}
,"/Users/zhuzhu/eclipse-workspace/CS5500Exercise/source/lessons/lesson-05/wordle-testing-app/src/wordLists.ts": {"path":"/Users/zhuzhu/eclipse-workspace/CS5500Exercise/source/lessons/lesson-05/wordle-testing-app/src/wordLists.ts","statementMap":{"0":{"start":{"line":1,"column":13},"end":{"line":74,"column":2}},"1":{"start":{"line":76,"column":29},"end":{"line":79,"column":1}},"2":{"start":{"line":77,"column":16},"end":{"line":77,"column":34}},"3":{"start":{"line":78,"column":2},"end":{"line":78,"column":57}},"4":{"start":{"line":76,"column":13},"end":{"line":76,"column":29}},"5":{"start":{"line":81,"column":27},"end":{"line":83,"column":1}},"6":{"start":{"line":82,"column":2},"end":{"line":82,"column":57}},"7":{"start":{"line":81,"column":13},"end":{"line":81,"column":27}}},"fnMap":{"0":{"name":"(anonymous_0)","decl":{"start":{"line":76,"column":29},"end":{"line":76,"column":30}},"loc":{"start":{"line":76,"column":59},"end":{"line":79,"column":1}}},"1":{"name":"(anonymous_1)","decl":{"start":{"line":81,"column":27},"end":{"line":81,"column":28}},"loc":{"start":{"line":81,"column":72},"end":{"line":83,"column":1}}}},"branchMap":{},"s":{"0":1,"1":1,"2":15,"3":15,"4":1,"5":1,"6":3,"7":1},"f":{"0":15,"1":3},"b":{}}
}
