TN:
SF:src/App.tsx
FN:42,App
FN:56,(anonymous_1)
FN:58,(anonymous_2)
FN:59,(anonymous_3)
FN:74,(anonymous_4)
FN:79,(anonymous_5)
FN:81,(anonymous_6)
FN:87,(anonymous_7)
FN:93,(anonymous_8)
FN:108,(anonymous_9)
FN:113,(anonymous_10)
FN:118,(anonymous_11)
FN:121,(anonymous_12)
FN:128,(anonymous_13)
FN:139,(anonymous_14)
FN:157,(anonymous_15)
FN:169,(anonymous_16)
FN:188,(anonymous_17)
FN:198,(anonymous_18)
FN:200,(anonymous_19)
FN:201,(anonymous_20)
FN:220,(anonymous_21)
FN:251,(anonymous_22)
FN:259,(anonymous_23)
FN:281,(anonymous_24)
FN:284,(anonymous_25)
FN:325,(anonymous_26)
FN:358,(anonymous_27)
FN:387,(anonymous_28)
FN:399,(anonymous_29)
FN:411,(anonymous_30)
FN:458,(anonymous_31)
FN:481,(anonymous_32)
FNF:33
FNH:30
FNDA:56,App
FNDA:15,(anonymous_1)
FNDA:90,(anonymous_2)
FNDA:450,(anonymous_3)
FNDA:14,(anonymous_4)
FNDA:37,(anonymous_5)
FNDA:37,(anonymous_6)
FNDA:0,(anonymous_7)
FNDA:0,(anonymous_8)
FNDA:20,(anonymous_9)
FNDA:20,(anonymous_10)
FNDA:1,(anonymous_11)
FNDA:1,(anonymous_12)
FNDA:10,(anonymous_13)
FNDA:3,(anonymous_14)
FNDA:10,(anonymous_15)
FNDA:2,(anonymous_16)
FNDA:2676,(anonymous_17)
FNDA:55,(anonymous_18)
FNDA:2,(anonymous_19)
FNDA:10,(anonymous_20)
FNDA:1540,(anonymous_21)
FNDA:1,(anonymous_22)
FNDA:1,(anonymous_23)
FNDA:246,(anonymous_24)
FNDA:1230,(anonymous_25)
FNDA:275,(anonymous_26)
FNDA:8,(anonymous_27)
FNDA:165,(anonymous_28)
FNDA:1540,(anonymous_29)
FNDA:24,(anonymous_30)
FNDA:0,(anonymous_31)
FNDA:1,(anonymous_32)
DA:1,1
DA:2,1
DA:21,1
DA:40,1
DA:43,56
DA:52,55
DA:53,55
DA:56,55
DA:57,15
DA:58,15
DA:59,450
DA:62,15
DA:70,15
DA:74,55
DA:75,14
DA:79,55
DA:80,37
DA:81,37
DA:82,37
DA:87,55
DA:88,0
DA:89,0
DA:93,55
DA:94,0
DA:96,0
DA:98,0
DA:99,0
DA:100,0
DA:101,0
DA:102,0
DA:103,0
DA:108,55
DA:109,20
DA:111,20
DA:112,20
DA:113,20
DA:118,55
DA:119,1
DA:121,1
DA:128,55
DA:129,10
DA:130,0
DA:131,10
DA:132,1
DA:134,9
DA:139,55
DA:140,3
DA:142,3
DA:145,3
DA:146,0
DA:147,0
DA:151,3
DA:152,1
DA:153,1
DA:157,10
DA:163,2
DA:164,2
DA:166,2
DA:167,2
DA:169,2
DA:178,2
DA:179,0
DA:180,2
DA:181,0
DA:183,2
DA:188,55
DA:189,2676
DA:190,0
DA:191,4
DA:192,30
DA:193,2642
DA:198,55
DA:199,55
DA:200,55
DA:201,2
DA:202,10
DA:203,8
DA:207,55
DA:210,55
DA:213,55
DA:220,55
DA:221,1540
DA:222,1430
DA:225,55
DA:251,1
DA:259,1
DA:282,246
DA:285,1230
DA:326,275
DA:359,8
DA:388,165
DA:400,1540
DA:401,1540
DA:402,1540
DA:405,1540
DA:412,24
DA:413,3
DA:414,21
DA:415,1
DA:417,20
DA:458,0
DA:481,1
DA:492,1
LF:103
LH:86
BRDA:94,0,0,0
BRDA:98,1,0,0
BRDA:98,1,1,0
BRDA:100,2,0,0
BRDA:100,2,1,0
BRDA:102,3,0,0
BRDA:109,4,0,0
BRDA:112,5,0,20
BRDA:119,6,0,0
BRDA:129,7,0,0
BRDA:129,7,1,10
BRDA:131,8,0,1
BRDA:131,8,1,9
BRDA:140,9,0,0
BRDA:145,10,0,0
BRDA:151,11,0,1
BRDA:167,12,0,2
BRDA:167,12,1,0
BRDA:174,13,0,0
BRDA:174,13,1,2
BRDA:174,14,0,0
BRDA:174,14,1,2
BRDA:178,15,0,0
BRDA:178,15,1,2
BRDA:180,16,0,0
BRDA:180,16,1,2
BRDA:189,17,0,0
BRDA:189,17,1,4
BRDA:189,17,2,30
BRDA:189,17,3,2642
BRDA:202,18,0,8
BRDA:202,19,0,10
BRDA:202,19,1,10
BRDA:202,19,2,2
BRDA:202,19,3,2
BRDA:202,19,4,0
BRDA:221,20,0,110
BRDA:221,21,0,1540
BRDA:221,21,1,1485
BRDA:222,22,0,1430
BRDA:222,22,1,1422
BRDA:268,23,0,55
BRDA:268,23,1,1
BRDA:270,24,0,0
BRDA:270,24,1,1
BRDA:270,25,0,0
BRDA:270,25,1,1
BRDA:295,26,0,1220
BRDA:295,26,1,10
BRDA:311,27,0,55
BRDA:311,27,1,55
BRDA:342,28,0,275
BRDA:342,28,1,215
BRDA:395,29,0,55
BRDA:395,29,1,110
BRDA:400,30,0,1540
BRDA:400,30,1,1485
BRDA:402,31,0,1540
BRDA:402,31,1,1540
BRDA:402,31,2,55
BRDA:412,32,0,3
BRDA:412,32,1,21
BRDA:414,33,0,1
BRDA:414,33,1,20
BRDA:422,34,0,110
BRDA:422,34,1,1430
BRDA:424,35,0,110
BRDA:424,35,1,1430
BRDA:426,36,0,110
BRDA:426,36,1,1430
BRDA:429,37,0,1422
BRDA:429,37,1,118
BRDA:429,38,0,1540
BRDA:429,38,1,1532
BRDA:430,39,0,1532
BRDA:430,39,1,8
BRDA:432,40,0,110
BRDA:432,40,1,1430
BRDA:434,41,0,1422
BRDA:434,41,1,8
BRDA:446,42,0,55
BRDA:446,42,1,1485
BRF:82
BRH:62
end_of_record
TN:
SF:src/wordLists.ts
FN:76,(anonymous_0)
FN:81,(anonymous_1)
FNF:2
FNH:2
FNDA:15,(anonymous_0)
FNDA:3,(anonymous_1)
DA:1,1
DA:76,1
DA:77,15
DA:78,15
DA:81,1
DA:82,3
LF:6
LH:6
BRF:0
BRH:0
end_of_record
