<?xml version="1.0" encoding="UTF-8"?>
<coverage generated="1759183153265" clover="3.2.0">
  <project timestamp="1759183153265" name="All files">
    <metrics statements="499" coveredstatements="158" conditionals="205" coveredconditionals="76" methods="113" coveredmethods="41" elements="817" coveredelements="275" complexity="0" loc="499" ncloc="499" packages="1" files="4" classes="4"/>
    <file name="blessed_todo.ts" path="/Users/zhuzhu/eclipse-workspace/CS5500Exercise/source/lessons/lesson-02/src/blessed_todo.ts">
      <metrics statements="230" coveredstatements="0" conditionals="75" coveredconditionals="0" methods="50" coveredmethods="0"/>
      <line num="1" count="0" type="stmt"/>
      <line num="2" count="0" type="stmt"/>
      <line num="3" count="0" type="stmt"/>
      <line num="4" count="0" type="stmt"/>
      <line num="8" count="0" type="stmt"/>
      <line num="17" count="0" type="stmt"/>
      <line num="19" count="0" type="stmt"/>
      <line num="23" count="0" type="cond" truecount="0" falsecount="1"/>
      <line num="24" count="0" type="stmt"/>
      <line num="26" count="0" type="stmt"/>
      <line num="27" count="0" type="stmt"/>
      <line num="28" count="0" type="stmt"/>
      <line num="32" count="0" type="stmt"/>
      <line num="33" count="0" type="stmt"/>
      <line num="34" count="0" type="stmt"/>
      <line num="35" count="0" type="stmt"/>
      <line num="36" count="0" type="stmt"/>
      <line num="37" count="0" type="stmt"/>
      <line num="38" count="0" type="stmt"/>
      <line num="39" count="0" type="stmt"/>
      <line num="41" count="0" type="stmt"/>
      <line num="46" count="0" type="stmt"/>
      <line num="54" count="0" type="stmt"/>
      <line num="91" count="0" type="stmt"/>
      <line num="112" count="0" type="stmt"/>
      <line num="123" count="0" type="stmt"/>
      <line num="142" count="0" type="stmt"/>
      <line num="153" count="0" type="stmt"/>
      <line num="179" count="0" type="stmt"/>
      <line num="190" count="0" type="stmt"/>
      <line num="209" count="0" type="stmt"/>
      <line num="229" count="0" type="stmt"/>
      <line num="249" count="0" type="stmt"/>
      <line num="250" count="0" type="stmt"/>
      <line num="254" count="0" type="stmt"/>
      <line num="269" count="0" type="stmt"/>
      <line num="286" count="0" type="stmt"/>
      <line num="287" count="0" type="stmt"/>
      <line num="288" count="0" type="stmt"/>
      <line num="291" count="0" type="stmt"/>
      <line num="292" count="0" type="cond" truecount="0" falsecount="1"/>
      <line num="293" count="0" type="stmt"/>
      <line num="297" count="0" type="stmt"/>
      <line num="298" count="0" type="cond" truecount="0" falsecount="1"/>
      <line num="299" count="0" type="stmt"/>
      <line num="303" count="0" type="stmt"/>
      <line num="304" count="0" type="cond" truecount="0" falsecount="1"/>
      <line num="305" count="0" type="stmt"/>
      <line num="310" count="0" type="stmt"/>
      <line num="311" count="0" type="stmt"/>
      <line num="314" count="0" type="stmt"/>
      <line num="315" count="0" type="stmt"/>
      <line num="318" count="0" type="stmt"/>
      <line num="319" count="0" type="stmt"/>
      <line num="323" count="0" type="stmt"/>
      <line num="324" count="0" type="stmt"/>
      <line num="327" count="0" type="stmt"/>
      <line num="328" count="0" type="stmt"/>
      <line num="331" count="0" type="stmt"/>
      <line num="332" count="0" type="stmt"/>
      <line num="333" count="0" type="stmt"/>
      <line num="336" count="0" type="stmt"/>
      <line num="337" count="0" type="stmt"/>
      <line num="341" count="0" type="stmt"/>
      <line num="342" count="0" type="stmt"/>
      <line num="343" count="0" type="stmt"/>
      <line num="346" count="0" type="stmt"/>
      <line num="347" count="0" type="stmt"/>
      <line num="348" count="0" type="stmt"/>
      <line num="352" count="0" type="stmt"/>
      <line num="356" count="0" type="stmt"/>
      <line num="357" count="0" type="stmt"/>
      <line num="359" count="0" type="cond" truecount="0" falsecount="3"/>
      <line num="361" count="0" type="stmt"/>
      <line num="362" count="0" type="stmt"/>
      <line num="364" count="0" type="stmt"/>
      <line num="365" count="0" type="stmt"/>
      <line num="367" count="0" type="stmt"/>
      <line num="370" count="0" type="stmt"/>
      <line num="371" count="0" type="stmt"/>
      <line num="374" count="0" type="stmt"/>
      <line num="375" count="0" type="stmt"/>
      <line num="379" count="0" type="stmt"/>
      <line num="381" count="0" type="stmt"/>
      <line num="386" count="0" type="cond" truecount="0" falsecount="2"/>
      <line num="387" count="0" type="cond" truecount="0" falsecount="2"/>
      <line num="388" count="0" type="cond" truecount="0" falsecount="2"/>
      <line num="389" count="0" type="cond" truecount="0" falsecount="2"/>
      <line num="390" count="0" type="cond" truecount="0" falsecount="5"/>
      <line num="392" count="0" type="stmt"/>
      <line num="393" count="0" type="cond" truecount="0" falsecount="1"/>
      <line num="394" count="0" type="stmt"/>
      <line num="397" count="0" type="stmt"/>
      <line num="401" count="0" type="stmt"/>
      <line num="402" count="0" type="stmt"/>
      <line num="405" count="0" type="stmt"/>
      <line num="406" count="0" type="stmt"/>
      <line num="407" count="0" type="stmt"/>
      <line num="410" count="0" type="stmt"/>
      <line num="411" count="0" type="stmt"/>
      <line num="414" count="0" type="stmt"/>
      <line num="415" count="0" type="stmt"/>
      <line num="419" count="0" type="stmt"/>
      <line num="422" count="0" type="stmt"/>
      <line num="423" count="0" type="stmt"/>
      <line num="425" count="0" type="stmt"/>
      <line num="426" count="0" type="stmt"/>
      <line num="427" count="0" type="stmt"/>
      <line num="428" count="0" type="stmt"/>
      <line num="432" count="0" type="stmt"/>
      <line num="434" count="0" type="stmt"/>
      <line num="435" count="0" type="cond" truecount="0" falsecount="1"/>
      <line num="436" count="0" type="stmt"/>
      <line num="440" count="0" type="stmt"/>
      <line num="441" count="0" type="stmt"/>
      <line num="443" count="0" type="stmt"/>
      <line num="444" count="0" type="stmt"/>
      <line num="449" count="0" type="stmt"/>
      <line num="450" count="0" type="stmt"/>
      <line num="451" count="0" type="cond" truecount="0" falsecount="1"/>
      <line num="452" count="0" type="stmt"/>
      <line num="453" count="0" type="stmt"/>
      <line num="456" count="0" type="cond" truecount="0" falsecount="2"/>
      <line num="457" count="0" type="stmt"/>
      <line num="458" count="0" type="cond" truecount="0" falsecount="2"/>
      <line num="460" count="0" type="stmt"/>
      <line num="461" count="0" type="cond" truecount="0" falsecount="2"/>
      <line num="463" count="0" type="stmt"/>
      <line num="464" count="0" type="stmt"/>
      <line num="465" count="0" type="stmt"/>
      <line num="466" count="0" type="stmt"/>
      <line num="467" count="0" type="stmt"/>
      <line num="469" count="0" type="cond" truecount="0" falsecount="2"/>
      <line num="474" count="0" type="stmt"/>
      <line num="475" count="0" type="cond" truecount="0" falsecount="2"/>
      <line num="476" count="0" type="stmt"/>
      <line num="478" count="0" type="cond" truecount="0" falsecount="3"/>
      <line num="479" count="0" type="stmt"/>
      <line num="480" count="0" type="cond" truecount="0" falsecount="4"/>
      <line num="481" count="0" type="stmt"/>
      <line num="482" count="0" type="cond" truecount="0" falsecount="1"/>
      <line num="483" count="0" type="stmt"/>
      <line num="485" count="0" type="stmt"/>
      <line num="486" count="0" type="stmt"/>
      <line num="489" count="0" type="cond" truecount="0" falsecount="2"/>
      <line num="494" count="0" type="stmt"/>
      <line num="495" count="0" type="cond" truecount="0" falsecount="2"/>
      <line num="496" count="0" type="stmt"/>
      <line num="498" count="0" type="cond" truecount="0" falsecount="3"/>
      <line num="499" count="0" type="stmt"/>
      <line num="500" count="0" type="cond" truecount="0" falsecount="1"/>
      <line num="501" count="0" type="stmt"/>
      <line num="502" count="0" type="stmt"/>
      <line num="503" count="0" type="stmt"/>
      <line num="504" count="0" type="stmt"/>
      <line num="508" count="0" type="cond" truecount="0" falsecount="2"/>
      <line num="513" count="0" type="cond" truecount="0" falsecount="2"/>
      <line num="514" count="0" type="stmt"/>
      <line num="516" count="0" type="cond" truecount="0" falsecount="3"/>
      <line num="517" count="0" type="stmt"/>
      <line num="518" count="0" type="cond" truecount="0" falsecount="1"/>
      <line num="519" count="0" type="stmt"/>
      <line num="521" count="0" type="stmt"/>
      <line num="541" count="0" type="stmt"/>
      <line num="542" count="0" type="stmt"/>
      <line num="543" count="0" type="stmt"/>
      <line num="544" count="0" type="stmt"/>
      <line num="547" count="0" type="stmt"/>
      <line num="548" count="0" type="stmt"/>
      <line num="554" count="0" type="stmt"/>
      <line num="565" count="0" type="stmt"/>
      <line num="569" count="0" type="stmt"/>
      <line num="570" count="0" type="stmt"/>
      <line num="571" count="0" type="stmt"/>
      <line num="572" count="0" type="stmt"/>
      <line num="573" count="0" type="cond" truecount="0" falsecount="1"/>
      <line num="574" count="0" type="stmt"/>
      <line num="576" count="0" type="stmt"/>
      <line num="580" count="0" type="stmt"/>
      <line num="601" count="0" type="stmt"/>
      <line num="602" count="0" type="stmt"/>
      <line num="603" count="0" type="stmt"/>
      <line num="604" count="0" type="stmt"/>
      <line num="607" count="0" type="stmt"/>
      <line num="608" count="0" type="stmt"/>
      <line num="609" count="0" type="stmt"/>
      <line num="611" count="0" type="cond" truecount="0" falsecount="2"/>
      <line num="612" count="0" type="stmt"/>
      <line num="614" count="0" type="stmt"/>
      <line num="616" count="0" type="stmt"/>
      <line num="619" count="0" type="stmt"/>
      <line num="620" count="0" type="stmt"/>
      <line num="624" count="0" type="stmt"/>
      <line num="625" count="0" type="stmt"/>
      <line num="626" count="0" type="stmt"/>
      <line num="627" count="0" type="stmt"/>
      <line num="628" count="0" type="stmt"/>
      <line num="629" count="0" type="stmt"/>
      <line num="631" count="0" type="cond" truecount="0" falsecount="2"/>
      <line num="636" count="0" type="cond" truecount="0" falsecount="3"/>
      <line num="638" count="0" type="stmt"/>
      <line num="640" count="0" type="stmt"/>
      <line num="642" count="0" type="stmt"/>
      <line num="647" count="0" type="cond" truecount="0" falsecount="1"/>
      <line num="648" count="0" type="stmt"/>
      <line num="650" count="0" type="stmt"/>
      <line num="651" count="0" type="stmt"/>
      <line num="655" count="0" type="cond" truecount="0" falsecount="1"/>
      <line num="656" count="0" type="stmt"/>
      <line num="658" count="0" type="stmt"/>
      <line num="659" count="0" type="stmt"/>
      <line num="660" count="0" type="stmt"/>
      <line num="663" count="0" type="stmt"/>
      <line num="664" count="0" type="stmt"/>
      <line num="669" count="0" type="stmt"/>
      <line num="670" count="0" type="stmt"/>
      <line num="671" count="0" type="stmt"/>
      <line num="672" count="0" type="stmt"/>
      <line num="675" count="0" type="stmt"/>
      <line num="676" count="0" type="stmt"/>
      <line num="681" count="0" type="stmt"/>
      <line num="682" count="0" type="stmt"/>
      <line num="683" count="0" type="stmt"/>
      <line num="687" count="0" type="stmt"/>
      <line num="688" count="0" type="stmt"/>
      <line num="691" count="0" type="stmt"/>
      <line num="692" count="0" type="stmt"/>
      <line num="696" count="0" type="stmt"/>
      <line num="697" count="0" type="stmt"/>
      <line num="699" count="0" type="stmt"/>
    </file>
    <file name="calculator.ts" path="/Users/zhuzhu/eclipse-workspace/CS5500Exercise/source/lessons/lesson-02/src/calculator.ts">
      <metrics statements="66" coveredstatements="61" conditionals="33" coveredconditionals="26" methods="6" coveredmethods="6"/>
      <line num="6" count="1" type="stmt"/>
      <line num="11" count="30" type="stmt"/>
      <line num="12" count="30" type="stmt"/>
      <line num="21" count="30" type="stmt"/>
      <line num="22" count="30" type="stmt"/>
      <line num="24" count="30" type="stmt"/>
      <line num="25" count="30" type="cond" truecount="1" falsecount="0"/>
      <line num="26" count="1" type="stmt"/>
      <line num="29" count="29" type="stmt"/>
      <line num="31" count="24" type="cond" truecount="1" falsecount="0"/>
      <line num="32" count="1" type="cond" truecount="1" falsecount="1"/>
      <line num="35" count="23" type="stmt"/>
      <line num="37" count="5" type="cond" truecount="1" falsecount="1"/>
      <line num="45" count="38" type="stmt"/>
      <line num="47" count="34" type="stmt"/>
      <line num="48" count="29" type="stmt"/>
      <line num="50" count="29" type="cond" truecount="2" falsecount="0"/>
      <line num="51" count="16" type="stmt"/>
      <line num="52" count="16" type="stmt"/>
      <line num="53" count="13" type="cond" truecount="2" falsecount="0"/>
      <line num="54" count="4" type="stmt"/>
      <line num="55" count="4" type="stmt"/>
      <line num="57" count="9" type="stmt"/>
      <line num="61" count="33" type="stmt"/>
      <line num="68" count="58" type="stmt"/>
      <line num="70" count="54" type="stmt"/>
      <line num="71" count="44" type="stmt"/>
      <line num="73" count="44" type="cond" truecount="2" falsecount="0"/>
      <line num="74" count="10" type="stmt"/>
      <line num="75" count="10" type="stmt"/>
      <line num="76" count="34" type="cond" truecount="2" falsecount="0"/>
      <line num="77" count="5" type="stmt"/>
      <line num="78" count="5" type="stmt"/>
      <line num="79" count="5" type="cond" truecount="1" falsecount="0"/>
      <line num="80" count="1" type="stmt"/>
      <line num="82" count="4" type="stmt"/>
      <line num="84" count="29" type="stmt"/>
      <line num="88" count="53" type="stmt"/>
      <line num="95" count="83" type="cond" truecount="0" falsecount="1"/>
      <line num="96" count="0" type="stmt"/>
      <line num="99" count="83" type="stmt"/>
      <line num="100" count="83" type="cond" truecount="1" falsecount="0"/>
      <line num="101" count="1" type="stmt"/>
      <line num="105" count="82" type="cond" truecount="1" falsecount="0"/>
      <line num="106" count="8" type="stmt"/>
      <line num="107" count="8" type="stmt"/>
      <line num="111" count="74" type="cond" truecount="1" falsecount="0"/>
      <line num="112" count="2" type="stmt"/>
      <line num="113" count="2" type="stmt"/>
      <line num="117" count="72" type="cond" truecount="1" falsecount="0"/>
      <line num="118" count="9" type="stmt"/>
      <line num="119" count="9" type="stmt"/>
      <line num="121" count="9" type="cond" truecount="3" falsecount="0"/>
      <line num="122" count="1" type="stmt"/>
      <line num="125" count="8" type="stmt"/>
      <line num="126" count="8" type="stmt"/>
      <line num="132" count="63" type="cond" truecount="2" falsecount="1"/>
      <line num="135" count="0" type="stmt"/>
      <line num="136" count="0" type="cond" truecount="0" falsecount="2"/>
      <line num="137" count="0" type="stmt"/>
      <line num="139" count="0" type="stmt"/>
      <line num="144" count="63" type="cond" truecount="1" falsecount="0"/>
      <line num="145" count="61" type="stmt"/>
      <line num="146" count="61" type="stmt"/>
      <line num="149" count="2" type="cond" truecount="1" falsecount="1"/>
      <line num="156" count="63" type="cond" truecount="2" falsecount="0"/>
    </file>
    <file name="todo.ts" path="/Users/zhuzhu/eclipse-workspace/CS5500Exercise/source/lessons/lesson-02/src/todo.ts">
      <metrics statements="104" coveredstatements="97" conditionals="59" coveredconditionals="50" methods="35" coveredmethods="35"/>
      <line num="4" count="1" type="cond" truecount="2" falsecount="0"/>
      <line num="5" count="1" type="stmt"/>
      <line num="6" count="1" type="stmt"/>
      <line num="7" count="1" type="stmt"/>
      <line num="27" count="1" type="stmt"/>
      <line num="28" count="84" type="stmt"/>
      <line num="29" count="84" type="stmt"/>
      <line num="33" count="84" type="stmt"/>
      <line num="38" count="1193" type="stmt"/>
      <line num="41" count="1193" type="cond" truecount="3" falsecount="0"/>
      <line num="42" count="4" type="stmt"/>
      <line num="45" count="1189" type="stmt"/>
      <line num="57" count="1189" type="stmt"/>
      <line num="58" count="1189" type="stmt"/>
      <line num="62" count="19" type="cond" truecount="1" falsecount="0"/>
      <line num="63" count="2" type="stmt"/>
      <line num="66" count="22" type="stmt"/>
      <line num="67" count="17" type="cond" truecount="1" falsecount="0"/>
      <line num="68" count="1" type="stmt"/>
      <line num="72" count="16" type="cond" truecount="1" falsecount="0"/>
      <line num="73" count="15" type="stmt"/>
      <line num="74" count="15" type="stmt"/>
      <line num="79" count="1" type="cond" truecount="0" falsecount="1"/>
      <line num="80" count="0" type="stmt"/>
      <line num="83" count="1" type="stmt"/>
      <line num="84" count="1" type="cond" truecount="0" falsecount="1"/>
      <line num="85" count="0" type="stmt"/>
      <line num="88" count="1" type="stmt"/>
      <line num="89" count="1" type="stmt"/>
      <line num="93" count="9" type="cond" truecount="1" falsecount="0"/>
      <line num="94" count="2" type="stmt"/>
      <line num="97" count="7" type="stmt"/>
      <line num="98" count="7" type="cond" truecount="1" falsecount="0"/>
      <line num="99" count="3" type="stmt"/>
      <line num="102" count="4" type="stmt"/>
      <line num="107" count="21" type="stmt"/>
      <line num="111" count="6" type="stmt"/>
      <line num="115" count="6" type="stmt"/>
      <line num="120" count="3" type="cond" truecount="0" falsecount="1"/>
      <line num="121" count="0" type="stmt"/>
      <line num="125" count="3" type="cond" truecount="1" falsecount="0"/>
      <line num="126" count="1" type="stmt"/>
      <line num="129" count="2" type="stmt"/>
      <line num="130" count="2" type="cond" truecount="1" falsecount="0"/>
      <line num="131" count="1" type="stmt"/>
      <line num="134" count="1" type="stmt"/>
      <line num="138" count="4" type="cond" truecount="0" falsecount="1"/>
      <line num="139" count="0" type="stmt"/>
      <line num="143" count="4" type="cond" truecount="3" falsecount="0"/>
      <line num="144" count="1" type="stmt"/>
      <line num="147" count="3" type="stmt"/>
      <line num="148" count="3" type="cond" truecount="1" falsecount="0"/>
      <line num="149" count="1" type="stmt"/>
      <line num="152" count="2" type="stmt"/>
      <line num="156" count="2" type="cond" truecount="0" falsecount="1"/>
      <line num="157" count="0" type="stmt"/>
      <line num="160" count="2" type="stmt"/>
      <line num="161" count="2" type="cond" truecount="1" falsecount="0"/>
      <line num="162" count="1" type="stmt"/>
      <line num="165" count="1" type="stmt"/>
      <line num="170" count="1" type="stmt"/>
      <line num="172" count="1" type="stmt"/>
      <line num="173" count="4" type="stmt"/>
      <line num="178" count="2" type="stmt"/>
      <line num="180" count="5" type="cond" truecount="2" falsecount="1"/>
      <line num="181" count="5" type="cond" truecount="1" falsecount="0"/>
      <line num="182" count="4" type="cond" truecount="0" falsecount="1"/>
      <line num="185" count="4" type="stmt"/>
      <line num="190" count="3" type="stmt"/>
      <line num="194" count="2" type="stmt"/>
      <line num="195" count="2" type="stmt"/>
      <line num="196" count="5" type="cond" truecount="1" falsecount="0"/>
      <line num="197" count="5" type="stmt"/>
      <line num="200" count="2" type="stmt"/>
      <line num="204" count="2" type="stmt"/>
      <line num="205" count="2" type="cond" truecount="2" falsecount="1"/>
      <line num="206" count="0" type="stmt"/>
      <line num="209" count="2" type="stmt"/>
      <line num="210" count="2" type="stmt"/>
      <line num="215" count="8" type="cond" truecount="3" falsecount="0"/>
      <line num="216" count="2" type="stmt"/>
      <line num="220" count="6" type="cond" truecount="1" falsecount="0"/>
      <line num="221" count="1" type="stmt"/>
      <line num="224" count="5" type="stmt"/>
      <line num="225" count="5" type="stmt"/>
      <line num="227" count="9" type="stmt"/>
      <line num="230" count="9" type="cond" truecount="2" falsecount="0"/>
      <line num="233" count="9" type="cond" truecount="2" falsecount="0"/>
      <line num="239" count="5" type="stmt"/>
      <line num="246" count="7" type="cond" truecount="1" falsecount="0"/>
      <line num="247" count="1" type="stmt"/>
      <line num="251" count="6" type="stmt"/>
      <line num="252" count="6" type="stmt"/>
      <line num="254" count="1" type="stmt"/>
      <line num="258" count="5" type="cond" truecount="3" falsecount="1"/>
      <line num="259" count="0" type="stmt"/>
      <line num="262" count="5" type="stmt"/>
      <line num="265" count="5" type="cond" truecount="1" falsecount="0"/>
      <line num="266" count="4" type="stmt"/>
      <line num="270" count="5" type="stmt"/>
      <line num="272" count="104" type="cond" truecount="4" falsecount="0"/>
      <line num="273" count="1" type="stmt"/>
      <line num="276" count="103" type="stmt"/>
      <line num="284" count="4" type="stmt"/>
    </file>
    <file name="ui.ts" path="/Users/zhuzhu/eclipse-workspace/CS5500Exercise/source/lessons/lesson-02/src/ui.ts">
      <metrics statements="99" coveredstatements="0" conditionals="38" coveredconditionals="0" methods="22" coveredmethods="0"/>
      <line num="1" count="0" type="stmt"/>
      <line num="2" count="0" type="stmt"/>
      <line num="4" count="0" type="stmt"/>
      <line num="14" count="0" type="stmt"/>
      <line num="15" count="0" type="stmt"/>
      <line num="16" count="0" type="stmt"/>
      <line num="17" count="0" type="stmt"/>
      <line num="22" count="0" type="stmt"/>
      <line num="28" count="0" type="stmt"/>
      <line num="47" count="0" type="stmt"/>
      <line num="66" count="0" type="stmt"/>
      <line num="80" count="0" type="stmt"/>
      <line num="99" count="0" type="stmt"/>
      <line num="118" count="0" type="stmt"/>
      <line num="142" count="0" type="stmt"/>
      <line num="143" count="0" type="stmt"/>
      <line num="144" count="0" type="stmt"/>
      <line num="145" count="0" type="stmt"/>
      <line num="146" count="0" type="stmt"/>
      <line num="147" count="0" type="stmt"/>
      <line num="149" count="0" type="stmt"/>
      <line num="150" count="0" type="stmt"/>
      <line num="155" count="0" type="stmt"/>
      <line num="156" count="0" type="stmt"/>
      <line num="160" count="0" type="stmt"/>
      <line num="161" count="0" type="stmt"/>
      <line num="162" count="0" type="stmt"/>
      <line num="168" count="0" type="cond" truecount="0" falsecount="3"/>
      <line num="169" count="0" type="stmt"/>
      <line num="172" count="0" type="cond" truecount="0" falsecount="5"/>
      <line num="174" count="0" type="stmt"/>
      <line num="175" count="0" type="stmt"/>
      <line num="178" count="0" type="stmt"/>
      <line num="179" count="0" type="stmt"/>
      <line num="182" count="0" type="stmt"/>
      <line num="183" count="0" type="stmt"/>
      <line num="186" count="0" type="stmt"/>
      <line num="187" count="0" type="stmt"/>
      <line num="190" count="0" type="cond" truecount="0" falsecount="3"/>
      <line num="191" count="0" type="stmt"/>
      <line num="193" count="0" type="stmt"/>
      <line num="196" count="0" type="stmt"/>
      <line num="201" count="0" type="stmt"/>
      <line num="205" count="0" type="stmt"/>
      <line num="209" count="0" type="cond" truecount="0" falsecount="1"/>
      <line num="211" count="0" type="stmt"/>
      <line num="212" count="0" type="cond" truecount="0" falsecount="1"/>
      <line num="215" count="0" type="cond" truecount="0" falsecount="1"/>
      <line num="218" count="0" type="cond" truecount="0" falsecount="3"/>
      <line num="221" count="0" type="cond" truecount="0" falsecount="1"/>
      <line num="223" count="0" type="stmt"/>
      <line num="228" count="0" type="cond" truecount="0" falsecount="1"/>
      <line num="229" count="0" type="stmt"/>
      <line num="232" count="0" type="stmt"/>
      <line num="233" count="0" type="cond" truecount="0" falsecount="1"/>
      <line num="234" count="0" type="stmt"/>
      <line num="238" count="0" type="cond" truecount="0" falsecount="1"/>
      <line num="241" count="0" type="cond" truecount="0" falsecount="3"/>
      <line num="244" count="0" type="cond" truecount="0" falsecount="1"/>
      <line num="246" count="0" type="stmt"/>
      <line num="250" count="0" type="cond" truecount="0" falsecount="2"/>
      <line num="252" count="0" type="cond" truecount="0" falsecount="2"/>
      <line num="253" count="0" type="cond" truecount="0" falsecount="2"/>
      <line num="254" count="0" type="stmt"/>
      <line num="256" count="0" type="stmt"/>
      <line num="260" count="0" type="stmt"/>
      <line num="262" count="0" type="stmt"/>
      <line num="266" count="0" type="stmt"/>
      <line num="271" count="0" type="cond" truecount="0" falsecount="1"/>
      <line num="272" count="0" type="stmt"/>
      <line num="275" count="0" type="stmt"/>
      <line num="280" count="0" type="cond" truecount="0" falsecount="1"/>
      <line num="281" count="0" type="stmt"/>
      <line num="286" count="0" type="cond" truecount="0" falsecount="1"/>
      <line num="287" count="0" type="stmt"/>
      <line num="293" count="0" type="stmt"/>
      <line num="294" count="0" type="cond" truecount="0" falsecount="1"/>
      <line num="295" count="0" type="stmt"/>
      <line num="301" count="0" type="stmt"/>
      <line num="302" count="0" type="stmt"/>
      <line num="307" count="0" type="stmt"/>
      <line num="308" count="0" type="stmt"/>
      <line num="309" count="0" type="stmt"/>
      <line num="314" count="0" type="stmt"/>
      <line num="318" count="0" type="cond" truecount="0" falsecount="1"/>
      <line num="319" count="0" type="stmt"/>
      <line num="320" count="0" type="stmt"/>
      <line num="323" count="0" type="stmt"/>
      <line num="324" count="0" type="stmt"/>
      <line num="326" count="0" type="cond" truecount="0" falsecount="2"/>
      <line num="327" count="0" type="stmt"/>
      <line num="328" count="0" type="stmt"/>
      <line num="330" count="0" type="stmt"/>
      <line num="331" count="0" type="stmt"/>
      <line num="334" count="0" type="stmt"/>
      <line num="338" count="0" type="stmt"/>
      <line num="339" count="0" type="stmt"/>
      <line num="340" count="0" type="stmt"/>
      <line num="344" count="0" type="stmt"/>
    </file>
  </project>
</coverage>
