{"/Users/zhuzhu/eclipse-workspace/CS5500Exercise/source/lessons/lesson-02/src/blessed_todo.ts": {"path":"/Users/zhuzhu/eclipse-workspace/CS5500Exercise/source/lessons/lesson-02/src/blessed_todo.ts","statementMap":{"0":{"start":{"line":1,"column":0},"end":{"line":1,"column":35}},"1":{"start":{"line":2,"column":0},"end":{"line":2,"column":25}},"2":{"start":{"line":3,"column":0},"end":{"line":3,"column":29}},"3":{"start":{"line":4,"column":0},"end":{"line":4,"column":50}},"4":{"start":{"line":17,"column":10},"end":{"line":17,"column":44}},"5":{"start":{"line":19,"column":10},"end":{"line":19,"column":42}},"6":{"start":{"line":23,"column":4},"end":{"line":25,"column":5}},"7":{"start":{"line":24,"column":6},"end":{"line":24,"column":49}},"8":{"start":{"line":26,"column":4},"end":{"line":26,"column":29}},"9":{"start":{"line":27,"column":4},"end":{"line":27,"column":37}},"10":{"start":{"line":28,"column":4},"end":{"line":28,"column":24}},"11":{"start":{"line":32,"column":4},"end":{"line":42,"column":5}},"12":{"start":{"line":33,"column":6},"end":{"line":33,"column":26}},"13":{"start":{"line":34,"column":6},"end":{"line":34,"column":28}},"14":{"start":{"line":35,"column":6},"end":{"line":35,"column":27}},"15":{"start":{"line":36,"column":6},"end":{"line":36,"column":29}},"16":{"start":{"line":37,"column":6},"end":{"line":37,"column":28}},"17":{"start":{"line":38,"column":6},"end":{"line":38,"column":30}},"18":{"start":{"line":39,"column":6},"end":{"line":39,"column":29}},"19":{"start":{"line":41,"column":6},"end":{"line":41,"column":56}},"20":{"start":{"line":46,"column":4},"end":{"line":50,"column":7}},"21":{"start":{"line":54,"column":4},"end":{"line":87,"column":7}},"22":{"start":{"line":91,"column":4},"end":{"line":109,"column":7}},"23":{"start":{"line":112,"column":4},"end":{"line":121,"column":7}},"24":{"start":{"line":123,"column":4},"end":{"line":139,"column":7}},"25":{"start":{"line":142,"column":4},"end":{"line":151,"column":7}},"26":{"start":{"line":153,"column":4},"end":{"line":176,"column":7}},"27":{"start":{"line":179,"column":4},"end":{"line":188,"column":7}},"28":{"start":{"line":190,"column":4},"end":{"line":206,"column":7}},"29":{"start":{"line":209,"column":25},"end":{"line":227,"column":6}},"30":{"start":{"line":229,"column":25},"end":{"line":247,"column":6}},"31":{"start":{"line":249,"column":4},"end":{"line":249,"column":57}},"32":{"start":{"line":249,"column":35},"end":{"line":249,"column":55}},"33":{"start":{"line":250,"column":4},"end":{"line":250,"column":55}},"34":{"start":{"line":250,"column":35},"end":{"line":250,"column":53}},"35":{"start":{"line":254,"column":4},"end":{"line":265,"column":7}},"36":{"start":{"line":269,"column":4},"end":{"line":280,"column":7}},"37":{"start":{"line":286,"column":4},"end":{"line":289,"column":7}},"38":{"start":{"line":287,"column":6},"end":{"line":287,"column":22}},"39":{"start":{"line":288,"column":6},"end":{"line":288,"column":22}},"40":{"start":{"line":291,"column":4},"end":{"line":295,"column":7}},"41":{"start":{"line":292,"column":6},"end":{"line":294,"column":7}},"42":{"start":{"line":293,"column":8},"end":{"line":293,"column":31}},"43":{"start":{"line":297,"column":4},"end":{"line":301,"column":7}},"44":{"start":{"line":298,"column":6},"end":{"line":300,"column":7}},"45":{"start":{"line":299,"column":8},"end":{"line":299,"column":27}},"46":{"start":{"line":303,"column":4},"end":{"line":307,"column":7}},"47":{"start":{"line":304,"column":6},"end":{"line":306,"column":7}},"48":{"start":{"line":305,"column":8},"end":{"line":305,"column":32}},"49":{"start":{"line":310,"column":4},"end":{"line":312,"column":7}},"50":{"start":{"line":311,"column":6},"end":{"line":311,"column":34}},"51":{"start":{"line":314,"column":4},"end":{"line":316,"column":7}},"52":{"start":{"line":315,"column":6},"end":{"line":315,"column":32}},"53":{"start":{"line":318,"column":4},"end":{"line":320,"column":7}},"54":{"start":{"line":319,"column":6},"end":{"line":319,"column":29}},"55":{"start":{"line":323,"column":4},"end":{"line":325,"column":7}},"56":{"start":{"line":324,"column":6},"end":{"line":324,"column":25}},"57":{"start":{"line":327,"column":4},"end":{"line":329,"column":7}},"58":{"start":{"line":328,"column":6},"end":{"line":328,"column":33}},"59":{"start":{"line":331,"column":4},"end":{"line":334,"column":7}},"60":{"start":{"line":332,"column":6},"end":{"line":332,"column":34}},"61":{"start":{"line":333,"column":6},"end":{"line":333,"column":37}},"62":{"start":{"line":336,"column":4},"end":{"line":338,"column":7}},"63":{"start":{"line":337,"column":6},"end":{"line":337,"column":27}},"64":{"start":{"line":341,"column":4},"end":{"line":344,"column":7}},"65":{"start":{"line":342,"column":6},"end":{"line":342,"column":31}},"66":{"start":{"line":343,"column":6},"end":{"line":343,"column":34}},"67":{"start":{"line":346,"column":4},"end":{"line":349,"column":7}},"68":{"start":{"line":347,"column":6},"end":{"line":347,"column":34}},"69":{"start":{"line":348,"column":6},"end":{"line":348,"column":37}},"70":{"start":{"line":352,"column":4},"end":{"line":352,"column":26}},"71":{"start":{"line":356,"column":4},"end":{"line":382,"column":5}},"72":{"start":{"line":357,"column":26},"end":{"line":357,"column":28}},"73":{"start":{"line":359,"column":6},"end":{"line":368,"column":7}},"74":{"start":{"line":361,"column":10},"end":{"line":361,"column":52}},"75":{"start":{"line":362,"column":10},"end":{"line":362,"column":16}},"76":{"start":{"line":364,"column":10},"end":{"line":364,"column":53}},"77":{"start":{"line":365,"column":10},"end":{"line":365,"column":16}},"78":{"start":{"line":367,"column":10},"end":{"line":367,"column":43}},"79":{"start":{"line":370,"column":24},"end":{"line":370,"column":74}},"80":{"start":{"line":370,"column":42},"end":{"line":370,"column":73}},"81":{"start":{"line":371,"column":6},"end":{"line":371,"column":40}},"82":{"start":{"line":374,"column":25},"end":{"line":374,"column":97}},"83":{"start":{"line":375,"column":6},"end":{"line":377,"column":8}},"84":{"start":{"line":379,"column":6},"end":{"line":379,"column":27}},"85":{"start":{"line":381,"column":6},"end":{"line":381,"column":53}},"86":{"start":{"line":386,"column":21},"end":{"line":386,"column":51}},"87":{"start":{"line":387,"column":21},"end":{"line":387,"column":83}},"88":{"start":{"line":388,"column":21},"end":{"line":388,"column":63}},"89":{"start":{"line":389,"column":20},"end":{"line":389,"column":80}},"90":{"start":{"line":390,"column":20},"end":{"line":390,"column":100}},"91":{"start":{"line":392,"column":16},"end":{"line":392,"column":26}},"92":{"start":{"line":393,"column":4},"end":{"line":395,"column":5}},"93":{"start":{"line":394,"column":6},"end":{"line":394,"column":45}},"94":{"start":{"line":397,"column":4},"end":{"line":397,"column":76}},"95":{"start":{"line":401,"column":4},"end":{"line":401,"column":31}},"96":{"start":{"line":402,"column":4},"end":{"line":402,"column":24}},"97":{"start":{"line":405,"column":4},"end":{"line":405,"column":33}},"98":{"start":{"line":406,"column":4},"end":{"line":406,"column":36}},"99":{"start":{"line":407,"column":4},"end":{"line":407,"column":33}},"100":{"start":{"line":410,"column":4},"end":{"line":410,"column":29}},"101":{"start":{"line":411,"column":4},"end":{"line":411,"column":32}},"102":{"start":{"line":414,"column":4},"end":{"line":414,"column":32}},"103":{"start":{"line":415,"column":4},"end":{"line":415,"column":25}},"104":{"start":{"line":419,"column":4},"end":{"line":419,"column":32}},"105":{"start":{"line":422,"column":4},"end":{"line":422,"column":29}},"106":{"start":{"line":423,"column":4},"end":{"line":423,"column":32}},"107":{"start":{"line":425,"column":4},"end":{"line":425,"column":24}},"108":{"start":{"line":426,"column":4},"end":{"line":426,"column":26}},"109":{"start":{"line":427,"column":4},"end":{"line":427,"column":22}},"110":{"start":{"line":428,"column":4},"end":{"line":428,"column":25}},"111":{"start":{"line":432,"column":4},"end":{"line":445,"column":5}},"112":{"start":{"line":434,"column":22},"end":{"line":434,"column":53}},"113":{"start":{"line":435,"column":6},"end":{"line":437,"column":7}},"114":{"start":{"line":436,"column":8},"end":{"line":436,"column":51}},"115":{"start":{"line":440,"column":19},"end":{"line":440,"column":41}},"116":{"start":{"line":441,"column":6},"end":{"line":441,"column":56}},"117":{"start":{"line":443,"column":6},"end":{"line":443,"column":51}},"118":{"start":{"line":444,"column":6},"end":{"line":444,"column":47}},"119":{"start":{"line":449,"column":4},"end":{"line":470,"column":5}},"120":{"start":{"line":450,"column":20},"end":{"line":450,"column":53}},"121":{"start":{"line":451,"column":6},"end":{"line":454,"column":7}},"122":{"start":{"line":452,"column":8},"end":{"line":452,"column":53}},"123":{"start":{"line":453,"column":8},"end":{"line":453,"column":15}},"124":{"start":{"line":456,"column":29},"end":{"line":456,"column":69}},"125":{"start":{"line":457,"column":25},"end":{"line":457,"column":71}},"126":{"start":{"line":458,"column":23},"end":{"line":458,"column":67}},"127":{"start":{"line":460,"column":23},"end":{"line":460,"column":59}},"128":{"start":{"line":461,"column":29},"end":{"line":461,"column":60}},"129":{"start":{"line":463,"column":6},"end":{"line":463,"column":75}},"130":{"start":{"line":464,"column":6},"end":{"line":464,"column":22}},"131":{"start":{"line":465,"column":6},"end":{"line":465,"column":29}},"132":{"start":{"line":466,"column":6},"end":{"line":466,"column":25}},"133":{"start":{"line":467,"column":6},"end":{"line":467,"column":61}},"134":{"start":{"line":469,"column":6},"end":{"line":469,"column":106}},"135":{"start":{"line":474,"column":4},"end":{"line":490,"column":5}},"136":{"start":{"line":475,"column":29},"end":{"line":475,"column":64}},"137":{"start":{"line":476,"column":20},"end":{"line":476,"column":50}},"138":{"start":{"line":478,"column":6},"end":{"line":487,"column":7}},"139":{"start":{"line":479,"column":21},"end":{"line":479,"column":41}},"140":{"start":{"line":480,"column":8},"end":{"line":484,"column":9}},"141":{"start":{"line":481,"column":10},"end":{"line":481,"column":48}},"142":{"start":{"line":482,"column":15},"end":{"line":484,"column":9}},"143":{"start":{"line":483,"column":10},"end":{"line":483,"column":46}},"144":{"start":{"line":485,"column":8},"end":{"line":485,"column":24}},"145":{"start":{"line":486,"column":8},"end":{"line":486,"column":31}},"146":{"start":{"line":489,"column":6},"end":{"line":489,"column":120}},"147":{"start":{"line":494,"column":4},"end":{"line":509,"column":5}},"148":{"start":{"line":495,"column":29},"end":{"line":495,"column":64}},"149":{"start":{"line":496,"column":20},"end":{"line":496,"column":50}},"150":{"start":{"line":498,"column":6},"end":{"line":506,"column":7}},"151":{"start":{"line":499,"column":21},"end":{"line":499,"column":41}},"152":{"start":{"line":500,"column":8},"end":{"line":505,"column":9}},"153":{"start":{"line":501,"column":10},"end":{"line":501,"column":44}},"154":{"start":{"line":502,"column":10},"end":{"line":502,"column":26}},"155":{"start":{"line":503,"column":10},"end":{"line":503,"column":33}},"156":{"start":{"line":504,"column":10},"end":{"line":504,"column":59}},"157":{"start":{"line":508,"column":6},"end":{"line":508,"column":109}},"158":{"start":{"line":513,"column":27},"end":{"line":513,"column":62}},"159":{"start":{"line":514,"column":18},"end":{"line":514,"column":48}},"160":{"start":{"line":516,"column":4},"end":{"line":550,"column":5}},"161":{"start":{"line":517,"column":19},"end":{"line":517,"column":39}},"162":{"start":{"line":518,"column":6},"end":{"line":549,"column":7}},"163":{"start":{"line":519,"column":24},"end":{"line":519,"column":52}},"164":{"start":{"line":521,"column":24},"end":{"line":539,"column":8}},"165":{"start":{"line":541,"column":6},"end":{"line":545,"column":9}},"166":{"start":{"line":542,"column":8},"end":{"line":542,"column":28}},"167":{"start":{"line":543,"column":8},"end":{"line":543,"column":30}},"168":{"start":{"line":544,"column":8},"end":{"line":544,"column":29}},"169":{"start":{"line":547,"column":6},"end":{"line":547,"column":24}},"170":{"start":{"line":548,"column":6},"end":{"line":548,"column":27}},"171":{"start":{"line":554,"column":18},"end":{"line":564,"column":6}},"172":{"start":{"line":565,"column":4},"end":{"line":565,"column":28}},"173":{"start":{"line":569,"column":34},"end":{"line":569,"column":68}},"174":{"start":{"line":570,"column":25},"end":{"line":570,"column":60}},"175":{"start":{"line":571,"column":22},"end":{"line":571,"column":57}},"176":{"start":{"line":572,"column":23},"end":{"line":572,"column":41}},"177":{"start":{"line":573,"column":4},"end":{"line":575,"column":5}},"178":{"start":{"line":574,"column":6},"end":{"line":574,"column":38}},"179":{"start":{"line":576,"column":4},"end":{"line":576,"column":27}},"180":{"start":{"line":580,"column":22},"end":{"line":599,"column":6}},"181":{"start":{"line":601,"column":4},"end":{"line":605,"column":7}},"182":{"start":{"line":602,"column":6},"end":{"line":602,"column":26}},"183":{"start":{"line":603,"column":6},"end":{"line":603,"column":28}},"184":{"start":{"line":604,"column":6},"end":{"line":604,"column":27}},"185":{"start":{"line":607,"column":4},"end":{"line":617,"column":7}},"186":{"start":{"line":608,"column":20},"end":{"line":608,"column":47}},"187":{"start":{"line":609,"column":6},"end":{"line":609,"column":26}},"188":{"start":{"line":611,"column":6},"end":{"line":615,"column":7}},"189":{"start":{"line":612,"column":8},"end":{"line":612,"column":34}},"190":{"start":{"line":614,"column":8},"end":{"line":614,"column":30}},"191":{"start":{"line":616,"column":6},"end":{"line":616,"column":27}},"192":{"start":{"line":619,"column":4},"end":{"line":619,"column":22}},"193":{"start":{"line":620,"column":4},"end":{"line":620,"column":25}},"194":{"start":{"line":624,"column":4},"end":{"line":632,"column":5}},"195":{"start":{"line":625,"column":22},"end":{"line":625,"column":54}},"196":{"start":{"line":626,"column":26},"end":{"line":626,"column":78}},"197":{"start":{"line":626,"column":46},"end":{"line":626,"column":77}},"198":{"start":{"line":627,"column":6},"end":{"line":627,"column":42}},"199":{"start":{"line":628,"column":6},"end":{"line":628,"column":128}},"200":{"start":{"line":629,"column":6},"end":{"line":629,"column":27}},"201":{"start":{"line":631,"column":6},"end":{"line":631,"column":101}},"202":{"start":{"line":636,"column":4},"end":{"line":643,"column":5}},"203":{"start":{"line":638,"column":8},"end":{"line":638,"column":49}},"204":{"start":{"line":640,"column":8},"end":{"line":640,"column":50}},"205":{"start":{"line":642,"column":8},"end":{"line":642,"column":40}},"206":{"start":{"line":647,"column":4},"end":{"line":649,"column":5}},"207":{"start":{"line":648,"column":6},"end":{"line":648,"column":45}},"208":{"start":{"line":650,"column":4},"end":{"line":650,"column":32}},"209":{"start":{"line":651,"column":4},"end":{"line":651,"column":27}},"210":{"start":{"line":655,"column":4},"end":{"line":657,"column":5}},"211":{"start":{"line":656,"column":6},"end":{"line":656,"column":54}},"212":{"start":{"line":658,"column":4},"end":{"line":658,"column":50}},"213":{"start":{"line":659,"column":4},"end":{"line":659,"column":25}},"214":{"start":{"line":660,"column":4},"end":{"line":660,"column":25}},"215":{"start":{"line":663,"column":4},"end":{"line":665,"column":13}},"216":{"start":{"line":664,"column":6},"end":{"line":664,"column":24}},"217":{"start":{"line":669,"column":4},"end":{"line":669,"column":52}},"218":{"start":{"line":670,"column":4},"end":{"line":670,"column":37}},"219":{"start":{"line":671,"column":4},"end":{"line":671,"column":25}},"220":{"start":{"line":672,"column":4},"end":{"line":672,"column":25}},"221":{"start":{"line":675,"column":4},"end":{"line":677,"column":13}},"222":{"start":{"line":676,"column":6},"end":{"line":676,"column":24}},"223":{"start":{"line":681,"column":4},"end":{"line":681,"column":25}},"224":{"start":{"line":682,"column":4},"end":{"line":682,"column":35}},"225":{"start":{"line":683,"column":4},"end":{"line":683,"column":25}},"226":{"start":{"line":687,"column":4},"end":{"line":687,"column":26}},"227":{"start":{"line":688,"column":4},"end":{"line":688,"column":25}},"228":{"start":{"line":691,"column":4},"end":{"line":691,"column":35}},"229":{"start":{"line":692,"column":4},"end":{"line":692,"column":27}},"230":{"start":{"line":696,"column":4},"end":{"line":700,"column":5}},"231":{"start":{"line":697,"column":6},"end":{"line":697,"column":28}},"232":{"start":{"line":699,"column":6},"end":{"line":699,"column":47}},"233":{"start":{"line":8,"column":0},"end":{"line":8,"column":13}}},"fnMap":{"0":{"name":"(anonymous_9)","decl":{"start":{"line":22,"column":2},"end":{"line":22,"column":14}},"loc":{"start":{"line":22,"column":54},"end":{"line":29,"column":3}}},"1":{"name":"(anonymous_10)","decl":{"start":{"line":31,"column":10},"end":{"line":31,"column":22}},"loc":{"start":{"line":31,"column":22},"end":{"line":43,"column":3}}},"2":{"name":"(anonymous_11)","decl":{"start":{"line":45,"column":10},"end":{"line":45,"column":22}},"loc":{"start":{"line":45,"column":22},"end":{"line":51,"column":3}}},"3":{"name":"(anonymous_12)","decl":{"start":{"line":53,"column":10},"end":{"line":53,"column":24}},"loc":{"start":{"line":53,"column":24},"end":{"line":88,"column":3}}},"4":{"name":"(anonymous_13)","decl":{"start":{"line":90,"column":10},"end":{"line":90,"column":23}},"loc":{"start":{"line":90,"column":23},"end":{"line":251,"column":3}}},"5":{"name":"(anonymous_14)","decl":{"start":{"line":249,"column":29},"end":{"line":249,"column":32}},"loc":{"start":{"line":249,"column":35},"end":{"line":249,"column":55}}},"6":{"name":"(anonymous_15)","decl":{"start":{"line":250,"column":29},"end":{"line":250,"column":32}},"loc":{"start":{"line":250,"column":35},"end":{"line":250,"column":53}}},"7":{"name":"(anonymous_16)","decl":{"start":{"line":253,"column":10},"end":{"line":253,"column":25}},"loc":{"start":{"line":253,"column":25},"end":{"line":266,"column":3}}},"8":{"name":"(anonymous_17)","decl":{"start":{"line":268,"column":10},"end":{"line":268,"column":24}},"loc":{"start":{"line":268,"column":24},"end":{"line":281,"column":3}}},"9":{"name":"(anonymous_18)","decl":{"start":{"line":284,"column":10},"end":{"line":284,"column":26}},"loc":{"start":{"line":284,"column":26},"end":{"line":353,"column":3}}},"10":{"name":"(anonymous_19)","decl":{"start":{"line":286,"column":44},"end":{"line":286,"column":47}},"loc":{"start":{"line":286,"column":49},"end":{"line":289,"column":5}}},"11":{"name":"(anonymous_20)","decl":{"start":{"line":291,"column":27},"end":{"line":291,"column":30}},"loc":{"start":{"line":291,"column":32},"end":{"line":295,"column":5}}},"12":{"name":"(anonymous_21)","decl":{"start":{"line":297,"column":27},"end":{"line":297,"column":30}},"loc":{"start":{"line":297,"column":32},"end":{"line":301,"column":5}}},"13":{"name":"(anonymous_22)","decl":{"start":{"line":303,"column":27},"end":{"line":303,"column":30}},"loc":{"start":{"line":303,"column":32},"end":{"line":307,"column":5}}},"14":{"name":"(anonymous_23)","decl":{"start":{"line":310,"column":33},"end":{"line":310,"column":36}},"loc":{"start":{"line":310,"column":38},"end":{"line":312,"column":5}}},"15":{"name":"(anonymous_24)","decl":{"start":{"line":314,"column":39},"end":{"line":314,"column":42}},"loc":{"start":{"line":314,"column":44},"end":{"line":316,"column":5}}},"16":{"name":"(anonymous_25)","decl":{"start":{"line":318,"column":33},"end":{"line":318,"column":36}},"loc":{"start":{"line":318,"column":38},"end":{"line":320,"column":5}}},"17":{"name":"(anonymous_26)","decl":{"start":{"line":323,"column":33},"end":{"line":323,"column":36}},"loc":{"start":{"line":323,"column":38},"end":{"line":325,"column":5}}},"18":{"name":"(anonymous_27)","decl":{"start":{"line":327,"column":42},"end":{"line":327,"column":45}},"loc":{"start":{"line":327,"column":47},"end":{"line":329,"column":5}}},"19":{"name":"(anonymous_28)","decl":{"start":{"line":331,"column":45},"end":{"line":331,"column":48}},"loc":{"start":{"line":331,"column":50},"end":{"line":334,"column":5}}},"20":{"name":"(anonymous_29)","decl":{"start":{"line":336,"column":38},"end":{"line":336,"column":41}},"loc":{"start":{"line":336,"column":43},"end":{"line":338,"column":5}}},"21":{"name":"(anonymous_30)","decl":{"start":{"line":341,"column":32},"end":{"line":341,"column":35}},"loc":{"start":{"line":341,"column":37},"end":{"line":344,"column":5}}},"22":{"name":"(anonymous_31)","decl":{"start":{"line":346,"column":35},"end":{"line":346,"column":38}},"loc":{"start":{"line":346,"column":40},"end":{"line":349,"column":5}}},"23":{"name":"(anonymous_32)","decl":{"start":{"line":355,"column":9},"end":{"line":355,"column":24}},"loc":{"start":{"line":355,"column":24},"end":{"line":383,"column":3}}},"24":{"name":"(anonymous_33)","decl":{"start":{"line":370,"column":34},"end":{"line":370,"column":38}},"loc":{"start":{"line":370,"column":42},"end":{"line":370,"column":73}}},"25":{"name":"(anonymous_34)","decl":{"start":{"line":385,"column":10},"end":{"line":385,"column":30}},"loc":{"start":{"line":385,"column":41},"end":{"line":398,"column":3}}},"26":{"name":"(anonymous_35)","decl":{"start":{"line":400,"column":9},"end":{"line":400,"column":24}},"loc":{"start":{"line":400,"column":24},"end":{"line":416,"column":3}}},"27":{"name":"(anonymous_36)","decl":{"start":{"line":418,"column":10},"end":{"line":418,"column":21}},"loc":{"start":{"line":418,"column":21},"end":{"line":429,"column":3}}},"28":{"name":"(anonymous_37)","decl":{"start":{"line":431,"column":10},"end":{"line":431,"column":18}},"loc":{"start":{"line":431,"column":18},"end":{"line":446,"column":3}}},"29":{"name":"(anonymous_38)","decl":{"start":{"line":448,"column":9},"end":{"line":448,"column":22}},"loc":{"start":{"line":448,"column":22},"end":{"line":471,"column":3}}},"30":{"name":"(anonymous_39)","decl":{"start":{"line":473,"column":10},"end":{"line":473,"column":30}},"loc":{"start":{"line":473,"column":30},"end":{"line":491,"column":3}}},"31":{"name":"(anonymous_40)","decl":{"start":{"line":493,"column":10},"end":{"line":493,"column":28}},"loc":{"start":{"line":493,"column":28},"end":{"line":510,"column":3}}},"32":{"name":"(anonymous_41)","decl":{"start":{"line":512,"column":10},"end":{"line":512,"column":25}},"loc":{"start":{"line":512,"column":25},"end":{"line":551,"column":3}}},"33":{"name":"(anonymous_42)","decl":{"start":{"line":541,"column":46},"end":{"line":541,"column":49}},"loc":{"start":{"line":541,"column":51},"end":{"line":545,"column":7}}},"34":{"name":"(anonymous_43)","decl":{"start":{"line":553,"column":10},"end":{"line":553,"column":27}},"loc":{"start":{"line":553,"column":38},"end":{"line":566,"column":3}}},"35":{"name":"(anonymous_44)","decl":{"start":{"line":568,"column":10},"end":{"line":568,"column":21}},"loc":{"start":{"line":568,"column":21},"end":{"line":577,"column":3}}},"36":{"name":"(anonymous_45)","decl":{"start":{"line":579,"column":10},"end":{"line":579,"column":26}},"loc":{"start":{"line":579,"column":26},"end":{"line":621,"column":3}}},"37":{"name":"(anonymous_46)","decl":{"start":{"line":601,"column":30},"end":{"line":601,"column":33}},"loc":{"start":{"line":601,"column":35},"end":{"line":605,"column":5}}},"38":{"name":"(anonymous_47)","decl":{"start":{"line":607,"column":29},"end":{"line":607,"column":32}},"loc":{"start":{"line":607,"column":34},"end":{"line":617,"column":5}}},"39":{"name":"(anonymous_48)","decl":{"start":{"line":623,"column":10},"end":{"line":623,"column":23}},"loc":{"start":{"line":623,"column":37},"end":{"line":633,"column":3}}},"40":{"name":"(anonymous_49)","decl":{"start":{"line":626,"column":38},"end":{"line":626,"column":42}},"loc":{"start":{"line":626,"column":46},"end":{"line":626,"column":77}}},"41":{"name":"(anonymous_50)","decl":{"start":{"line":635,"column":10},"end":{"line":635,"column":33}},"loc":{"start":{"line":635,"column":33},"end":{"line":644,"column":3}}},"42":{"name":"(anonymous_51)","decl":{"start":{"line":646,"column":9},"end":{"line":646,"column":18}},"loc":{"start":{"line":646,"column":37},"end":{"line":652,"column":3}}},"43":{"name":"(anonymous_52)","decl":{"start":{"line":654,"column":9},"end":{"line":654,"column":18}},"loc":{"start":{"line":654,"column":34},"end":{"line":666,"column":3}}},"44":{"name":"(anonymous_53)","decl":{"start":{"line":663,"column":15},"end":{"line":663,"column":18}},"loc":{"start":{"line":663,"column":20},"end":{"line":665,"column":5}}},"45":{"name":"(anonymous_54)","decl":{"start":{"line":668,"column":10},"end":{"line":668,"column":21}},"loc":{"start":{"line":668,"column":37},"end":{"line":678,"column":3}}},"46":{"name":"(anonymous_55)","decl":{"start":{"line":675,"column":15},"end":{"line":675,"column":18}},"loc":{"start":{"line":675,"column":20},"end":{"line":677,"column":5}}},"47":{"name":"(anonymous_56)","decl":{"start":{"line":680,"column":9},"end":{"line":680,"column":19}},"loc":{"start":{"line":680,"column":19},"end":{"line":684,"column":3}}},"48":{"name":"(anonymous_57)","decl":{"start":{"line":686,"column":9},"end":{"line":686,"column":14}},"loc":{"start":{"line":686,"column":14},"end":{"line":693,"column":3}}},"49":{"name":"(anonymous_58)","decl":{"start":{"line":695,"column":9},"end":{"line":695,"column":17}},"loc":{"start":{"line":695,"column":17},"end":{"line":701,"column":3}}}},"branchMap":{"0":{"loc":{"start":{"line":23,"column":4},"end":{"line":25,"column":5}},"type":"if","locations":[{"start":{"line":23,"column":4},"end":{"line":25,"column":5}}]},"1":{"loc":{"start":{"line":292,"column":6},"end":{"line":294,"column":7}},"type":"if","locations":[{"start":{"line":292,"column":6},"end":{"line":294,"column":7}}]},"2":{"loc":{"start":{"line":298,"column":6},"end":{"line":300,"column":7}},"type":"if","locations":[{"start":{"line":298,"column":6},"end":{"line":300,"column":7}}]},"3":{"loc":{"start":{"line":304,"column":6},"end":{"line":306,"column":7}},"type":"if","locations":[{"start":{"line":304,"column":6},"end":{"line":306,"column":7}}]},"4":{"loc":{"start":{"line":359,"column":6},"end":{"line":368,"column":7}},"type":"switch","locations":[{"start":{"line":360,"column":8},"end":{"line":362,"column":16}},{"start":{"line":363,"column":8},"end":{"line":365,"column":16}},{"start":{"line":366,"column":8},"end":{"line":367,"column":43}}]},"5":{"loc":{"start":{"line":386,"column":21},"end":{"line":386,"column":51}},"type":"cond-expr","locations":[{"start":{"line":386,"column":38},"end":{"line":386,"column":43}},{"start":{"line":386,"column":46},"end":{"line":386,"column":51}}]},"6":{"loc":{"start":{"line":387,"column":21},"end":{"line":387,"column":83}},"type":"cond-expr","locations":[{"start":{"line":387,"column":57},"end":{"line":387,"column":78}},{"start":{"line":387,"column":81},"end":{"line":387,"column":83}}]},"7":{"loc":{"start":{"line":388,"column":21},"end":{"line":388,"column":63}},"type":"cond-expr","locations":[{"start":{"line":388,"column":37},"end":{"line":388,"column":58}},{"start":{"line":388,"column":61},"end":{"line":388,"column":63}}]},"8":{"loc":{"start":{"line":389,"column":20},"end":{"line":389,"column":80}},"type":"cond-expr","locations":[{"start":{"line":389,"column":35},"end":{"line":389,"column":75}},{"start":{"line":389,"column":78},"end":{"line":389,"column":80}}]},"9":{"loc":{"start":{"line":390,"column":20},"end":{"line":390,"column":100}},"type":"cond-expr","locations":[{"start":{"line":390,"column":83},"end":{"line":390,"column":95}},{"start":{"line":390,"column":98},"end":{"line":390,"column":100}}]},"10":{"loc":{"start":{"line":390,"column":20},"end":{"line":390,"column":80}},"type":"binary-expr","locations":[{"start":{"line":390,"column":20},"end":{"line":390,"column":32}},{"start":{"line":390,"column":36},"end":{"line":390,"column":61}},{"start":{"line":390,"column":65},"end":{"line":390,"column":80}}]},"11":{"loc":{"start":{"line":393,"column":4},"end":{"line":395,"column":5}},"type":"if","locations":[{"start":{"line":393,"column":4},"end":{"line":395,"column":5}}]},"12":{"loc":{"start":{"line":435,"column":6},"end":{"line":437,"column":7}},"type":"if","locations":[{"start":{"line":435,"column":6},"end":{"line":437,"column":7}}]},"13":{"loc":{"start":{"line":451,"column":6},"end":{"line":454,"column":7}},"type":"if","locations":[{"start":{"line":451,"column":6},"end":{"line":454,"column":7}}]},"14":{"loc":{"start":{"line":456,"column":29},"end":{"line":456,"column":69}},"type":"binary-expr","locations":[{"start":{"line":456,"column":29},"end":{"line":456,"column":64}},{"start":{"line":456,"column":68},"end":{"line":456,"column":69}}]},"15":{"loc":{"start":{"line":458,"column":23},"end":{"line":458,"column":67}},"type":"binary-expr","locations":[{"start":{"line":458,"column":23},"end":{"line":458,"column":48}},{"start":{"line":458,"column":52},"end":{"line":458,"column":67}}]},"16":{"loc":{"start":{"line":461,"column":29},"end":{"line":461,"column":60}},"type":"cond-expr","locations":[{"start":{"line":461,"column":40},"end":{"line":461,"column":48}},{"start":{"line":461,"column":51},"end":{"line":461,"column":60}}]},"17":{"loc":{"start":{"line":469,"column":47},"end":{"line":469,"column":103}},"type":"cond-expr","locations":[{"start":{"line":469,"column":72},"end":{"line":469,"column":85}},{"start":{"line":469,"column":88},"end":{"line":469,"column":103}}]},"18":{"loc":{"start":{"line":475,"column":29},"end":{"line":475,"column":64}},"type":"binary-expr","locations":[{"start":{"line":475,"column":29},"end":{"line":475,"column":59}},{"start":{"line":475,"column":63},"end":{"line":475,"column":64}}]},"19":{"loc":{"start":{"line":478,"column":6},"end":{"line":487,"column":7}},"type":"if","locations":[{"start":{"line":478,"column":6},"end":{"line":487,"column":7}}]},"20":{"loc":{"start":{"line":478,"column":10},"end":{"line":478,"column":60}},"type":"binary-expr","locations":[{"start":{"line":478,"column":10},"end":{"line":478,"column":28}},{"start":{"line":478,"column":32},"end":{"line":478,"column":60}}]},"21":{"loc":{"start":{"line":480,"column":8},"end":{"line":484,"column":9}},"type":"if","locations":[{"start":{"line":480,"column":8},"end":{"line":484,"column":9}},{"start":{"line":482,"column":15},"end":{"line":484,"column":9}}]},"22":{"loc":{"start":{"line":480,"column":12},"end":{"line":480,"column":34}},"type":"binary-expr","locations":[{"start":{"line":480,"column":12},"end":{"line":480,"column":16}},{"start":{"line":480,"column":20},"end":{"line":480,"column":34}}]},"23":{"loc":{"start":{"line":482,"column":15},"end":{"line":484,"column":9}},"type":"if","locations":[{"start":{"line":482,"column":15},"end":{"line":484,"column":9}}]},"24":{"loc":{"start":{"line":489,"column":61},"end":{"line":489,"column":117}},"type":"cond-expr","locations":[{"start":{"line":489,"column":86},"end":{"line":489,"column":99}},{"start":{"line":489,"column":102},"end":{"line":489,"column":117}}]},"25":{"loc":{"start":{"line":495,"column":29},"end":{"line":495,"column":64}},"type":"binary-expr","locations":[{"start":{"line":495,"column":29},"end":{"line":495,"column":59}},{"start":{"line":495,"column":63},"end":{"line":495,"column":64}}]},"26":{"loc":{"start":{"line":498,"column":6},"end":{"line":506,"column":7}},"type":"if","locations":[{"start":{"line":498,"column":6},"end":{"line":506,"column":7}}]},"27":{"loc":{"start":{"line":498,"column":10},"end":{"line":498,"column":60}},"type":"binary-expr","locations":[{"start":{"line":498,"column":10},"end":{"line":498,"column":28}},{"start":{"line":498,"column":32},"end":{"line":498,"column":60}}]},"28":{"loc":{"start":{"line":500,"column":8},"end":{"line":505,"column":9}},"type":"if","locations":[{"start":{"line":500,"column":8},"end":{"line":505,"column":9}}]},"29":{"loc":{"start":{"line":508,"column":50},"end":{"line":508,"column":106}},"type":"cond-expr","locations":[{"start":{"line":508,"column":75},"end":{"line":508,"column":88}},{"start":{"line":508,"column":91},"end":{"line":508,"column":106}}]},"30":{"loc":{"start":{"line":513,"column":27},"end":{"line":513,"column":62}},"type":"binary-expr","locations":[{"start":{"line":513,"column":27},"end":{"line":513,"column":57}},{"start":{"line":513,"column":61},"end":{"line":513,"column":62}}]},"31":{"loc":{"start":{"line":516,"column":4},"end":{"line":550,"column":5}},"type":"if","locations":[{"start":{"line":516,"column":4},"end":{"line":550,"column":5}}]},"32":{"loc":{"start":{"line":516,"column":8},"end":{"line":516,"column":58}},"type":"binary-expr","locations":[{"start":{"line":516,"column":8},"end":{"line":516,"column":26}},{"start":{"line":516,"column":30},"end":{"line":516,"column":58}}]},"33":{"loc":{"start":{"line":518,"column":6},"end":{"line":549,"column":7}},"type":"if","locations":[{"start":{"line":518,"column":6},"end":{"line":549,"column":7}}]},"34":{"loc":{"start":{"line":556,"column":17},"end":{"line":556,"column":60}},"type":"cond-expr","locations":[{"start":{"line":556,"column":34},"end":{"line":556,"column":45}},{"start":{"line":556,"column":48},"end":{"line":556,"column":60}}]},"35":{"loc":{"start":{"line":558,"column":19},"end":{"line":558,"column":42}},"type":"binary-expr","locations":[{"start":{"line":558,"column":19},"end":{"line":558,"column":32}},{"start":{"line":558,"column":36},"end":{"line":558,"column":42}}]},"36":{"loc":{"start":{"line":560,"column":19},"end":{"line":560,"column":72}},"type":"cond-expr","locations":[{"start":{"line":560,"column":34},"end":{"line":560,"column":63}},{"start":{"line":560,"column":66},"end":{"line":560,"column":72}}]},"37":{"loc":{"start":{"line":561,"column":20},"end":{"line":561,"column":90}},"type":"cond-expr","locations":[{"start":{"line":561,"column":39},"end":{"line":561,"column":72}},{"start":{"line":561,"column":75},"end":{"line":561,"column":90}}]},"38":{"loc":{"start":{"line":573,"column":4},"end":{"line":575,"column":5}},"type":"if","locations":[{"start":{"line":573,"column":4},"end":{"line":575,"column":5}}]},"39":{"loc":{"start":{"line":611,"column":6},"end":{"line":615,"column":7}},"type":"if","locations":[{"start":{"line":611,"column":6},"end":{"line":615,"column":7}},{"start":{"line":613,"column":13},"end":{"line":615,"column":7}}]},"40":{"loc":{"start":{"line":631,"column":42},"end":{"line":631,"column":98}},"type":"cond-expr","locations":[{"start":{"line":631,"column":67},"end":{"line":631,"column":80}},{"start":{"line":631,"column":83},"end":{"line":631,"column":98}}]},"41":{"loc":{"start":{"line":636,"column":4},"end":{"line":643,"column":5}},"type":"switch","locations":[{"start":{"line":637,"column":6},"end":{"line":638,"column":49}},{"start":{"line":639,"column":6},"end":{"line":640,"column":50}},{"start":{"line":641,"column":6},"end":{"line":642,"column":40}}]},"42":{"loc":{"start":{"line":647,"column":4},"end":{"line":649,"column":5}},"type":"if","locations":[{"start":{"line":647,"column":4},"end":{"line":649,"column":5}}]},"43":{"loc":{"start":{"line":655,"column":4},"end":{"line":657,"column":5}},"type":"if","locations":[{"start":{"line":655,"column":4},"end":{"line":657,"column":5}}]}},"s":{"0":0,"1":0,"2":0,"3":0,"4":0,"5":0,"6":0,"7":0,"8":0,"9":0,"10":0,"11":0,"12":0,"13":0,"14":0,"15":0,"16":0,"17":0,"18":0,"19":0,"20":0,"21":0,"22":0,"23":0,"24":0,"25":0,"26":0,"27":0,"28":0,"29":0,"30":0,"31":0,"32":0,"33":0,"34":0,"35":0,"36":0,"37":0,"38":0,"39":0,"40":0,"41":0,"42":0,"43":0,"44":0,"45":0,"46":0,"47":0,"48":0,"49":0,"50":0,"51":0,"52":0,"53":0,"54":0,"55":0,"56":0,"57":0,"58":0,"59":0,"60":0,"61":0,"62":0,"63":0,"64":0,"65":0,"66":0,"67":0,"68":0,"69":0,"70":0,"71":0,"72":0,"73":0,"74":0,"75":0,"76":0,"77":0,"78":0,"79":0,"80":0,"81":0,"82":0,"83":0,"84":0,"85":0,"86":0,"87":0,"88":0,"89":0,"90":0,"91":0,"92":0,"93":0,"94":0,"95":0,"96":0,"97":0,"98":0,"99":0,"100":0,"101":0,"102":0,"103":0,"104":0,"105":0,"106":0,"107":0,"108":0,"109":0,"110":0,"111":0,"112":0,"113":0,"114":0,"115":0,"116":0,"117":0,"118":0,"119":0,"120":0,"121":0,"122":0,"123":0,"124":0,"125":0,"126":0,"127":0,"128":0,"129":0,"130":0,"131":0,"132":0,"133":0,"134":0,"135":0,"136":0,"137":0,"138":0,"139":0,"140":0,"141":0,"142":0,"143":0,"144":0,"145":0,"146":0,"147":0,"148":0,"149":0,"150":0,"151":0,"152":0,"153":0,"154":0,"155":0,"156":0,"157":0,"158":0,"159":0,"160":0,"161":0,"162":0,"163":0,"164":0,"165":0,"166":0,"167":0,"168":0,"169":0,"170":0,"171":0,"172":0,"173":0,"174":0,"175":0,"176":0,"177":0,"178":0,"179":0,"180":0,"181":0,"182":0,"183":0,"184":0,"185":0,"186":0,"187":0,"188":0,"189":0,"190":0,"191":0,"192":0,"193":0,"194":0,"195":0,"196":0,"197":0,"198":0,"199":0,"200":0,"201":0,"202":0,"203":0,"204":0,"205":0,"206":0,"207":0,"208":0,"209":0,"210":0,"211":0,"212":0,"213":0,"214":0,"215":0,"216":0,"217":0,"218":0,"219":0,"220":0,"221":0,"222":0,"223":0,"224":0,"225":0,"226":0,"227":0,"228":0,"229":0,"230":0,"231":0,"232":0,"233":0},"f":{"0":0,"1":0,"2":0,"3":0,"4":0,"5":0,"6":0,"7":0,"8":0,"9":0,"10":0,"11":0,"12":0,"13":0,"14":0,"15":0,"16":0,"17":0,"18":0,"19":0,"20":0,"21":0,"22":0,"23":0,"24":0,"25":0,"26":0,"27":0,"28":0,"29":0,"30":0,"31":0,"32":0,"33":0,"34":0,"35":0,"36":0,"37":0,"38":0,"39":0,"40":0,"41":0,"42":0,"43":0,"44":0,"45":0,"46":0,"47":0,"48":0,"49":0},"b":{"0":[0],"1":[0],"2":[0],"3":[0],"4":[0,0,0],"5":[0,0],"6":[0,0],"7":[0,0],"8":[0,0],"9":[0,0],"10":[0,0,0],"11":[0],"12":[0],"13":[0],"14":[0,0],"15":[0,0],"16":[0,0],"17":[0,0],"18":[0,0],"19":[0],"20":[0,0],"21":[0,0],"22":[0,0],"23":[0],"24":[0,0],"25":[0,0],"26":[0],"27":[0,0],"28":[0],"29":[0,0],"30":[0,0],"31":[0],"32":[0,0],"33":[0],"34":[0,0],"35":[0,0],"36":[0,0],"37":[0,0],"38":[0],"39":[0,0],"40":[0,0],"41":[0,0,0],"42":[0],"43":[0]}}
,"/Users/zhuzhu/eclipse-workspace/CS5500Exercise/source/lessons/lesson-02/src/calculator.ts": {"path":"/Users/zhuzhu/eclipse-workspace/CS5500Exercise/source/lessons/lesson-02/src/calculator.ts","statementMap":{"0":{"start":{"line":11,"column":4},"end":{"line":11,"column":21}},"1":{"start":{"line":12,"column":4},"end":{"line":12,"column":22}},"2":{"start":{"line":21,"column":4},"end":{"line":21,"column":25}},"3":{"start":{"line":22,"column":4},"end":{"line":22,"column":22}},"4":{"start":{"line":24,"column":4},"end":{"line":38,"column":5}},"5":{"start":{"line":25,"column":6},"end":{"line":27,"column":7}},"6":{"start":{"line":26,"column":8},"end":{"line":26,"column":45}},"7":{"start":{"line":29,"column":21},"end":{"line":29,"column":43}},"8":{"start":{"line":31,"column":6},"end":{"line":33,"column":7}},"9":{"start":{"line":32,"column":8},"end":{"line":32,"column":91}},"10":{"start":{"line":35,"column":6},"end":{"line":35,"column":24}},"11":{"start":{"line":37,"column":6},"end":{"line":37,"column":81}},"12":{"start":{"line":45,"column":17},"end":{"line":45,"column":33}},"13":{"start":{"line":47,"column":4},"end":{"line":59,"column":5}},"14":{"start":{"line":48,"column":23},"end":{"line":48,"column":49}},"15":{"start":{"line":50,"column":6},"end":{"line":58,"column":7}},"16":{"start":{"line":51,"column":8},"end":{"line":51,"column":24}},"17":{"start":{"line":52,"column":8},"end":{"line":52,"column":35}},"18":{"start":{"line":53,"column":13},"end":{"line":58,"column":7}},"19":{"start":{"line":54,"column":8},"end":{"line":54,"column":24}},"20":{"start":{"line":55,"column":8},"end":{"line":55,"column":35}},"21":{"start":{"line":57,"column":8},"end":{"line":57,"column":14}},"22":{"start":{"line":61,"column":4},"end":{"line":61,"column":18}},"23":{"start":{"line":68,"column":17},"end":{"line":68,"column":35}},"24":{"start":{"line":70,"column":4},"end":{"line":86,"column":5}},"25":{"start":{"line":71,"column":23},"end":{"line":71,"column":49}},"26":{"start":{"line":73,"column":6},"end":{"line":85,"column":7}},"27":{"start":{"line":74,"column":8},"end":{"line":74,"column":24}},"28":{"start":{"line":75,"column":8},"end":{"line":75,"column":37}},"29":{"start":{"line":76,"column":13},"end":{"line":85,"column":7}},"30":{"start":{"line":77,"column":8},"end":{"line":77,"column":24}},"31":{"start":{"line":78,"column":24},"end":{"line":78,"column":42}},"32":{"start":{"line":79,"column":8},"end":{"line":81,"column":9}},"33":{"start":{"line":80,"column":10},"end":{"line":80,"column":46}},"34":{"start":{"line":82,"column":8},"end":{"line":82,"column":26}},"35":{"start":{"line":84,"column":8},"end":{"line":84,"column":14}},"36":{"start":{"line":88,"column":4},"end":{"line":88,"column":18}},"37":{"start":{"line":95,"column":4},"end":{"line":97,"column":5}},"38":{"start":{"line":96,"column":6},"end":{"line":96,"column":54}},"39":{"start":{"line":99,"column":18},"end":{"line":99,"column":44}},"40":{"start":{"line":100,"column":4},"end":{"line":102,"column":5}},"41":{"start":{"line":101,"column":6},"end":{"line":101,"column":54}},"42":{"start":{"line":105,"column":4},"end":{"line":108,"column":5}},"43":{"start":{"line":106,"column":6},"end":{"line":106,"column":22}},"44":{"start":{"line":107,"column":6},"end":{"line":107,"column":33}},"45":{"start":{"line":111,"column":4},"end":{"line":114,"column":5}},"46":{"start":{"line":112,"column":6},"end":{"line":112,"column":22}},"47":{"start":{"line":113,"column":6},"end":{"line":113,"column":32}},"48":{"start":{"line":117,"column":4},"end":{"line":127,"column":5}},"49":{"start":{"line":118,"column":6},"end":{"line":118,"column":22}},"50":{"start":{"line":119,"column":21},"end":{"line":119,"column":43}},"51":{"start":{"line":121,"column":6},"end":{"line":123,"column":7}},"52":{"start":{"line":122,"column":8},"end":{"line":122,"column":55}},"53":{"start":{"line":125,"column":6},"end":{"line":125,"column":22}},"54":{"start":{"line":126,"column":6},"end":{"line":126,"column":20}},"55":{"start":{"line":132,"column":4},"end":{"line":141,"column":5}},"56":{"start":{"line":135,"column":6},"end":{"line":135,"column":22}},"57":{"start":{"line":136,"column":6},"end":{"line":140,"column":7}},"58":{"start":{"line":137,"column":8},"end":{"line":137,"column":34}},"59":{"start":{"line":139,"column":8},"end":{"line":139,"column":35}},"60":{"start":{"line":144,"column":4},"end":{"line":147,"column":5}},"61":{"start":{"line":145,"column":6},"end":{"line":145,"column":22}},"62":{"start":{"line":146,"column":6},"end":{"line":146,"column":31}},"63":{"start":{"line":149,"column":4},"end":{"line":149,"column":62}},"64":{"start":{"line":156,"column":4},"end":{"line":156,"column":68}},"65":{"start":{"line":6,"column":0},"end":{"line":6,"column":13}}},"fnMap":{"0":{"name":"(anonymous_0)","decl":{"start":{"line":10,"column":2},"end":{"line":10,"column":null}},"loc":{"start":{"line":10,"column":2},"end":{"line":13,"column":3}}},"1":{"name":"(anonymous_1)","decl":{"start":{"line":20,"column":2},"end":{"line":20,"column":11}},"loc":{"start":{"line":20,"column":28},"end":{"line":39,"column":3}}},"2":{"name":"(anonymous_2)","decl":{"start":{"line":44,"column":10},"end":{"line":44,"column":25}},"loc":{"start":{"line":44,"column":25},"end":{"line":62,"column":3}}},"3":{"name":"(anonymous_3)","decl":{"start":{"line":67,"column":10},"end":{"line":67,"column":19}},"loc":{"start":{"line":67,"column":19},"end":{"line":89,"column":3}}},"4":{"name":"(anonymous_4)","decl":{"start":{"line":94,"column":10},"end":{"line":94,"column":21}},"loc":{"start":{"line":94,"column":21},"end":{"line":150,"column":3}}},"5":{"name":"(anonymous_5)","decl":{"start":{"line":155,"column":10},"end":{"line":155,"column":18}},"loc":{"start":{"line":155,"column":32},"end":{"line":157,"column":3}}}},"branchMap":{"0":{"loc":{"start":{"line":25,"column":6},"end":{"line":27,"column":7}},"type":"if","locations":[{"start":{"line":25,"column":6},"end":{"line":27,"column":7}}]},"1":{"loc":{"start":{"line":31,"column":6},"end":{"line":33,"column":7}},"type":"if","locations":[{"start":{"line":31,"column":6},"end":{"line":33,"column":7}}]},"2":{"loc":{"start":{"line":32,"column":45},"end":{"line":32,"column":86}},"type":"binary-expr","locations":[{"start":{"line":32,"column":45},"end":{"line":32,"column":71}},{"start":{"line":32,"column":75},"end":{"line":32,"column":86}}]},"3":{"loc":{"start":{"line":37,"column":22},"end":{"line":37,"column":78}},"type":"cond-expr","locations":[{"start":{"line":37,"column":47},"end":{"line":37,"column":60}},{"start":{"line":37,"column":63},"end":{"line":37,"column":78}}]},"4":{"loc":{"start":{"line":50,"column":6},"end":{"line":58,"column":7}},"type":"if","locations":[{"start":{"line":50,"column":6},"end":{"line":58,"column":7}},{"start":{"line":53,"column":13},"end":{"line":58,"column":7}}]},"5":{"loc":{"start":{"line":53,"column":13},"end":{"line":58,"column":7}},"type":"if","locations":[{"start":{"line":53,"column":13},"end":{"line":58,"column":7}},{"start":{"line":56,"column":13},"end":{"line":58,"column":7}}]},"6":{"loc":{"start":{"line":73,"column":6},"end":{"line":85,"column":7}},"type":"if","locations":[{"start":{"line":73,"column":6},"end":{"line":85,"column":7}},{"start":{"line":76,"column":13},"end":{"line":85,"column":7}}]},"7":{"loc":{"start":{"line":76,"column":13},"end":{"line":85,"column":7}},"type":"if","locations":[{"start":{"line":76,"column":13},"end":{"line":85,"column":7}},{"start":{"line":83,"column":13},"end":{"line":85,"column":7}}]},"8":{"loc":{"start":{"line":79,"column":8},"end":{"line":81,"column":9}},"type":"if","locations":[{"start":{"line":79,"column":8},"end":{"line":81,"column":9}}]},"9":{"loc":{"start":{"line":95,"column":4},"end":{"line":97,"column":5}},"type":"if","locations":[{"start":{"line":95,"column":4},"end":{"line":97,"column":5}}]},"10":{"loc":{"start":{"line":100,"column":4},"end":{"line":102,"column":5}},"type":"if","locations":[{"start":{"line":100,"column":4},"end":{"line":102,"column":5}}]},"11":{"loc":{"start":{"line":105,"column":4},"end":{"line":108,"column":5}},"type":"if","locations":[{"start":{"line":105,"column":4},"end":{"line":108,"column":5}}]},"12":{"loc":{"start":{"line":111,"column":4},"end":{"line":114,"column":5}},"type":"if","locations":[{"start":{"line":111,"column":4},"end":{"line":114,"column":5}}]},"13":{"loc":{"start":{"line":117,"column":4},"end":{"line":127,"column":5}},"type":"if","locations":[{"start":{"line":117,"column":4},"end":{"line":127,"column":5}}]},"14":{"loc":{"start":{"line":121,"column":6},"end":{"line":123,"column":7}},"type":"if","locations":[{"start":{"line":121,"column":6},"end":{"line":123,"column":7}}]},"15":{"loc":{"start":{"line":121,"column":10},"end":{"line":121,"column":83}},"type":"binary-expr","locations":[{"start":{"line":121,"column":10},"end":{"line":121,"column":45}},{"start":{"line":121,"column":49},"end":{"line":121,"column":83}}]},"16":{"loc":{"start":{"line":132,"column":4},"end":{"line":141,"column":5}},"type":"if","locations":[{"start":{"line":132,"column":4},"end":{"line":141,"column":5}}]},"17":{"loc":{"start":{"line":132,"column":8},"end":{"line":132,"column":38}},"type":"binary-expr","locations":[{"start":{"line":132,"column":8},"end":{"line":132,"column":21}},{"start":{"line":132,"column":25},"end":{"line":132,"column":38}}]},"18":{"loc":{"start":{"line":136,"column":6},"end":{"line":140,"column":7}},"type":"if","locations":[{"start":{"line":136,"column":6},"end":{"line":140,"column":7}},{"start":{"line":138,"column":13},"end":{"line":140,"column":7}}]},"19":{"loc":{"start":{"line":144,"column":4},"end":{"line":147,"column":5}},"type":"if","locations":[{"start":{"line":144,"column":4},"end":{"line":147,"column":5}}]},"20":{"loc":{"start":{"line":149,"column":38},"end":{"line":149,"column":58}},"type":"binary-expr","locations":[{"start":{"line":149,"column":38},"end":{"line":149,"column":43}},{"start":{"line":149,"column":47},"end":{"line":149,"column":58}}]},"21":{"loc":{"start":{"line":156,"column":11},"end":{"line":156,"column":67}},"type":"binary-expr","locations":[{"start":{"line":156,"column":11},"end":{"line":156,"column":36}},{"start":{"line":156,"column":40},"end":{"line":156,"column":67}}]}},"s":{"0":30,"1":30,"2":30,"3":30,"4":30,"5":30,"6":1,"7":29,"8":24,"9":1,"10":23,"11":5,"12":38,"13":34,"14":29,"15":29,"16":16,"17":16,"18":13,"19":4,"20":4,"21":9,"22":33,"23":58,"24":54,"25":44,"26":44,"27":10,"28":10,"29":34,"30":5,"31":5,"32":5,"33":1,"34":4,"35":29,"36":53,"37":83,"38":0,"39":83,"40":83,"41":1,"42":82,"43":8,"44":8,"45":74,"46":2,"47":2,"48":72,"49":9,"50":9,"51":9,"52":1,"53":8,"54":8,"55":63,"56":0,"57":0,"58":0,"59":0,"60":63,"61":61,"62":61,"63":2,"64":63,"65":1},"f":{"0":30,"1":30,"2":38,"3":58,"4":83,"5":63},"b":{"0":[1],"1":[1],"2":[1,0],"3":[5,0],"4":[16,13],"5":[4,9],"6":[10,34],"7":[5,29],"8":[1],"9":[0],"10":[1],"11":[8],"12":[2],"13":[9],"14":[1],"15":[9,8],"16":[0],"17":[63,63],"18":[0,0],"19":[61],"20":[2,0],"21":[63,61]}}
,"/Users/zhuzhu/eclipse-workspace/CS5500Exercise/source/lessons/lesson-02/src/todo.ts": {"path":"/Users/zhuzhu/eclipse-workspace/CS5500Exercise/source/lessons/lesson-02/src/todo.ts","statementMap":{"0":{"start":{"line":4,"column":0},"end":{"line":4,"column":null}},"1":{"start":{"line":5,"column":2},"end":{"line":5,"column":null}},"2":{"start":{"line":6,"column":2},"end":{"line":6,"column":null}},"3":{"start":{"line":7,"column":2},"end":{"line":7,"column":null}},"4":{"start":{"line":28,"column":10},"end":{"line":28,"column":29}},"5":{"start":{"line":29,"column":10},"end":{"line":29,"column":29}},"6":{"start":{"line":33,"column":4},"end":{"line":33,"column":20}},"7":{"start":{"line":38,"column":4},"end":{"line":38,"column":48}},"8":{"start":{"line":41,"column":4},"end":{"line":43,"column":5}},"9":{"start":{"line":42,"column":6},"end":{"line":42,"column":52}},"10":{"start":{"line":45,"column":23},"end":{"line":54,"column":6}},"11":{"start":{"line":57,"column":4},"end":{"line":57,"column":26}},"12":{"start":{"line":58,"column":4},"end":{"line":58,"column":16}},"13":{"start":{"line":62,"column":4},"end":{"line":64,"column":5}},"14":{"start":{"line":63,"column":6},"end":{"line":63,"column":61}},"15":{"start":{"line":66,"column":17},"end":{"line":66,"column":50}},"16":{"start":{"line":66,"column":38},"end":{"line":66,"column":49}},"17":{"start":{"line":67,"column":4},"end":{"line":69,"column":5}},"18":{"start":{"line":68,"column":6},"end":{"line":68,"column":40}},"19":{"start":{"line":72,"column":4},"end":{"line":75,"column":5}},"20":{"start":{"line":73,"column":6},"end":{"line":73,"column":28}},"21":{"start":{"line":74,"column":6},"end":{"line":74,"column":36}},"22":{"start":{"line":79,"column":4},"end":{"line":81,"column":5}},"23":{"start":{"line":80,"column":6},"end":{"line":80,"column":61}},"24":{"start":{"line":83,"column":17},"end":{"line":83,"column":50}},"25":{"start":{"line":83,"column":38},"end":{"line":83,"column":49}},"26":{"start":{"line":84,"column":4},"end":{"line":86,"column":5}},"27":{"start":{"line":85,"column":6},"end":{"line":85,"column":40}},"28":{"start":{"line":88,"column":4},"end":{"line":88,"column":27}},"29":{"start":{"line":89,"column":4},"end":{"line":89,"column":28}},"30":{"start":{"line":93,"column":4},"end":{"line":95,"column":5}},"31":{"start":{"line":94,"column":6},"end":{"line":94,"column":61}},"32":{"start":{"line":97,"column":22},"end":{"line":97,"column":60}},"33":{"start":{"line":97,"column":48},"end":{"line":97,"column":59}},"34":{"start":{"line":98,"column":4},"end":{"line":100,"column":5}},"35":{"start":{"line":99,"column":6},"end":{"line":99,"column":40}},"36":{"start":{"line":102,"column":4},"end":{"line":102,"column":36}},"37":{"start":{"line":107,"column":4},"end":{"line":107,"column":27}},"38":{"start":{"line":111,"column":4},"end":{"line":111,"column":54}},"39":{"start":{"line":111,"column":37},"end":{"line":111,"column":52}},"40":{"start":{"line":115,"column":4},"end":{"line":115,"column":53}},"41":{"start":{"line":115,"column":37},"end":{"line":115,"column":51}},"42":{"start":{"line":120,"column":4},"end":{"line":122,"column":5}},"43":{"start":{"line":121,"column":6},"end":{"line":121,"column":40}},"44":{"start":{"line":125,"column":4},"end":{"line":127,"column":5}},"45":{"start":{"line":126,"column":6},"end":{"line":126,"column":48}},"46":{"start":{"line":129,"column":17},"end":{"line":129,"column":50}},"47":{"start":{"line":129,"column":38},"end":{"line":129,"column":49}},"48":{"start":{"line":130,"column":4},"end":{"line":132,"column":5}},"49":{"start":{"line":131,"column":6},"end":{"line":131,"column":40}},"50":{"start":{"line":134,"column":4},"end":{"line":134,"column":29}},"51":{"start":{"line":138,"column":4},"end":{"line":140,"column":5}},"52":{"start":{"line":139,"column":6},"end":{"line":139,"column":40}},"53":{"start":{"line":143,"column":4},"end":{"line":145,"column":5}},"54":{"start":{"line":144,"column":6},"end":{"line":144,"column":38}},"55":{"start":{"line":147,"column":17},"end":{"line":147,"column":50}},"56":{"start":{"line":147,"column":38},"end":{"line":147,"column":49}},"57":{"start":{"line":148,"column":4},"end":{"line":150,"column":5}},"58":{"start":{"line":149,"column":6},"end":{"line":149,"column":40}},"59":{"start":{"line":152,"column":4},"end":{"line":152,"column":27}},"60":{"start":{"line":156,"column":4},"end":{"line":158,"column":5}},"61":{"start":{"line":157,"column":6},"end":{"line":157,"column":40}},"62":{"start":{"line":160,"column":17},"end":{"line":160,"column":50}},"63":{"start":{"line":160,"column":38},"end":{"line":160,"column":49}},"64":{"start":{"line":161,"column":4},"end":{"line":163,"column":5}},"65":{"start":{"line":162,"column":6},"end":{"line":162,"column":40}},"66":{"start":{"line":165,"column":4},"end":{"line":165,"column":29}},"67":{"start":{"line":170,"column":26},"end":{"line":170,"column":56}},"68":{"start":{"line":172,"column":4},"end":{"line":174,"column":7}},"69":{"start":{"line":173,"column":6},"end":{"line":173,"column":67}},"70":{"start":{"line":178,"column":4},"end":{"line":186,"column":7}},"71":{"start":{"line":180,"column":6},"end":{"line":180,"column":45}},"72":{"start":{"line":180,"column":36},"end":{"line":180,"column":45}},"73":{"start":{"line":181,"column":6},"end":{"line":181,"column":31}},"74":{"start":{"line":181,"column":22},"end":{"line":181,"column":31}},"75":{"start":{"line":182,"column":6},"end":{"line":182,"column":32}},"76":{"start":{"line":182,"column":22},"end":{"line":182,"column":32}},"77":{"start":{"line":185,"column":6},"end":{"line":185,"column":55}},"78":{"start":{"line":190,"column":4},"end":{"line":190,"column":65}},"79":{"start":{"line":190,"column":37},"end":{"line":190,"column":63}},"80":{"start":{"line":194,"column":23},"end":{"line":194,"column":40}},"81":{"start":{"line":195,"column":4},"end":{"line":199,"column":7}},"82":{"start":{"line":196,"column":6},"end":{"line":198,"column":7}},"83":{"start":{"line":197,"column":8},"end":{"line":197,"column":38}},"84":{"start":{"line":200,"column":4},"end":{"line":200,"column":34}},"85":{"start":{"line":204,"column":17},"end":{"line":204,"column":50}},"86":{"start":{"line":204,"column":38},"end":{"line":204,"column":49}},"87":{"start":{"line":205,"column":4},"end":{"line":207,"column":5}},"88":{"start":{"line":206,"column":6},"end":{"line":206,"column":19}},"89":{"start":{"line":209,"column":16},"end":{"line":209,"column":26}},"90":{"start":{"line":210,"column":4},"end":{"line":210,"column":30}},"91":{"start":{"line":215,"column":4},"end":{"line":217,"column":5}},"92":{"start":{"line":216,"column":6},"end":{"line":216,"column":65}},"93":{"start":{"line":220,"column":4},"end":{"line":222,"column":5}},"94":{"start":{"line":221,"column":6},"end":{"line":221,"column":29}},"95":{"start":{"line":224,"column":23},"end":{"line":224,"column":42}},"96":{"start":{"line":225,"column":4},"end":{"line":234,"column":7}},"97":{"start":{"line":227,"column":25},"end":{"line":227,"column":70}},"98":{"start":{"line":230,"column":28},"end":{"line":231,"column":64}},"99":{"start":{"line":233,"column":6},"end":{"line":233,"column":41}},"100":{"start":{"line":239,"column":4},"end":{"line":242,"column":7}},"101":{"start":{"line":246,"column":4},"end":{"line":248,"column":5}},"102":{"start":{"line":247,"column":6},"end":{"line":247,"column":65}},"103":{"start":{"line":251,"column":4},"end":{"line":255,"column":5}},"104":{"start":{"line":252,"column":6},"end":{"line":252,"column":30}},"105":{"start":{"line":254,"column":6},"end":{"line":254,"column":45}},"106":{"start":{"line":258,"column":4},"end":{"line":260,"column":5}},"107":{"start":{"line":259,"column":6},"end":{"line":259,"column":50}},"108":{"start":{"line":262,"column":21},"end":{"line":262,"column":35}},"109":{"start":{"line":265,"column":4},"end":{"line":267,"column":5}},"110":{"start":{"line":266,"column":6},"end":{"line":266,"column":36}},"111":{"start":{"line":270,"column":4},"end":{"line":282,"column":7}},"112":{"start":{"line":272,"column":6},"end":{"line":274,"column":7}},"113":{"start":{"line":273,"column":8},"end":{"line":273,"column":52}},"114":{"start":{"line":276,"column":6},"end":{"line":281,"column":8}},"115":{"start":{"line":284,"column":4},"end":{"line":284,"column":20}},"116":{"start":{"line":27,"column":0},"end":{"line":27,"column":13}}},"fnMap":{"0":{"name":"(anonymous_0)","decl":{"start":{"line":4,"column":0},"end":{"line":4,"column":12}},"loc":{"start":{"line":4,"column":20},"end":{"line":8,"column":1}}},"1":{"name":"(anonymous_1)","decl":{"start":{"line":31,"column":2},"end":{"line":31,"column":null}},"loc":{"start":{"line":31,"column":2},"end":{"line":34,"column":3}}},"2":{"name":"(anonymous_2)","decl":{"start":{"line":37,"column":2},"end":{"line":37,"column":9}},"loc":{"start":{"line":37,"column":46},"end":{"line":59,"column":3}}},"3":{"name":"(anonymous_3)","decl":{"start":{"line":61,"column":2},"end":{"line":61,"column":14}},"loc":{"start":{"line":61,"column":25},"end":{"line":76,"column":3}}},"4":{"name":"(anonymous_4)","decl":{"start":{"line":66,"column":33},"end":{"line":66,"column":34}},"loc":{"start":{"line":66,"column":38},"end":{"line":66,"column":49}}},"5":{"name":"(anonymous_5)","decl":{"start":{"line":78,"column":2},"end":{"line":78,"column":16}},"loc":{"start":{"line":78,"column":27},"end":{"line":90,"column":3}}},"6":{"name":"(anonymous_6)","decl":{"start":{"line":83,"column":33},"end":{"line":83,"column":34}},"loc":{"start":{"line":83,"column":38},"end":{"line":83,"column":49}}},"7":{"name":"(anonymous_7)","decl":{"start":{"line":92,"column":2},"end":{"line":92,"column":12}},"loc":{"start":{"line":92,"column":23},"end":{"line":103,"column":3}}},"8":{"name":"(anonymous_8)","decl":{"start":{"line":97,"column":43},"end":{"line":97,"column":44}},"loc":{"start":{"line":97,"column":48},"end":{"line":97,"column":59}}},"9":{"name":"(anonymous_9)","decl":{"start":{"line":105,"column":2},"end":{"line":105,"column":10}},"loc":{"start":{"line":105,"column":10},"end":{"line":108,"column":3}}},"10":{"name":"(anonymous_10)","decl":{"start":{"line":110,"column":2},"end":{"line":110,"column":20}},"loc":{"start":{"line":110,"column":20},"end":{"line":112,"column":3}}},"11":{"name":"(anonymous_11)","decl":{"start":{"line":111,"column":29},"end":{"line":111,"column":33}},"loc":{"start":{"line":111,"column":37},"end":{"line":111,"column":52}}},"12":{"name":"(anonymous_12)","decl":{"start":{"line":114,"column":2},"end":{"line":114,"column":19}},"loc":{"start":{"line":114,"column":19},"end":{"line":116,"column":3}}},"13":{"name":"(anonymous_13)","decl":{"start":{"line":115,"column":29},"end":{"line":115,"column":33}},"loc":{"start":{"line":115,"column":37},"end":{"line":115,"column":51}}},"14":{"name":"(anonymous_14)","decl":{"start":{"line":119,"column":2},"end":{"line":119,"column":20}},"loc":{"start":{"line":119,"column":51},"end":{"line":135,"column":3}}},"15":{"name":"(anonymous_15)","decl":{"start":{"line":129,"column":33},"end":{"line":129,"column":34}},"loc":{"start":{"line":129,"column":38},"end":{"line":129,"column":49}}},"16":{"name":"(anonymous_16)","decl":{"start":{"line":137,"column":2},"end":{"line":137,"column":19}},"loc":{"start":{"line":137,"column":52},"end":{"line":153,"column":3}}},"17":{"name":"(anonymous_17)","decl":{"start":{"line":147,"column":33},"end":{"line":147,"column":34}},"loc":{"start":{"line":147,"column":38},"end":{"line":147,"column":49}}},"18":{"name":"(anonymous_18)","decl":{"start":{"line":155,"column":2},"end":{"line":155,"column":20}},"loc":{"start":{"line":155,"column":49},"end":{"line":166,"column":3}}},"19":{"name":"(anonymous_19)","decl":{"start":{"line":160,"column":33},"end":{"line":160,"column":34}},"loc":{"start":{"line":160,"column":38},"end":{"line":160,"column":49}}},"20":{"name":"(anonymous_20)","decl":{"start":{"line":168,"column":2},"end":{"line":168,"column":20}},"loc":{"start":{"line":168,"column":20},"end":{"line":175,"column":3}}},"21":{"name":"(anonymous_21)","decl":{"start":{"line":172,"column":32},"end":{"line":172,"column":33}},"loc":{"start":{"line":172,"column":41},"end":{"line":174,"column":5}}},"22":{"name":"(anonymous_22)","decl":{"start":{"line":177,"column":2},"end":{"line":177,"column":19}},"loc":{"start":{"line":177,"column":19},"end":{"line":187,"column":3}}},"23":{"name":"(anonymous_23)","decl":{"start":{"line":178,"column":32},"end":{"line":178,"column":33}},"loc":{"start":{"line":178,"column":41},"end":{"line":186,"column":5}}},"24":{"name":"(anonymous_24)","decl":{"start":{"line":189,"column":2},"end":{"line":189,"column":20}},"loc":{"start":{"line":189,"column":37},"end":{"line":191,"column":3}}},"25":{"name":"(anonymous_25)","decl":{"start":{"line":190,"column":29},"end":{"line":190,"column":33}},"loc":{"start":{"line":190,"column":37},"end":{"line":190,"column":63}}},"26":{"name":"(anonymous_26)","decl":{"start":{"line":193,"column":2},"end":{"line":193,"column":15}},"loc":{"start":{"line":193,"column":15},"end":{"line":201,"column":3}}},"27":{"name":"(anonymous_27)","decl":{"start":{"line":195,"column":23},"end":{"line":195,"column":27}},"loc":{"start":{"line":195,"column":30},"end":{"line":199,"column":5}}},"28":{"name":"(anonymous_28)","decl":{"start":{"line":203,"column":2},"end":{"line":203,"column":15}},"loc":{"start":{"line":203,"column":26},"end":{"line":211,"column":3}}},"29":{"name":"(anonymous_29)","decl":{"start":{"line":204,"column":33},"end":{"line":204,"column":34}},"loc":{"start":{"line":204,"column":38},"end":{"line":204,"column":49}}},"30":{"name":"(anonymous_30)","decl":{"start":{"line":214,"column":2},"end":{"line":214,"column":13}},"loc":{"start":{"line":214,"column":27},"end":{"line":235,"column":3}}},"31":{"name":"(anonymous_31)","decl":{"start":{"line":225,"column":29},"end":{"line":225,"column":33}},"loc":{"start":{"line":225,"column":36},"end":{"line":234,"column":5}}},"32":{"name":"(anonymous_32)","decl":{"start":{"line":238,"column":2},"end":{"line":238,"column":8}},"loc":{"start":{"line":238,"column":8},"end":{"line":243,"column":3}}},"33":{"name":"(anonymous_33)","decl":{"start":{"line":245,"column":2},"end":{"line":245,"column":8}},"loc":{"start":{"line":245,"column":30},"end":{"line":285,"column":3}}},"34":{"name":"(anonymous_34)","decl":{"start":{"line":270,"column":36},"end":{"line":270,"column":37}},"loc":{"start":{"line":270,"column":50},"end":{"line":282,"column":5}}}},"branchMap":{"0":{"loc":{"start":{"line":4,"column":12},"end":{"line":4,"column":null}},"type":"binary-expr","locations":[{"start":{"line":4,"column":12},"end":{"line":4,"column":20}},{"start":{"line":4,"column":20},"end":{"line":4,"column":null}}]},"1":{"loc":{"start":{"line":41,"column":4},"end":{"line":43,"column":5}},"type":"if","locations":[{"start":{"line":41,"column":4},"end":{"line":43,"column":5}}]},"2":{"loc":{"start":{"line":41,"column":8},"end":{"line":41,"column":37}},"type":"binary-expr","locations":[{"start":{"line":41,"column":8},"end":{"line":41,"column":14}},{"start":{"line":41,"column":18},"end":{"line":41,"column":37}}]},"3":{"loc":{"start":{"line":49,"column":16},"end":{"line":49,"column":52}},"type":"binary-expr","locations":[{"start":{"line":49,"column":16},"end":{"line":49,"column":33}},{"start":{"line":49,"column":37},"end":{"line":49,"column":52}}]},"4":{"loc":{"start":{"line":50,"column":16},"end":{"line":50,"column":41}},"type":"binary-expr","locations":[{"start":{"line":50,"column":16},"end":{"line":50,"column":33}},{"start":{"line":50,"column":37},"end":{"line":50,"column":41}}]},"5":{"loc":{"start":{"line":51,"column":15},"end":{"line":51,"column":39}},"type":"binary-expr","locations":[{"start":{"line":51,"column":15},"end":{"line":51,"column":31}},{"start":{"line":51,"column":35},"end":{"line":51,"column":39}}]},"6":{"loc":{"start":{"line":62,"column":4},"end":{"line":64,"column":5}},"type":"if","locations":[{"start":{"line":62,"column":4},"end":{"line":64,"column":5}}]},"7":{"loc":{"start":{"line":67,"column":4},"end":{"line":69,"column":5}},"type":"if","locations":[{"start":{"line":67,"column":4},"end":{"line":69,"column":5}}]},"8":{"loc":{"start":{"line":72,"column":4},"end":{"line":75,"column":5}},"type":"if","locations":[{"start":{"line":72,"column":4},"end":{"line":75,"column":5}}]},"9":{"loc":{"start":{"line":79,"column":4},"end":{"line":81,"column":5}},"type":"if","locations":[{"start":{"line":79,"column":4},"end":{"line":81,"column":5}}]},"10":{"loc":{"start":{"line":84,"column":4},"end":{"line":86,"column":5}},"type":"if","locations":[{"start":{"line":84,"column":4},"end":{"line":86,"column":5}}]},"11":{"loc":{"start":{"line":93,"column":4},"end":{"line":95,"column":5}},"type":"if","locations":[{"start":{"line":93,"column":4},"end":{"line":95,"column":5}}]},"12":{"loc":{"start":{"line":98,"column":4},"end":{"line":100,"column":5}},"type":"if","locations":[{"start":{"line":98,"column":4},"end":{"line":100,"column":5}}]},"13":{"loc":{"start":{"line":120,"column":4},"end":{"line":122,"column":5}},"type":"if","locations":[{"start":{"line":120,"column":4},"end":{"line":122,"column":5}}]},"14":{"loc":{"start":{"line":125,"column":4},"end":{"line":127,"column":5}},"type":"if","locations":[{"start":{"line":125,"column":4},"end":{"line":127,"column":5}}]},"15":{"loc":{"start":{"line":130,"column":4},"end":{"line":132,"column":5}},"type":"if","locations":[{"start":{"line":130,"column":4},"end":{"line":132,"column":5}}]},"16":{"loc":{"start":{"line":138,"column":4},"end":{"line":140,"column":5}},"type":"if","locations":[{"start":{"line":138,"column":4},"end":{"line":140,"column":5}}]},"17":{"loc":{"start":{"line":143,"column":4},"end":{"line":145,"column":5}},"type":"if","locations":[{"start":{"line":143,"column":4},"end":{"line":145,"column":5}}]},"18":{"loc":{"start":{"line":143,"column":8},"end":{"line":143,"column":43}},"type":"binary-expr","locations":[{"start":{"line":143,"column":8},"end":{"line":143,"column":15}},{"start":{"line":143,"column":19},"end":{"line":143,"column":43}}]},"19":{"loc":{"start":{"line":148,"column":4},"end":{"line":150,"column":5}},"type":"if","locations":[{"start":{"line":148,"column":4},"end":{"line":150,"column":5}}]},"20":{"loc":{"start":{"line":156,"column":4},"end":{"line":158,"column":5}},"type":"if","locations":[{"start":{"line":156,"column":4},"end":{"line":158,"column":5}}]},"21":{"loc":{"start":{"line":161,"column":4},"end":{"line":163,"column":5}},"type":"if","locations":[{"start":{"line":161,"column":4},"end":{"line":163,"column":5}}]},"22":{"loc":{"start":{"line":180,"column":6},"end":{"line":180,"column":45}},"type":"if","locations":[{"start":{"line":180,"column":6},"end":{"line":180,"column":45}}]},"23":{"loc":{"start":{"line":180,"column":10},"end":{"line":180,"column":34}},"type":"binary-expr","locations":[{"start":{"line":180,"column":10},"end":{"line":180,"column":20}},{"start":{"line":180,"column":24},"end":{"line":180,"column":34}}]},"24":{"loc":{"start":{"line":181,"column":6},"end":{"line":181,"column":31}},"type":"if","locations":[{"start":{"line":181,"column":6},"end":{"line":181,"column":31}}]},"25":{"loc":{"start":{"line":182,"column":6},"end":{"line":182,"column":32}},"type":"if","locations":[{"start":{"line":182,"column":6},"end":{"line":182,"column":32}}]},"26":{"loc":{"start":{"line":196,"column":6},"end":{"line":198,"column":7}},"type":"if","locations":[{"start":{"line":196,"column":6},"end":{"line":198,"column":7}}]},"27":{"loc":{"start":{"line":205,"column":4},"end":{"line":207,"column":5}},"type":"if","locations":[{"start":{"line":205,"column":4},"end":{"line":207,"column":5}}]},"28":{"loc":{"start":{"line":205,"column":8},"end":{"line":205,"column":30}},"type":"binary-expr","locations":[{"start":{"line":205,"column":8},"end":{"line":205,"column":13}},{"start":{"line":205,"column":17},"end":{"line":205,"column":30}}]},"29":{"loc":{"start":{"line":215,"column":4},"end":{"line":217,"column":5}},"type":"if","locations":[{"start":{"line":215,"column":4},"end":{"line":217,"column":5}}]},"30":{"loc":{"start":{"line":215,"column":8},"end":{"line":215,"column":45}},"type":"binary-expr","locations":[{"start":{"line":215,"column":8},"end":{"line":215,"column":22}},{"start":{"line":215,"column":26},"end":{"line":215,"column":45}}]},"31":{"loc":{"start":{"line":220,"column":4},"end":{"line":222,"column":5}},"type":"if","locations":[{"start":{"line":220,"column":4},"end":{"line":222,"column":5}}]},"32":{"loc":{"start":{"line":230,"column":28},"end":{"line":231,"column":64}},"type":"cond-expr","locations":[{"start":{"line":231,"column":8},"end":{"line":231,"column":56}},{"start":{"line":231,"column":59},"end":{"line":231,"column":64}}]},"33":{"loc":{"start":{"line":233,"column":13},"end":{"line":233,"column":40}},"type":"binary-expr","locations":[{"start":{"line":233,"column":13},"end":{"line":233,"column":23}},{"start":{"line":233,"column":27},"end":{"line":233,"column":40}}]},"34":{"loc":{"start":{"line":246,"column":4},"end":{"line":248,"column":5}},"type":"if","locations":[{"start":{"line":246,"column":4},"end":{"line":248,"column":5}}]},"35":{"loc":{"start":{"line":258,"column":4},"end":{"line":260,"column":5}},"type":"if","locations":[{"start":{"line":258,"column":4},"end":{"line":260,"column":5}}]},"36":{"loc":{"start":{"line":258,"column":8},"end":{"line":258,"column":71}},"type":"binary-expr","locations":[{"start":{"line":258,"column":8},"end":{"line":258,"column":13}},{"start":{"line":258,"column":17},"end":{"line":258,"column":41}},{"start":{"line":258,"column":45},"end":{"line":258,"column":71}}]},"37":{"loc":{"start":{"line":265,"column":4},"end":{"line":267,"column":5}},"type":"if","locations":[{"start":{"line":265,"column":4},"end":{"line":267,"column":5}}]},"38":{"loc":{"start":{"line":272,"column":6},"end":{"line":274,"column":7}},"type":"if","locations":[{"start":{"line":272,"column":6},"end":{"line":274,"column":7}}]},"39":{"loc":{"start":{"line":272,"column":10},"end":{"line":272,"column":65}},"type":"binary-expr","locations":[{"start":{"line":272,"column":10},"end":{"line":272,"column":18}},{"start":{"line":272,"column":22},"end":{"line":272,"column":33}},{"start":{"line":272,"column":37},"end":{"line":272,"column":65}}]},"40":{"loc":{"start":{"line":279,"column":21},"end":{"line":279,"column":73}},"type":"cond-expr","locations":[{"start":{"line":279,"column":40},"end":{"line":279,"column":66}},{"start":{"line":279,"column":69},"end":{"line":279,"column":73}}]},"41":{"loc":{"start":{"line":280,"column":17},"end":{"line":280,"column":61}},"type":"cond-expr","locations":[{"start":{"line":280,"column":32},"end":{"line":280,"column":54}},{"start":{"line":280,"column":57},"end":{"line":280,"column":61}}]}},"s":{"0":1,"1":1,"2":1,"3":1,"4":84,"5":84,"6":84,"7":1193,"8":1193,"9":4,"10":1189,"11":1189,"12":1189,"13":19,"14":2,"15":17,"16":22,"17":17,"18":1,"19":16,"20":15,"21":15,"22":1,"23":0,"24":1,"25":1,"26":1,"27":0,"28":1,"29":1,"30":9,"31":2,"32":7,"33":6,"34":7,"35":3,"36":4,"37":21,"38":4,"39":6,"40":4,"41":6,"42":3,"43":0,"44":3,"45":1,"46":2,"47":1,"48":2,"49":1,"50":1,"51":4,"52":0,"53":4,"54":1,"55":3,"56":2,"57":3,"58":1,"59":2,"60":2,"61":0,"62":2,"63":1,"64":2,"65":1,"66":1,"67":1,"68":1,"69":4,"70":2,"71":5,"72":0,"73":5,"74":1,"75":4,"76":0,"77":4,"78":2,"79":3,"80":2,"81":2,"82":5,"83":5,"84":2,"85":2,"86":2,"87":2,"88":0,"89":2,"90":2,"91":8,"92":2,"93":6,"94":1,"95":5,"96":5,"97":9,"98":9,"99":9,"100":5,"101":7,"102":1,"103":6,"104":6,"105":1,"106":5,"107":0,"108":5,"109":5,"110":4,"111":5,"112":104,"113":1,"114":103,"115":4,"116":1},"f":{"0":1,"1":84,"2":1193,"3":19,"4":22,"5":1,"6":1,"7":9,"8":6,"9":21,"10":4,"11":6,"12":4,"13":6,"14":3,"15":1,"16":4,"17":2,"18":2,"19":1,"20":1,"21":4,"22":2,"23":5,"24":2,"25":3,"26":2,"27":5,"28":2,"29":2,"30":8,"31":9,"32":5,"33":7,"34":104},"b":{"0":[1,1],"1":[4],"2":[1193,1190],"3":[1189,1078],"4":[1189,1075],"5":[1189,1180],"6":[2],"7":[1],"8":[15],"9":[0],"10":[0],"11":[2],"12":[3],"13":[0],"14":[1],"15":[1],"16":[0],"17":[1],"18":[4,3],"19":[1],"20":[0],"21":[1],"22":[0],"23":[5,1],"24":[1],"25":[0],"26":[5],"27":[0],"28":[2,2],"29":[2],"30":[8,7],"31":[1],"32":[2,7],"33":[9,5],"34":[1],"35":[0],"36":[5,5,5],"37":[4],"38":[1],"39":[104,103,103],"40":[2,101],"41":[1,102]}}
,"/Users/zhuzhu/eclipse-workspace/CS5500Exercise/source/lessons/lesson-02/src/ui.ts": {"path":"/Users/zhuzhu/eclipse-workspace/CS5500Exercise/source/lessons/lesson-02/src/ui.ts","statementMap":{"0":{"start":{"line":1,"column":0},"end":{"line":1,"column":35}},"1":{"start":{"line":2,"column":0},"end":{"line":2,"column":42}},"2":{"start":{"line":14,"column":4},"end":{"line":14,"column":39}},"3":{"start":{"line":15,"column":4},"end":{"line":15,"column":28}},"4":{"start":{"line":16,"column":4},"end":{"line":16,"column":28}},"5":{"start":{"line":17,"column":4},"end":{"line":17,"column":24}},"6":{"start":{"line":22,"column":4},"end":{"line":25,"column":7}},"7":{"start":{"line":28,"column":18},"end":{"line":44,"column":6}},"8":{"start":{"line":47,"column":23},"end":{"line":63,"column":6}},"9":{"start":{"line":66,"column":4},"end":{"line":77,"column":7}},"10":{"start":{"line":80,"column":4},"end":{"line":96,"column":7}},"11":{"start":{"line":99,"column":4},"end":{"line":115,"column":7}},"12":{"start":{"line":118,"column":25},"end":{"line":139,"column":6}},"13":{"start":{"line":142,"column":4},"end":{"line":142,"column":30}},"14":{"start":{"line":143,"column":4},"end":{"line":143,"column":35}},"15":{"start":{"line":144,"column":4},"end":{"line":144,"column":38}},"16":{"start":{"line":145,"column":4},"end":{"line":145,"column":39}},"17":{"start":{"line":146,"column":4},"end":{"line":146,"column":38}},"18":{"start":{"line":147,"column":4},"end":{"line":147,"column":37}},"19":{"start":{"line":149,"column":4},"end":{"line":149,"column":30}},"20":{"start":{"line":150,"column":4},"end":{"line":150,"column":25}},"21":{"start":{"line":155,"column":4},"end":{"line":157,"column":7}},"22":{"start":{"line":156,"column":6},"end":{"line":156,"column":35}},"23":{"start":{"line":160,"column":4},"end":{"line":163,"column":7}},"24":{"start":{"line":161,"column":6},"end":{"line":161,"column":28}},"25":{"start":{"line":162,"column":6},"end":{"line":162,"column":22}},"26":{"start":{"line":168,"column":4},"end":{"line":170,"column":5}},"27":{"start":{"line":169,"column":6},"end":{"line":169,"column":13}},"28":{"start":{"line":172,"column":4},"end":{"line":194,"column":5}},"29":{"start":{"line":174,"column":8},"end":{"line":174,"column":31}},"30":{"start":{"line":175,"column":8},"end":{"line":175,"column":14}},"31":{"start":{"line":178,"column":8},"end":{"line":178,"column":31}},"32":{"start":{"line":179,"column":8},"end":{"line":179,"column":14}},"33":{"start":{"line":182,"column":8},"end":{"line":182,"column":30}},"34":{"start":{"line":183,"column":8},"end":{"line":183,"column":14}},"35":{"start":{"line":186,"column":8},"end":{"line":186,"column":31}},"36":{"start":{"line":187,"column":8},"end":{"line":187,"column":14}},"37":{"start":{"line":190,"column":8},"end":{"line":192,"column":9}},"38":{"start":{"line":191,"column":10},"end":{"line":191,"column":35}},"39":{"start":{"line":193,"column":8},"end":{"line":193,"column":14}},"40":{"start":{"line":196,"column":4},"end":{"line":196,"column":25}},"41":{"start":{"line":201,"column":4},"end":{"line":201,"column":37}},"42":{"start":{"line":205,"column":4},"end":{"line":205,"column":32}},"43":{"start":{"line":209,"column":4},"end":{"line":209,"column":48}},"44":{"start":{"line":209,"column":35},"end":{"line":209,"column":48}},"45":{"start":{"line":211,"column":21},"end":{"line":211,"column":64}},"46":{"start":{"line":212,"column":4},"end":{"line":212,"column":32}},"47":{"start":{"line":212,"column":19},"end":{"line":212,"column":32}},"48":{"start":{"line":215,"column":4},"end":{"line":215,"column":39}},"49":{"start":{"line":215,"column":26},"end":{"line":215,"column":39}},"50":{"start":{"line":218,"column":4},"end":{"line":218,"column":53}},"51":{"start":{"line":218,"column":40},"end":{"line":218,"column":53}},"52":{"start":{"line":221,"column":4},"end":{"line":221,"column":39}},"53":{"start":{"line":221,"column":26},"end":{"line":221,"column":39}},"54":{"start":{"line":223,"column":4},"end":{"line":223,"column":16}},"55":{"start":{"line":228,"column":4},"end":{"line":230,"column":5}},"56":{"start":{"line":229,"column":6},"end":{"line":229,"column":24}},"57":{"start":{"line":232,"column":21},"end":{"line":232,"column":60}},"58":{"start":{"line":233,"column":4},"end":{"line":235,"column":5}},"59":{"start":{"line":234,"column":6},"end":{"line":234,"column":24}},"60":{"start":{"line":238,"column":4},"end":{"line":238,"column":39}},"61":{"start":{"line":238,"column":26},"end":{"line":238,"column":39}},"62":{"start":{"line":241,"column":4},"end":{"line":241,"column":53}},"63":{"start":{"line":241,"column":40},"end":{"line":241,"column":53}},"64":{"start":{"line":244,"column":4},"end":{"line":244,"column":39}},"65":{"start":{"line":244,"column":26},"end":{"line":244,"column":39}},"66":{"start":{"line":246,"column":4},"end":{"line":246,"column":16}},"67":{"start":{"line":250,"column":4},"end":{"line":267,"column":5}},"68":{"start":{"line":252,"column":26},"end":{"line":252,"column":62}},"69":{"start":{"line":253,"column":25},"end":{"line":253,"column":60}},"70":{"start":{"line":254,"column":24},"end":{"line":254,"column":53}},"71":{"start":{"line":256,"column":6},"end":{"line":259,"column":54}},"72":{"start":{"line":260,"column":6},"end":{"line":260,"column":46}},"73":{"start":{"line":262,"column":6},"end":{"line":265,"column":54}},"74":{"start":{"line":266,"column":6},"end":{"line":266,"column":28}},"75":{"start":{"line":271,"column":4},"end":{"line":276,"column":5}},"76":{"start":{"line":272,"column":6},"end":{"line":274,"column":54}},"77":{"start":{"line":275,"column":6},"end":{"line":275,"column":28}},"78":{"start":{"line":280,"column":4},"end":{"line":282,"column":5}},"79":{"start":{"line":281,"column":6},"end":{"line":281,"column":28}},"80":{"start":{"line":286,"column":4},"end":{"line":288,"column":5}},"81":{"start":{"line":287,"column":6},"end":{"line":287,"column":28}},"82":{"start":{"line":293,"column":22},"end":{"line":293,"column":40}},"83":{"start":{"line":294,"column":4},"end":{"line":299,"column":5}},"84":{"start":{"line":295,"column":6},"end":{"line":298,"column":47}},"85":{"start":{"line":301,"column":4},"end":{"line":301,"column":42}},"86":{"start":{"line":302,"column":4},"end":{"line":302,"column":25}},"87":{"start":{"line":307,"column":4},"end":{"line":309,"column":49}},"88":{"start":{"line":308,"column":23},"end":{"line":308,"column":39}},"89":{"start":{"line":309,"column":23},"end":{"line":309,"column":47}},"90":{"start":{"line":314,"column":4},"end":{"line":314,"column":57}},"91":{"start":{"line":318,"column":4},"end":{"line":321,"column":5}},"92":{"start":{"line":319,"column":6},"end":{"line":319,"column":26}},"93":{"start":{"line":320,"column":6},"end":{"line":320,"column":13}},"94":{"start":{"line":323,"column":19},"end":{"line":323,"column":52}},"95":{"start":{"line":324,"column":19},"end":{"line":324,"column":52}},"96":{"start":{"line":326,"column":4},"end":{"line":332,"column":5}},"97":{"start":{"line":327,"column":6},"end":{"line":327,"column":44}},"98":{"start":{"line":328,"column":6},"end":{"line":328,"column":57}},"99":{"start":{"line":330,"column":6},"end":{"line":330,"column":60}},"100":{"start":{"line":331,"column":6},"end":{"line":331,"column":42}},"101":{"start":{"line":334,"column":4},"end":{"line":334,"column":25}},"102":{"start":{"line":338,"column":4},"end":{"line":338,"column":42}},"103":{"start":{"line":339,"column":4},"end":{"line":339,"column":40}},"104":{"start":{"line":340,"column":4},"end":{"line":340,"column":25}},"105":{"start":{"line":344,"column":4},"end":{"line":344,"column":25}},"106":{"start":{"line":4,"column":0},"end":{"line":4,"column":13}}},"fnMap":{"0":{"name":"(anonymous_9)","decl":{"start":{"line":13,"column":2},"end":{"line":13,"column":null}},"loc":{"start":{"line":13,"column":2},"end":{"line":18,"column":3}}},"1":{"name":"(anonymous_10)","decl":{"start":{"line":20,"column":10},"end":{"line":20,"column":22}},"loc":{"start":{"line":20,"column":22},"end":{"line":151,"column":3}}},"2":{"name":"(anonymous_11)","decl":{"start":{"line":153,"column":10},"end":{"line":153,"column":28}},"loc":{"start":{"line":153,"column":28},"end":{"line":164,"column":3}}},"3":{"name":"(anonymous_12)","decl":{"start":{"line":155,"column":31},"end":{"line":155,"column":32}},"loc":{"start":{"line":155,"column":88},"end":{"line":157,"column":5}}},"4":{"name":"(anonymous_13)","decl":{"start":{"line":160,"column":44},"end":{"line":160,"column":47}},"loc":{"start":{"line":160,"column":49},"end":{"line":163,"column":5}}},"5":{"name":"(anonymous_14)","decl":{"start":{"line":166,"column":10},"end":{"line":166,"column":24}},"loc":{"start":{"line":166,"column":77},"end":{"line":197,"column":3}}},"6":{"name":"(anonymous_15)","decl":{"start":{"line":199,"column":10},"end":{"line":199,"column":26}},"loc":{"start":{"line":199,"column":37},"end":{"line":202,"column":3}}},"7":{"name":"(anonymous_16)","decl":{"start":{"line":204,"column":10},"end":{"line":204,"column":33}},"loc":{"start":{"line":204,"column":44},"end":{"line":206,"column":3}}},"8":{"name":"(anonymous_17)","decl":{"start":{"line":208,"column":10},"end":{"line":208,"column":26}},"loc":{"start":{"line":208,"column":37},"end":{"line":224,"column":3}}},"9":{"name":"(anonymous_18)","decl":{"start":{"line":226,"column":10},"end":{"line":226,"column":25}},"loc":{"start":{"line":226,"column":36},"end":{"line":247,"column":3}}},"10":{"name":"(anonymous_19)","decl":{"start":{"line":249,"column":10},"end":{"line":249,"column":25}},"loc":{"start":{"line":249,"column":36},"end":{"line":268,"column":3}}},"11":{"name":"(anonymous_20)","decl":{"start":{"line":270,"column":10},"end":{"line":270,"column":25}},"loc":{"start":{"line":270,"column":25},"end":{"line":277,"column":3}}},"12":{"name":"(anonymous_21)","decl":{"start":{"line":279,"column":10},"end":{"line":279,"column":24}},"loc":{"start":{"line":279,"column":24},"end":{"line":283,"column":3}}},"13":{"name":"(anonymous_22)","decl":{"start":{"line":285,"column":10},"end":{"line":285,"column":25}},"loc":{"start":{"line":285,"column":25},"end":{"line":289,"column":3}}},"14":{"name":"(anonymous_23)","decl":{"start":{"line":291,"column":10},"end":{"line":291,"column":23}},"loc":{"start":{"line":291,"column":23},"end":{"line":303,"column":3}}},"15":{"name":"(anonymous_24)","decl":{"start":{"line":305,"column":10},"end":{"line":305,"column":18}},"loc":{"start":{"line":305,"column":32},"end":{"line":310,"column":3}}},"16":{"name":"(anonymous_25)","decl":{"start":{"line":308,"column":14},"end":{"line":308,"column":19}},"loc":{"start":{"line":308,"column":23},"end":{"line":308,"column":39}}},"17":{"name":"(anonymous_26)","decl":{"start":{"line":309,"column":14},"end":{"line":309,"column":19}},"loc":{"start":{"line":309,"column":23},"end":{"line":309,"column":47}}},"18":{"name":"(anonymous_27)","decl":{"start":{"line":312,"column":10},"end":{"line":312,"column":22}},"loc":{"start":{"line":312,"column":36},"end":{"line":315,"column":3}}},"19":{"name":"(anonymous_28)","decl":{"start":{"line":317,"column":10},"end":{"line":317,"column":25}},"loc":{"start":{"line":317,"column":25},"end":{"line":335,"column":3}}},"20":{"name":"(anonymous_29)","decl":{"start":{"line":337,"column":10},"end":{"line":337,"column":22}},"loc":{"start":{"line":337,"column":22},"end":{"line":341,"column":3}}},"21":{"name":"(anonymous_30)","decl":{"start":{"line":343,"column":9},"end":{"line":343,"column":14}},"loc":{"start":{"line":343,"column":14},"end":{"line":345,"column":3}}}},"branchMap":{"0":{"loc":{"start":{"line":168,"column":4},"end":{"line":170,"column":5}},"type":"if","locations":[{"start":{"line":168,"column":4},"end":{"line":170,"column":5}}]},"1":{"loc":{"start":{"line":168,"column":8},"end":{"line":168,"column":45}},"type":"binary-expr","locations":[{"start":{"line":168,"column":8},"end":{"line":168,"column":16}},{"start":{"line":168,"column":20},"end":{"line":168,"column":45}}]},"2":{"loc":{"start":{"line":172,"column":4},"end":{"line":194,"column":5}},"type":"switch","locations":[{"start":{"line":173,"column":6},"end":{"line":175,"column":14}},{"start":{"line":177,"column":6},"end":{"line":179,"column":14}},{"start":{"line":181,"column":6},"end":{"line":183,"column":14}},{"start":{"line":185,"column":6},"end":{"line":187,"column":14}},{"start":{"line":189,"column":6},"end":{"line":193,"column":14}}]},"3":{"loc":{"start":{"line":190,"column":8},"end":{"line":192,"column":9}},"type":"if","locations":[{"start":{"line":190,"column":8},"end":{"line":192,"column":9}}]},"4":{"loc":{"start":{"line":190,"column":12},"end":{"line":190,"column":43}},"type":"binary-expr","locations":[{"start":{"line":190,"column":12},"end":{"line":190,"column":14}},{"start":{"line":190,"column":18},"end":{"line":190,"column":43}}]},"5":{"loc":{"start":{"line":209,"column":4},"end":{"line":209,"column":48}},"type":"if","locations":[{"start":{"line":209,"column":4},"end":{"line":209,"column":48}}]},"6":{"loc":{"start":{"line":212,"column":4},"end":{"line":212,"column":32}},"type":"if","locations":[{"start":{"line":212,"column":4},"end":{"line":212,"column":32}}]},"7":{"loc":{"start":{"line":215,"column":4},"end":{"line":215,"column":39}},"type":"if","locations":[{"start":{"line":215,"column":4},"end":{"line":215,"column":39}}]},"8":{"loc":{"start":{"line":218,"column":4},"end":{"line":218,"column":53}},"type":"if","locations":[{"start":{"line":218,"column":4},"end":{"line":218,"column":53}}]},"9":{"loc":{"start":{"line":218,"column":8},"end":{"line":218,"column":38}},"type":"binary-expr","locations":[{"start":{"line":218,"column":8},"end":{"line":218,"column":18}},{"start":{"line":218,"column":22},"end":{"line":218,"column":38}}]},"10":{"loc":{"start":{"line":221,"column":4},"end":{"line":221,"column":39}},"type":"if","locations":[{"start":{"line":221,"column":4},"end":{"line":221,"column":39}}]},"11":{"loc":{"start":{"line":228,"column":4},"end":{"line":230,"column":5}},"type":"if","locations":[{"start":{"line":228,"column":4},"end":{"line":230,"column":5}}]},"12":{"loc":{"start":{"line":233,"column":4},"end":{"line":235,"column":5}},"type":"if","locations":[{"start":{"line":233,"column":4},"end":{"line":235,"column":5}}]},"13":{"loc":{"start":{"line":238,"column":4},"end":{"line":238,"column":39}},"type":"if","locations":[{"start":{"line":238,"column":4},"end":{"line":238,"column":39}}]},"14":{"loc":{"start":{"line":241,"column":4},"end":{"line":241,"column":53}},"type":"if","locations":[{"start":{"line":241,"column":4},"end":{"line":241,"column":53}}]},"15":{"loc":{"start":{"line":241,"column":8},"end":{"line":241,"column":38}},"type":"binary-expr","locations":[{"start":{"line":241,"column":8},"end":{"line":241,"column":18}},{"start":{"line":241,"column":22},"end":{"line":241,"column":38}}]},"16":{"loc":{"start":{"line":244,"column":4},"end":{"line":244,"column":39}},"type":"if","locations":[{"start":{"line":244,"column":4},"end":{"line":244,"column":39}}]},"17":{"loc":{"start":{"line":250,"column":4},"end":{"line":267,"column":5}},"type":"if","locations":[{"start":{"line":250,"column":4},"end":{"line":267,"column":5}},{"start":{"line":261,"column":11},"end":{"line":267,"column":5}}]},"18":{"loc":{"start":{"line":252,"column":26},"end":{"line":252,"column":62}},"type":"cond-expr","locations":[{"start":{"line":252,"column":54},"end":{"line":252,"column":57}},{"start":{"line":252,"column":60},"end":{"line":252,"column":62}}]},"19":{"loc":{"start":{"line":253,"column":25},"end":{"line":253,"column":60}},"type":"cond-expr","locations":[{"start":{"line":253,"column":52},"end":{"line":253,"column":55}},{"start":{"line":253,"column":58},"end":{"line":253,"column":60}}]},"20":{"loc":{"start":{"line":271,"column":4},"end":{"line":276,"column":5}},"type":"if","locations":[{"start":{"line":271,"column":4},"end":{"line":276,"column":5}}]},"21":{"loc":{"start":{"line":280,"column":4},"end":{"line":282,"column":5}},"type":"if","locations":[{"start":{"line":280,"column":4},"end":{"line":282,"column":5}}]},"22":{"loc":{"start":{"line":286,"column":4},"end":{"line":288,"column":5}},"type":"if","locations":[{"start":{"line":286,"column":4},"end":{"line":288,"column":5}}]},"23":{"loc":{"start":{"line":294,"column":4},"end":{"line":299,"column":5}},"type":"if","locations":[{"start":{"line":294,"column":4},"end":{"line":299,"column":5}}]},"24":{"loc":{"start":{"line":318,"column":4},"end":{"line":321,"column":5}},"type":"if","locations":[{"start":{"line":318,"column":4},"end":{"line":321,"column":5}}]},"25":{"loc":{"start":{"line":326,"column":4},"end":{"line":332,"column":5}},"type":"if","locations":[{"start":{"line":326,"column":4},"end":{"line":332,"column":5}},{"start":{"line":329,"column":11},"end":{"line":332,"column":5}}]}},"s":{"0":0,"1":0,"2":0,"3":0,"4":0,"5":0,"6":0,"7":0,"8":0,"9":0,"10":0,"11":0,"12":0,"13":0,"14":0,"15":0,"16":0,"17":0,"18":0,"19":0,"20":0,"21":0,"22":0,"23":0,"24":0,"25":0,"26":0,"27":0,"28":0,"29":0,"30":0,"31":0,"32":0,"33":0,"34":0,"35":0,"36":0,"37":0,"38":0,"39":0,"40":0,"41":0,"42":0,"43":0,"44":0,"45":0,"46":0,"47":0,"48":0,"49":0,"50":0,"51":0,"52":0,"53":0,"54":0,"55":0,"56":0,"57":0,"58":0,"59":0,"60":0,"61":0,"62":0,"63":0,"64":0,"65":0,"66":0,"67":0,"68":0,"69":0,"70":0,"71":0,"72":0,"73":0,"74":0,"75":0,"76":0,"77":0,"78":0,"79":0,"80":0,"81":0,"82":0,"83":0,"84":0,"85":0,"86":0,"87":0,"88":0,"89":0,"90":0,"91":0,"92":0,"93":0,"94":0,"95":0,"96":0,"97":0,"98":0,"99":0,"100":0,"101":0,"102":0,"103":0,"104":0,"105":0,"106":0},"f":{"0":0,"1":0,"2":0,"3":0,"4":0,"5":0,"6":0,"7":0,"8":0,"9":0,"10":0,"11":0,"12":0,"13":0,"14":0,"15":0,"16":0,"17":0,"18":0,"19":0,"20":0,"21":0},"b":{"0":[0],"1":[0,0],"2":[0,0,0,0,0],"3":[0],"4":[0,0],"5":[0],"6":[0],"7":[0],"8":[0],"9":[0,0],"10":[0],"11":[0],"12":[0],"13":[0],"14":[0],"15":[0,0],"16":[0],"17":[0,0],"18":[0,0],"19":[0,0],"20":[0],"21":[0],"22":[0],"23":[0],"24":[0],"25":[0,0]}}
}
