TN:
SF:src/blessed_todo.ts
FN:22,(anonymous_9)
FN:31,(anonymous_10)
FN:45,(anonymous_11)
FN:53,(anonymous_12)
FN:90,(anonymous_13)
FN:249,(anonymous_14)
FN:250,(anonymous_15)
FN:253,(anonymous_16)
FN:268,(anonymous_17)
FN:284,(anonymous_18)
FN:286,(anonymous_19)
FN:291,(anonymous_20)
FN:297,(anonymous_21)
FN:303,(anonymous_22)
FN:310,(anonymous_23)
FN:314,(anonymous_24)
FN:318,(anonymous_25)
FN:323,(anonymous_26)
FN:327,(anonymous_27)
FN:331,(anonymous_28)
FN:336,(anonymous_29)
FN:341,(anonymous_30)
FN:346,(anonymous_31)
FN:355,(anonymous_32)
FN:370,(anonymous_33)
FN:385,(anonymous_34)
FN:400,(anonymous_35)
FN:418,(anonymous_36)
FN:431,(anonymous_37)
FN:448,(anonymous_38)
FN:473,(anonymous_39)
FN:493,(anonymous_40)
FN:512,(anonymous_41)
FN:541,(anonymous_42)
FN:553,(anonymous_43)
FN:568,(anonymous_44)
FN:579,(anonymous_45)
FN:601,(anonymous_46)
FN:607,(anonymous_47)
FN:623,(anonymous_48)
FN:626,(anonymous_49)
FN:635,(anonymous_50)
FN:646,(anonymous_51)
FN:654,(anonymous_52)
FN:663,(anonymous_53)
FN:668,(anonymous_54)
FN:675,(anonymous_55)
FN:680,(anonymous_56)
FN:686,(anonymous_57)
FN:695,(anonymous_58)
FNF:50
FNH:0
FNDA:0,(anonymous_9)
FNDA:0,(anonymous_10)
FNDA:0,(anonymous_11)
FNDA:0,(anonymous_12)
FNDA:0,(anonymous_13)
FNDA:0,(anonymous_14)
FNDA:0,(anonymous_15)
FNDA:0,(anonymous_16)
FNDA:0,(anonymous_17)
FNDA:0,(anonymous_18)
FNDA:0,(anonymous_19)
FNDA:0,(anonymous_20)
FNDA:0,(anonymous_21)
FNDA:0,(anonymous_22)
FNDA:0,(anonymous_23)
FNDA:0,(anonymous_24)
FNDA:0,(anonymous_25)
FNDA:0,(anonymous_26)
FNDA:0,(anonymous_27)
FNDA:0,(anonymous_28)
FNDA:0,(anonymous_29)
FNDA:0,(anonymous_30)
FNDA:0,(anonymous_31)
FNDA:0,(anonymous_32)
FNDA:0,(anonymous_33)
FNDA:0,(anonymous_34)
FNDA:0,(anonymous_35)
FNDA:0,(anonymous_36)
FNDA:0,(anonymous_37)
FNDA:0,(anonymous_38)
FNDA:0,(anonymous_39)
FNDA:0,(anonymous_40)
FNDA:0,(anonymous_41)
FNDA:0,(anonymous_42)
FNDA:0,(anonymous_43)
FNDA:0,(anonymous_44)
FNDA:0,(anonymous_45)
FNDA:0,(anonymous_46)
FNDA:0,(anonymous_47)
FNDA:0,(anonymous_48)
FNDA:0,(anonymous_49)
FNDA:0,(anonymous_50)
FNDA:0,(anonymous_51)
FNDA:0,(anonymous_52)
FNDA:0,(anonymous_53)
FNDA:0,(anonymous_54)
FNDA:0,(anonymous_55)
FNDA:0,(anonymous_56)
FNDA:0,(anonymous_57)
FNDA:0,(anonymous_58)
DA:1,0
DA:2,0
DA:3,0
DA:4,0
DA:8,0
DA:17,0
DA:19,0
DA:23,0
DA:24,0
DA:26,0
DA:27,0
DA:28,0
DA:32,0
DA:33,0
DA:34,0
DA:35,0
DA:36,0
DA:37,0
DA:38,0
DA:39,0
DA:41,0
DA:46,0
DA:54,0
DA:91,0
DA:112,0
DA:123,0
DA:142,0
DA:153,0
DA:179,0
DA:190,0
DA:209,0
DA:229,0
DA:249,0
DA:250,0
DA:254,0
DA:269,0
DA:286,0
DA:287,0
DA:288,0
DA:291,0
DA:292,0
DA:293,0
DA:297,0
DA:298,0
DA:299,0
DA:303,0
DA:304,0
DA:305,0
DA:310,0
DA:311,0
DA:314,0
DA:315,0
DA:318,0
DA:319,0
DA:323,0
DA:324,0
DA:327,0
DA:328,0
DA:331,0
DA:332,0
DA:333,0
DA:336,0
DA:337,0
DA:341,0
DA:342,0
DA:343,0
DA:346,0
DA:347,0
DA:348,0
DA:352,0
DA:356,0
DA:357,0
DA:359,0
DA:361,0
DA:362,0
DA:364,0
DA:365,0
DA:367,0
DA:370,0
DA:371,0
DA:374,0
DA:375,0
DA:379,0
DA:381,0
DA:386,0
DA:387,0
DA:388,0
DA:389,0
DA:390,0
DA:392,0
DA:393,0
DA:394,0
DA:397,0
DA:401,0
DA:402,0
DA:405,0
DA:406,0
DA:407,0
DA:410,0
DA:411,0
DA:414,0
DA:415,0
DA:419,0
DA:422,0
DA:423,0
DA:425,0
DA:426,0
DA:427,0
DA:428,0
DA:432,0
DA:434,0
DA:435,0
DA:436,0
DA:440,0
DA:441,0
DA:443,0
DA:444,0
DA:449,0
DA:450,0
DA:451,0
DA:452,0
DA:453,0
DA:456,0
DA:457,0
DA:458,0
DA:460,0
DA:461,0
DA:463,0
DA:464,0
DA:465,0
DA:466,0
DA:467,0
DA:469,0
DA:474,0
DA:475,0
DA:476,0
DA:478,0
DA:479,0
DA:480,0
DA:481,0
DA:482,0
DA:483,0
DA:485,0
DA:486,0
DA:489,0
DA:494,0
DA:495,0
DA:496,0
DA:498,0
DA:499,0
DA:500,0
DA:501,0
DA:502,0
DA:503,0
DA:504,0
DA:508,0
DA:513,0
DA:514,0
DA:516,0
DA:517,0
DA:518,0
DA:519,0
DA:521,0
DA:541,0
DA:542,0
DA:543,0
DA:544,0
DA:547,0
DA:548,0
DA:554,0
DA:565,0
DA:569,0
DA:570,0
DA:571,0
DA:572,0
DA:573,0
DA:574,0
DA:576,0
DA:580,0
DA:601,0
DA:602,0
DA:603,0
DA:604,0
DA:607,0
DA:608,0
DA:609,0
DA:611,0
DA:612,0
DA:614,0
DA:616,0
DA:619,0
DA:620,0
DA:624,0
DA:625,0
DA:626,0
DA:627,0
DA:628,0
DA:629,0
DA:631,0
DA:636,0
DA:638,0
DA:640,0
DA:642,0
DA:647,0
DA:648,0
DA:650,0
DA:651,0
DA:655,0
DA:656,0
DA:658,0
DA:659,0
DA:660,0
DA:663,0
DA:664,0
DA:669,0
DA:670,0
DA:671,0
DA:672,0
DA:675,0
DA:676,0
DA:681,0
DA:682,0
DA:683,0
DA:687,0
DA:688,0
DA:691,0
DA:692,0
DA:696,0
DA:697,0
DA:699,0
LF:230
LH:0
BRDA:23,0,0,0
BRDA:292,1,0,0
BRDA:298,2,0,0
BRDA:304,3,0,0
BRDA:359,4,0,0
BRDA:359,4,1,0
BRDA:359,4,2,0
BRDA:386,5,0,0
BRDA:386,5,1,0
BRDA:387,6,0,0
BRDA:387,6,1,0
BRDA:388,7,0,0
BRDA:388,7,1,0
BRDA:389,8,0,0
BRDA:389,8,1,0
BRDA:390,9,0,0
BRDA:390,9,1,0
BRDA:390,10,0,0
BRDA:390,10,1,0
BRDA:390,10,2,0
BRDA:393,11,0,0
BRDA:435,12,0,0
BRDA:451,13,0,0
BRDA:456,14,0,0
BRDA:456,14,1,0
BRDA:458,15,0,0
BRDA:458,15,1,0
BRDA:461,16,0,0
BRDA:461,16,1,0
BRDA:469,17,0,0
BRDA:469,17,1,0
BRDA:475,18,0,0
BRDA:475,18,1,0
BRDA:478,19,0,0
BRDA:478,20,0,0
BRDA:478,20,1,0
BRDA:480,21,0,0
BRDA:480,21,1,0
BRDA:480,22,0,0
BRDA:480,22,1,0
BRDA:482,23,0,0
BRDA:489,24,0,0
BRDA:489,24,1,0
BRDA:495,25,0,0
BRDA:495,25,1,0
BRDA:498,26,0,0
BRDA:498,27,0,0
BRDA:498,27,1,0
BRDA:500,28,0,0
BRDA:508,29,0,0
BRDA:508,29,1,0
BRDA:513,30,0,0
BRDA:513,30,1,0
BRDA:516,31,0,0
BRDA:516,32,0,0
BRDA:516,32,1,0
BRDA:518,33,0,0
BRDA:556,34,0,0
BRDA:556,34,1,0
BRDA:558,35,0,0
BRDA:558,35,1,0
BRDA:560,36,0,0
BRDA:560,36,1,0
BRDA:561,37,0,0
BRDA:561,37,1,0
BRDA:573,38,0,0
BRDA:611,39,0,0
BRDA:611,39,1,0
BRDA:631,40,0,0
BRDA:631,40,1,0
BRDA:636,41,0,0
BRDA:636,41,1,0
BRDA:636,41,2,0
BRDA:647,42,0,0
BRDA:655,43,0,0
BRF:75
BRH:0
end_of_record
TN:
SF:src/calculator.ts
FN:10,(anonymous_0)
FN:20,(anonymous_1)
FN:44,(anonymous_2)
FN:67,(anonymous_3)
FN:94,(anonymous_4)
FN:155,(anonymous_5)
FNF:6
FNH:6
FNDA:30,(anonymous_0)
FNDA:30,(anonymous_1)
FNDA:38,(anonymous_2)
FNDA:58,(anonymous_3)
FNDA:83,(anonymous_4)
FNDA:63,(anonymous_5)
DA:6,1
DA:11,30
DA:12,30
DA:21,30
DA:22,30
DA:24,30
DA:25,30
DA:26,1
DA:29,29
DA:31,24
DA:32,1
DA:35,23
DA:37,5
DA:45,38
DA:47,34
DA:48,29
DA:50,29
DA:51,16
DA:52,16
DA:53,13
DA:54,4
DA:55,4
DA:57,9
DA:61,33
DA:68,58
DA:70,54
DA:71,44
DA:73,44
DA:74,10
DA:75,10
DA:76,34
DA:77,5
DA:78,5
DA:79,5
DA:80,1
DA:82,4
DA:84,29
DA:88,53
DA:95,83
DA:96,0
DA:99,83
DA:100,83
DA:101,1
DA:105,82
DA:106,8
DA:107,8
DA:111,74
DA:112,2
DA:113,2
DA:117,72
DA:118,9
DA:119,9
DA:121,9
DA:122,1
DA:125,8
DA:126,8
DA:132,63
DA:135,0
DA:136,0
DA:137,0
DA:139,0
DA:144,63
DA:145,61
DA:146,61
DA:149,2
DA:156,63
LF:66
LH:61
BRDA:25,0,0,1
BRDA:31,1,0,1
BRDA:32,2,0,1
BRDA:32,2,1,0
BRDA:37,3,0,5
BRDA:37,3,1,0
BRDA:50,4,0,16
BRDA:50,4,1,13
BRDA:53,5,0,4
BRDA:53,5,1,9
BRDA:73,6,0,10
BRDA:73,6,1,34
BRDA:76,7,0,5
BRDA:76,7,1,29
BRDA:79,8,0,1
BRDA:95,9,0,0
BRDA:100,10,0,1
BRDA:105,11,0,8
BRDA:111,12,0,2
BRDA:117,13,0,9
BRDA:121,14,0,1
BRDA:121,15,0,9
BRDA:121,15,1,8
BRDA:132,16,0,0
BRDA:132,17,0,63
BRDA:132,17,1,63
BRDA:136,18,0,0
BRDA:136,18,1,0
BRDA:144,19,0,61
BRDA:149,20,0,2
BRDA:149,20,1,0
BRDA:156,21,0,63
BRDA:156,21,1,61
BRF:33
BRH:26
end_of_record
TN:
SF:src/todo.ts
FN:4,(anonymous_0)
FN:31,(anonymous_1)
FN:37,(anonymous_2)
FN:61,(anonymous_3)
FN:66,(anonymous_4)
FN:78,(anonymous_5)
FN:83,(anonymous_6)
FN:92,(anonymous_7)
FN:97,(anonymous_8)
FN:105,(anonymous_9)
FN:110,(anonymous_10)
FN:111,(anonymous_11)
FN:114,(anonymous_12)
FN:115,(anonymous_13)
FN:119,(anonymous_14)
FN:129,(anonymous_15)
FN:137,(anonymous_16)
FN:147,(anonymous_17)
FN:155,(anonymous_18)
FN:160,(anonymous_19)
FN:168,(anonymous_20)
FN:172,(anonymous_21)
FN:177,(anonymous_22)
FN:178,(anonymous_23)
FN:189,(anonymous_24)
FN:190,(anonymous_25)
FN:193,(anonymous_26)
FN:195,(anonymous_27)
FN:203,(anonymous_28)
FN:204,(anonymous_29)
FN:214,(anonymous_30)
FN:225,(anonymous_31)
FN:238,(anonymous_32)
FN:245,(anonymous_33)
FN:270,(anonymous_34)
FNF:35
FNH:35
FNDA:1,(anonymous_0)
FNDA:84,(anonymous_1)
FNDA:1193,(anonymous_2)
FNDA:19,(anonymous_3)
FNDA:22,(anonymous_4)
FNDA:1,(anonymous_5)
FNDA:1,(anonymous_6)
FNDA:9,(anonymous_7)
FNDA:6,(anonymous_8)
FNDA:21,(anonymous_9)
FNDA:4,(anonymous_10)
FNDA:6,(anonymous_11)
FNDA:4,(anonymous_12)
FNDA:6,(anonymous_13)
FNDA:3,(anonymous_14)
FNDA:1,(anonymous_15)
FNDA:4,(anonymous_16)
FNDA:2,(anonymous_17)
FNDA:2,(anonymous_18)
FNDA:1,(anonymous_19)
FNDA:1,(anonymous_20)
FNDA:4,(anonymous_21)
FNDA:2,(anonymous_22)
FNDA:5,(anonymous_23)
FNDA:2,(anonymous_24)
FNDA:3,(anonymous_25)
FNDA:2,(anonymous_26)
FNDA:5,(anonymous_27)
FNDA:2,(anonymous_28)
FNDA:2,(anonymous_29)
FNDA:8,(anonymous_30)
FNDA:9,(anonymous_31)
FNDA:5,(anonymous_32)
FNDA:7,(anonymous_33)
FNDA:104,(anonymous_34)
DA:4,1
DA:5,1
DA:6,1
DA:7,1
DA:27,1
DA:28,84
DA:29,84
DA:33,84
DA:38,1193
DA:41,1193
DA:42,4
DA:45,1189
DA:57,1189
DA:58,1189
DA:62,19
DA:63,2
DA:66,22
DA:67,17
DA:68,1
DA:72,16
DA:73,15
DA:74,15
DA:79,1
DA:80,0
DA:83,1
DA:84,1
DA:85,0
DA:88,1
DA:89,1
DA:93,9
DA:94,2
DA:97,7
DA:98,7
DA:99,3
DA:102,4
DA:107,21
DA:111,6
DA:115,6
DA:120,3
DA:121,0
DA:125,3
DA:126,1
DA:129,2
DA:130,2
DA:131,1
DA:134,1
DA:138,4
DA:139,0
DA:143,4
DA:144,1
DA:147,3
DA:148,3
DA:149,1
DA:152,2
DA:156,2
DA:157,0
DA:160,2
DA:161,2
DA:162,1
DA:165,1
DA:170,1
DA:172,1
DA:173,4
DA:178,2
DA:180,5
DA:181,5
DA:182,4
DA:185,4
DA:190,3
DA:194,2
DA:195,2
DA:196,5
DA:197,5
DA:200,2
DA:204,2
DA:205,2
DA:206,0
DA:209,2
DA:210,2
DA:215,8
DA:216,2
DA:220,6
DA:221,1
DA:224,5
DA:225,5
DA:227,9
DA:230,9
DA:233,9
DA:239,5
DA:246,7
DA:247,1
DA:251,6
DA:252,6
DA:254,1
DA:258,5
DA:259,0
DA:262,5
DA:265,5
DA:266,4
DA:270,5
DA:272,104
DA:273,1
DA:276,103
DA:284,4
LF:104
LH:97
BRDA:4,0,0,1
BRDA:4,0,1,1
BRDA:41,1,0,4
BRDA:41,2,0,1193
BRDA:41,2,1,1190
BRDA:49,3,0,1189
BRDA:49,3,1,1078
BRDA:50,4,0,1189
BRDA:50,4,1,1075
BRDA:51,5,0,1189
BRDA:51,5,1,1180
BRDA:62,6,0,2
BRDA:67,7,0,1
BRDA:72,8,0,15
BRDA:79,9,0,0
BRDA:84,10,0,0
BRDA:93,11,0,2
BRDA:98,12,0,3
BRDA:120,13,0,0
BRDA:125,14,0,1
BRDA:130,15,0,1
BRDA:138,16,0,0
BRDA:143,17,0,1
BRDA:143,18,0,4
BRDA:143,18,1,3
BRDA:148,19,0,1
BRDA:156,20,0,0
BRDA:161,21,0,1
BRDA:180,22,0,0
BRDA:180,23,0,5
BRDA:180,23,1,1
BRDA:181,24,0,1
BRDA:182,25,0,0
BRDA:196,26,0,5
BRDA:205,27,0,0
BRDA:205,28,0,2
BRDA:205,28,1,2
BRDA:215,29,0,2
BRDA:215,30,0,8
BRDA:215,30,1,7
BRDA:220,31,0,1
BRDA:230,32,0,2
BRDA:230,32,1,7
BRDA:233,33,0,9
BRDA:233,33,1,5
BRDA:246,34,0,1
BRDA:258,35,0,0
BRDA:258,36,0,5
BRDA:258,36,1,5
BRDA:258,36,2,5
BRDA:265,37,0,4
BRDA:272,38,0,1
BRDA:272,39,0,104
BRDA:272,39,1,103
BRDA:272,39,2,103
BRDA:279,40,0,2
BRDA:279,40,1,101
BRDA:280,41,0,1
BRDA:280,41,1,102
BRF:59
BRH:50
end_of_record
TN:
SF:src/ui.ts
FN:13,(anonymous_9)
FN:20,(anonymous_10)
FN:153,(anonymous_11)
FN:155,(anonymous_12)
FN:160,(anonymous_13)
FN:166,(anonymous_14)
FN:199,(anonymous_15)
FN:204,(anonymous_16)
FN:208,(anonymous_17)
FN:226,(anonymous_18)
FN:249,(anonymous_19)
FN:270,(anonymous_20)
FN:279,(anonymous_21)
FN:285,(anonymous_22)
FN:291,(anonymous_23)
FN:305,(anonymous_24)
FN:308,(anonymous_25)
FN:309,(anonymous_26)
FN:312,(anonymous_27)
FN:317,(anonymous_28)
FN:337,(anonymous_29)
FN:343,(anonymous_30)
FNF:22
FNH:0
FNDA:0,(anonymous_9)
FNDA:0,(anonymous_10)
FNDA:0,(anonymous_11)
FNDA:0,(anonymous_12)
FNDA:0,(anonymous_13)
FNDA:0,(anonymous_14)
FNDA:0,(anonymous_15)
FNDA:0,(anonymous_16)
FNDA:0,(anonymous_17)
FNDA:0,(anonymous_18)
FNDA:0,(anonymous_19)
FNDA:0,(anonymous_20)
FNDA:0,(anonymous_21)
FNDA:0,(anonymous_22)
FNDA:0,(anonymous_23)
FNDA:0,(anonymous_24)
FNDA:0,(anonymous_25)
FNDA:0,(anonymous_26)
FNDA:0,(anonymous_27)
FNDA:0,(anonymous_28)
FNDA:0,(anonymous_29)
FNDA:0,(anonymous_30)
DA:1,0
DA:2,0
DA:4,0
DA:14,0
DA:15,0
DA:16,0
DA:17,0
DA:22,0
DA:28,0
DA:47,0
DA:66,0
DA:80,0
DA:99,0
DA:118,0
DA:142,0
DA:143,0
DA:144,0
DA:145,0
DA:146,0
DA:147,0
DA:149,0
DA:150,0
DA:155,0
DA:156,0
DA:160,0
DA:161,0
DA:162,0
DA:168,0
DA:169,0
DA:172,0
DA:174,0
DA:175,0
DA:178,0
DA:179,0
DA:182,0
DA:183,0
DA:186,0
DA:187,0
DA:190,0
DA:191,0
DA:193,0
DA:196,0
DA:201,0
DA:205,0
DA:209,0
DA:211,0
DA:212,0
DA:215,0
DA:218,0
DA:221,0
DA:223,0
DA:228,0
DA:229,0
DA:232,0
DA:233,0
DA:234,0
DA:238,0
DA:241,0
DA:244,0
DA:246,0
DA:250,0
DA:252,0
DA:253,0
DA:254,0
DA:256,0
DA:260,0
DA:262,0
DA:266,0
DA:271,0
DA:272,0
DA:275,0
DA:280,0
DA:281,0
DA:286,0
DA:287,0
DA:293,0
DA:294,0
DA:295,0
DA:301,0
DA:302,0
DA:307,0
DA:308,0
DA:309,0
DA:314,0
DA:318,0
DA:319,0
DA:320,0
DA:323,0
DA:324,0
DA:326,0
DA:327,0
DA:328,0
DA:330,0
DA:331,0
DA:334,0
DA:338,0
DA:339,0
DA:340,0
DA:344,0
LF:99
LH:0
BRDA:168,0,0,0
BRDA:168,1,0,0
BRDA:168,1,1,0
BRDA:172,2,0,0
BRDA:172,2,1,0
BRDA:172,2,2,0
BRDA:172,2,3,0
BRDA:172,2,4,0
BRDA:190,3,0,0
BRDA:190,4,0,0
BRDA:190,4,1,0
BRDA:209,5,0,0
BRDA:212,6,0,0
BRDA:215,7,0,0
BRDA:218,8,0,0
BRDA:218,9,0,0
BRDA:218,9,1,0
BRDA:221,10,0,0
BRDA:228,11,0,0
BRDA:233,12,0,0
BRDA:238,13,0,0
BRDA:241,14,0,0
BRDA:241,15,0,0
BRDA:241,15,1,0
BRDA:244,16,0,0
BRDA:250,17,0,0
BRDA:250,17,1,0
BRDA:252,18,0,0
BRDA:252,18,1,0
BRDA:253,19,0,0
BRDA:253,19,1,0
BRDA:271,20,0,0
BRDA:280,21,0,0
BRDA:286,22,0,0
BRDA:294,23,0,0
BRDA:318,24,0,0
BRDA:326,25,0,0
BRDA:326,25,1,0
BRF:38
BRH:0
end_of_record
